[0.041s] Invoking command in '/root/ros2_ws/build/realsense2_camera': AMENT_PREFIX_PATH=/root/ros2_ws/install/realsense2_camera_msgs:${AMENT_PREFIX_PATH} CMAKE_PREFIX_PATH=/root/ros2_ws/install/realsense2_camera_msgs:/root/ros2_ws/install/sllidar_ros2:/opt/ros/humble LD_LIBRARY_PATH=/root/ros2_ws/install/realsense2_camera_msgs/lib:${LD_LIBRARY_PATH} PYTHONPATH=/root/ros2_ws/install/realsense2_camera_msgs/local/lib/python3.10/dist-packages:${PYTHONPATH} /usr/bin/cmake /root/ros2_ws/src/realsense-ros/realsense2_camera -DCMAKE_INSTALL_PREFIX=/root/ros2_ws/install/realsense2_camera
[0.185s] -- The C compiler identification is GNU 11.4.0
[0.309s] -- The CXX compiler identification is GNU 11.4.0
[0.321s] -- Detecting C compiler ABI info
[0.487s] -- Detecting C compiler ABI info - done
[0.499s] -- Check for working C compiler: /usr/bin/cc - skipped
[0.499s] -- Detecting C compile features
[0.501s] -- Detecting C compile features - done
[0.504s] -- Detecting CXX compiler ABI info
[0.684s] -- Detecting CXX compiler ABI info - done
[0.696s] -- Check for working CXX compiler: /usr/bin/c++ - skipped
[0.697s] -- Detecting CXX compile features
[0.697s] -- Detecting CXX compile features - done
[0.698s] -- Create Release Build.
[0.701s] -- Found ament_cmake: 1.3.12 (/opt/ros/humble/share/ament_cmake/cmake)
[1.000s] -- Found Python3: /usr/bin/python3 (found version "3.10.12") found components: Interpreter 
[1.184s] -- Found builtin_interfaces: 1.2.2 (/opt/ros/humble/share/builtin_interfaces/cmake)
[1.234s] -- Found rosidl_generator_c: 3.1.7 (/opt/ros/humble/share/rosidl_generator_c/cmake)
[1.243s] -- Found rosidl_adapter: 3.1.7 (/opt/ros/humble/share/rosidl_adapter/cmake)
[1.257s] -- Found rosidl_generator_cpp: 3.1.7 (/opt/ros/humble/share/rosidl_generator_cpp/cmake)
[1.285s] -- Using all available rosidl_typesupport_c: rosidl_typesupport_fastrtps_c;rosidl_typesupport_introspection_c
[1.313s] -- Using all available rosidl_typesupport_cpp: rosidl_typesupport_fastrtps_cpp;rosidl_typesupport_introspection_cpp
[1.338s] -- Found cv_bridge: 3.2.1 (/opt/ros/humble/share/cv_bridge/cmake)
[1.440s] -- Found image_transport: 3.1.12 (/opt/ros/humble/share/image_transport/cmake)
[1.523s] -- Found rmw_implementation_cmake: 6.1.2 (/opt/ros/humble/share/rmw_implementation_cmake/cmake)
[1.528s] -- Found rmw_fastrtps_cpp: 6.2.8 (/opt/ros/humble/share/rmw_fastrtps_cpp/cmake)
[1.727s] -- Found OpenSSL: /usr/lib/aarch64-linux-gnu/libcrypto.so (found version "3.0.2")  
[1.781s] -- Found FastRTPS: /opt/ros/humble/include  
[1.846s] -- Using RMW implementation 'rmw_fastrtps_cpp' as default
[1.865s] -- Looking for pthread.h
[2.018s] -- Looking for pthread.h - found
[2.018s] -- Performing Test CMAKE_HAVE_LIBC_PTHREAD
[2.171s] -- Performing Test CMAKE_HAVE_LIBC_PTHREAD - Success
[2.175s] -- Found Threads: TRUE  
[2.295s] -- Found rclcpp_action: 16.0.14 (/opt/ros/humble/share/rclcpp_action/cmake)
[2.347s] -- Found rclcpp_components: 16.0.14 (/opt/ros/humble/share/rclcpp_components/cmake)
[2.382s] -- Found realsense2_camera_msgs: 4.55.1 (/root/ros2_ws/install/realsense2_camera_msgs/share/realsense2_camera_msgs/cmake)
[2.417s] -- Found std_srvs: 4.9.0 (/opt/ros/humble/share/std_srvs/cmake)
[2.432s] -- Found nav_msgs: 4.9.0 (/opt/ros/humble/share/nav_msgs/cmake)
[2.702s] -- Found tf2_ros: 0.25.15 (/opt/ros/humble/share/tf2_ros/cmake)
[2.909s] -- Found diagnostic_updater: 4.0.6 (/opt/ros/humble/share/diagnostic_updater/cmake)
[2.943s] -- Found OpenCV: /usr (found version "4.5.4") found components: core 
[2.946s] -- Build for ROS2 Humble
[2.952s] -- Found ament_cmake_gtest: 1.3.12 (/opt/ros/humble/share/ament_cmake_gtest/cmake)
[2.976s] -- Found gtest sources under '/opt/ros/humble/src/gtest_vendor': C++ tests using 'Google Test' will be built
[3.004s] -- Found ament_cmake_pytest: 1.3.12 (/opt/ros/humble/share/ament_cmake_pytest/cmake)
[10.302s] -- rs_device_info:
[10.302s] --  14/08 08:13:20,153 ERROR [281473001600096] (context.cpp:40) No valid configuration file found at : /root/.realsense-config.json loading defaults
[10.303s] Device Name                   Serial Number       Firmware Version
[10.303s] Intel RealSense D435I         327122073290        5.13.0.55
[10.303s] 
[10.303s] -- D455 device found
[15.504s] -- Configuring done
[15.566s] -- Generating done
[15.581s] -- Build files have been written to: /root/ros2_ws/build/realsense2_camera
[15.609s] Invoked command in '/root/ros2_ws/build/realsense2_camera' returned '0': AMENT_PREFIX_PATH=/root/ros2_ws/install/realsense2_camera_msgs:${AMENT_PREFIX_PATH} CMAKE_PREFIX_PATH=/root/ros2_ws/install/realsense2_camera_msgs:/root/ros2_ws/install/sllidar_ros2:/opt/ros/humble LD_LIBRARY_PATH=/root/ros2_ws/install/realsense2_camera_msgs/lib:${LD_LIBRARY_PATH} PYTHONPATH=/root/ros2_ws/install/realsense2_camera_msgs/local/lib/python3.10/dist-packages:${PYTHONPATH} /usr/bin/cmake /root/ros2_ws/src/realsense-ros/realsense2_camera -DCMAKE_INSTALL_PREFIX=/root/ros2_ws/install/realsense2_camera
[15.611s] Invoking command in '/root/ros2_ws/build/realsense2_camera': AMENT_PREFIX_PATH=/root/ros2_ws/install/realsense2_camera_msgs:${AMENT_PREFIX_PATH} CMAKE_PREFIX_PATH=/root/ros2_ws/install/realsense2_camera_msgs:/root/ros2_ws/install/sllidar_ros2:/opt/ros/humble LD_LIBRARY_PATH=/root/ros2_ws/install/realsense2_camera_msgs/lib:${LD_LIBRARY_PATH} PYTHONPATH=/root/ros2_ws/install/realsense2_camera_msgs/local/lib/python3.10/dist-packages:${PYTHONPATH} /usr/bin/cmake --build /root/ros2_ws/build/realsense2_camera -- -j4 -l4
[15.734s] [  8%] [32mBuilding CXX object gtest/CMakeFiles/gtest.dir/src/gtest-all.cc.o[0m
[15.735s] [  8%] [32mBuilding CXX object CMakeFiles/realsense2_camera_node.dir/rclcpp_components/node_main_realsense2_camera_node.cpp.o[0m
[15.735s] [ 12%] [32mBuilding CXX object CMakeFiles/realsense2_camera.dir/src/realsense_node_factory.cpp.o[0m
[15.738s] [ 16%] [32mBuilding CXX object gtest/CMakeFiles/gtest_main.dir/src/gtest_main.cc.o[0m
[17.739s] [ 20%] [32m[1mLinking CXX static library libgtest_main.a[0m
[17.842s] [ 20%] Built target gtest_main
[17.870s] [ 24%] [32mBuilding CXX object CMakeFiles/realsense2_camera.dir/src/base_realsense_node.cpp.o[0m
[26.615s] [ 28%] [32m[1mLinking CXX executable realsense2_camera_node[0m
[26.979s] [ 28%] Built target realsense2_camera_node
[27.007s] [ 32%] [32mBuilding CXX object CMakeFiles/realsense2_camera.dir/src/parameters.cpp.o[0m
[41.644s] [ 36%] [32m[1mLinking CXX static library libgtest.a[0m
[41.974s] [ 36%] Built target gtest
[57.070s] [ 40%] [32mBuilding CXX object CMakeFiles/realsense2_camera.dir/src/ros_sensor.cpp.o[0m
[75.204s] [ 44%] [32mBuilding CXX object CMakeFiles/realsense2_camera.dir/src/ros_utils.cpp.o[0m
[83.490s] [ 48%] [32mBuilding CXX object CMakeFiles/realsense2_camera.dir/src/dynamic_params.cpp.o[0m
[95.063s] [ 52%] [32mBuilding CXX object CMakeFiles/realsense2_camera.dir/src/sensor_params.cpp.o[0m
[101.092s] [ 56%] [32mBuilding CXX object CMakeFiles/realsense2_camera.dir/src/named_filter.cpp.o[0m
[102.115s] [ 60%] [32mBuilding CXX object CMakeFiles/realsense2_camera.dir/src/rs_node_setup.cpp.o[0m
[106.404s] [ 64%] [32mBuilding CXX object CMakeFiles/realsense2_camera.dir/src/pointcloud_filter.cpp.o[0m
[112.407s] [ 68%] [32mBuilding CXX object CMakeFiles/realsense2_camera.dir/src/align_depth_filter.cpp.o[0m
[122.680s] [ 72%] [32mBuilding CXX object CMakeFiles/realsense2_camera.dir/src/profile_manager.cpp.o[0m
[123.283s] [ 76%] [32mBuilding CXX object CMakeFiles/realsense2_camera.dir/src/image_publisher.cpp.o[0m
[135.304s] [ 80%] [32mBuilding CXX object CMakeFiles/realsense2_camera.dir/src/tfs.cpp.o[0m
[140.263s] [ 84%] [32mBuilding CXX object CMakeFiles/realsense2_camera.dir/src/actions.cpp.o[0m
[144.851s] [ 88%] [32mBuilding CXX object CMakeFiles/realsense2_camera.dir/src/ros_param_backend.cpp.o[0m
[156.481s] [ 92%] [32m[1mLinking CXX shared library librealsense2_camera.so[0m
[158.913s] [ 92%] Built target realsense2_camera
[158.958s] [ 96%] [32mBuilding CXX object CMakeFiles/gtest_template.dir/test/gtest_template.cpp.o[0m
[160.295s] [100%] [32m[1mLinking CXX executable gtest_template[0m
[160.488s] [100%] Built target gtest_template
[160.513s] Invoked command in '/root/ros2_ws/build/realsense2_camera' returned '0': AMENT_PREFIX_PATH=/root/ros2_ws/install/realsense2_camera_msgs:${AMENT_PREFIX_PATH} CMAKE_PREFIX_PATH=/root/ros2_ws/install/realsense2_camera_msgs:/root/ros2_ws/install/sllidar_ros2:/opt/ros/humble LD_LIBRARY_PATH=/root/ros2_ws/install/realsense2_camera_msgs/lib:${LD_LIBRARY_PATH} PYTHONPATH=/root/ros2_ws/install/realsense2_camera_msgs/local/lib/python3.10/dist-packages:${PYTHONPATH} /usr/bin/cmake --build /root/ros2_ws/build/realsense2_camera -- -j4 -l4
[160.514s] Invoking command in '/root/ros2_ws/build/realsense2_camera': AMENT_PREFIX_PATH=/root/ros2_ws/install/realsense2_camera_msgs:${AMENT_PREFIX_PATH} CMAKE_PREFIX_PATH=/root/ros2_ws/install/realsense2_camera_msgs:/root/ros2_ws/install/sllidar_ros2:/opt/ros/humble LD_LIBRARY_PATH=/root/ros2_ws/install/realsense2_camera_msgs/lib:${LD_LIBRARY_PATH} PYTHONPATH=/root/ros2_ws/install/realsense2_camera_msgs/local/lib/python3.10/dist-packages:${PYTHONPATH} /usr/bin/cmake --install /root/ros2_ws/build/realsense2_camera
[160.530s] -- Install configuration: "Release"
[160.533s] -- Installing: /root/ros2_ws/install/realsense2_camera/share/realsense2_camera/config/global_settings.yaml
[160.533s] -- Installing: /root/ros2_ws/install/realsense2_camera/lib/realsense2_camera/realsense2_camera_node
[160.535s] -- Set runtime path of "/root/ros2_ws/install/realsense2_camera/lib/realsense2_camera/realsense2_camera_node" to ""
[160.535s] -- Installing: /root/ros2_ws/install/realsense2_camera/lib/librealsense2_camera.so
[160.542s] -- Set runtime path of "/root/ros2_ws/install/realsense2_camera/lib/librealsense2_camera.so" to ""
[160.543s] -- Installing: /root/ros2_ws/install/realsense2_camera/include
[160.543s] -- Installing: /root/ros2_ws/install/realsense2_camera/include/align_depth_filter.h
[160.543s] -- Installing: /root/ros2_ws/install/realsense2_camera/include/ros_sensor.h
[160.543s] -- Installing: /root/ros2_ws/install/realsense2_camera/include/dynamic_params.h
[160.543s] -- Installing: /root/ros2_ws/install/realsense2_camera/include/profile_manager.h
[160.544s] -- Installing: /root/ros2_ws/install/realsense2_camera/include/base_realsense_node.h
[160.544s] -- Installing: /root/ros2_ws/install/realsense2_camera/include/image_publisher.h
[160.544s] -- Installing: /root/ros2_ws/install/realsense2_camera/include/ros_param_backend.h
[160.544s] -- Installing: /root/ros2_ws/install/realsense2_camera/include/ros_node_base.h
[160.544s] -- Installing: /root/ros2_ws/install/realsense2_camera/include/pointcloud_filter.h
[160.545s] -- Installing: /root/ros2_ws/install/realsense2_camera/include/sensor_params.h
[160.545s] -- Installing: /root/ros2_ws/install/realsense2_camera/include/ros_utils.h
[160.545s] -- Installing: /root/ros2_ws/install/realsense2_camera/include/named_filter.h
[160.545s] -- Installing: /root/ros2_ws/install/realsense2_camera/include/realsense_node_factory.h
[160.545s] -- Installing: /root/ros2_ws/install/realsense2_camera/include/gl_window.h
[160.546s] -- Installing: /root/ros2_ws/install/realsense2_camera/include/constants.h
[160.546s] -- Installing: /root/ros2_ws/install/realsense2_camera/share/realsense2_camera/launch
[160.547s] -- Installing: /root/ros2_ws/install/realsense2_camera/share/realsense2_camera/launch/rs_multi_camera_launch.py
[160.547s] -- Installing: /root/ros2_ws/install/realsense2_camera/share/realsense2_camera/launch/default.rviz
[160.547s] -- Installing: /root/ros2_ws/install/realsense2_camera/share/realsense2_camera/launch/rs_intra_process_demo_launch.py
[160.547s] -- Installing: /root/ros2_ws/install/realsense2_camera/share/realsense2_camera/launch/rs_multi_camera_launch_sync.py
[160.547s] -- Installing: /root/ros2_ws/install/realsense2_camera/share/realsense2_camera/launch/rs_launch.py
[160.548s] -- Installing: /root/ros2_ws/install/realsense2_camera/share/realsense2_camera/examples
[160.551s] -- Installing: /root/ros2_ws/install/realsense2_camera/share/realsense2_camera/examples/align_depth
[160.552s] -- Installing: /root/ros2_ws/install/realsense2_camera/share/realsense2_camera/examples/align_depth/README.md
[160.552s] -- Installing: /root/ros2_ws/install/realsense2_camera/share/realsense2_camera/examples/align_depth/rs_align_depth_launch.py
[160.553s] -- Installing: /root/ros2_ws/install/realsense2_camera/share/realsense2_camera/examples/pointcloud
[160.553s] -- Installing: /root/ros2_ws/install/realsense2_camera/share/realsense2_camera/examples/pointcloud/rviz
[160.554s] -- Installing: /root/ros2_ws/install/realsense2_camera/share/realsense2_camera/examples/pointcloud/rviz/pointcloud.rviz
[160.554s] -- Installing: /root/ros2_ws/install/realsense2_camera/share/realsense2_camera/examples/pointcloud/rviz/urdf_pointcloud.rviz
[160.555s] -- Installing: /root/ros2_ws/install/realsense2_camera/share/realsense2_camera/examples/pointcloud/README.md
[160.555s] -- Installing: /root/ros2_ws/install/realsense2_camera/share/realsense2_camera/examples/pointcloud/rs_pointcloud_launch.py
[160.556s] -- Installing: /root/ros2_ws/install/realsense2_camera/share/realsense2_camera/examples/pointcloud/rs_d405_pointcloud_launch.py
[160.557s] -- Installing: /root/ros2_ws/install/realsense2_camera/share/realsense2_camera/examples/pointcloud/rs_pointcloud_infra_launch.py
[160.558s] -- Installing: /root/ros2_ws/install/realsense2_camera/share/realsense2_camera/examples/pointcloud/rs_d455_pointcloud_launch.py
[160.558s] -- Installing: /root/ros2_ws/install/realsense2_camera/share/realsense2_camera/examples/d500_tables
[160.559s] -- Installing: /root/ros2_ws/install/realsense2_camera/share/realsense2_camera/examples/d500_tables/calib_config_example.json
[160.559s] -- Installing: /root/ros2_ws/install/realsense2_camera/share/realsense2_camera/examples/launch_params_from_file
[160.560s] -- Installing: /root/ros2_ws/install/realsense2_camera/share/realsense2_camera/examples/launch_params_from_file/README.md
[160.560s] -- Installing: /root/ros2_ws/install/realsense2_camera/share/realsense2_camera/examples/launch_params_from_file/config
[160.561s] -- Installing: /root/ros2_ws/install/realsense2_camera/share/realsense2_camera/examples/launch_params_from_file/config/config.yaml
[160.561s] -- Installing: /root/ros2_ws/install/realsense2_camera/share/realsense2_camera/examples/launch_params_from_file/rs_launch_get_params_from_yaml.py
[160.562s] -- Installing: /root/ros2_ws/install/realsense2_camera/share/realsense2_camera/examples/launch_from_rosbag
[160.562s] -- Installing: /root/ros2_ws/install/realsense2_camera/share/realsense2_camera/examples/launch_from_rosbag/rs_launch_from_rosbag.py
[160.563s] -- Installing: /root/ros2_ws/install/realsense2_camera/share/realsense2_camera/examples/launch_from_rosbag/README.md
[160.563s] -- Installing: /root/ros2_ws/install/realsense2_camera/share/realsense2_camera/examples/dual_camera
[160.564s] -- Installing: /root/ros2_ws/install/realsense2_camera/share/realsense2_camera/examples/dual_camera/rviz
[160.564s] -- Installing: /root/ros2_ws/install/realsense2_camera/share/realsense2_camera/examples/dual_camera/rviz/dual_camera_pointcloud.rviz
[160.566s] -- Installing: /root/ros2_ws/install/realsense2_camera/share/realsense2_camera/examples/dual_camera/README.md
[160.567s] -- Installing: /root/ros2_ws/install/realsense2_camera/share/realsense2_camera/examples/dual_camera/rs_dual_camera_launch.py
[160.571s] -- Installing: /root/ros2_ws/install/realsense2_camera/share/realsense2_camera/environment/library_path.sh
[160.573s] -- Installing: /root/ros2_ws/install/realsense2_camera/share/realsense2_camera/environment/library_path.dsv
[160.574s] -- Installing: /root/ros2_ws/install/realsense2_camera/share/ament_index/resource_index/package_run_dependencies/realsense2_camera
[160.575s] -- Installing: /root/ros2_ws/install/realsense2_camera/share/ament_index/resource_index/parent_prefix_path/realsense2_camera
[160.575s] -- Installing: /root/ros2_ws/install/realsense2_camera/share/realsense2_camera/environment/ament_prefix_path.sh
[160.578s] -- Installing: /root/ros2_ws/install/realsense2_camera/share/realsense2_camera/environment/ament_prefix_path.dsv
[160.579s] -- Installing: /root/ros2_ws/install/realsense2_camera/share/realsense2_camera/environment/path.sh
[160.579s] -- Installing: /root/ros2_ws/install/realsense2_camera/share/realsense2_camera/environment/path.dsv
[160.580s] -- Installing: /root/ros2_ws/install/realsense2_camera/share/realsense2_camera/local_setup.bash
[160.580s] -- Installing: /root/ros2_ws/install/realsense2_camera/share/realsense2_camera/local_setup.sh
[160.581s] -- Installing: /root/ros2_ws/install/realsense2_camera/share/realsense2_camera/local_setup.zsh
[160.581s] -- Installing: /root/ros2_ws/install/realsense2_camera/share/realsense2_camera/local_setup.dsv
[160.582s] -- Installing: /root/ros2_ws/install/realsense2_camera/share/realsense2_camera/package.dsv
[160.582s] -- Installing: /root/ros2_ws/install/realsense2_camera/share/ament_index/resource_index/packages/realsense2_camera
[160.583s] -- Installing: /root/ros2_ws/install/realsense2_camera/share/ament_index/resource_index/rclcpp_components/realsense2_camera
[160.583s] -- Installing: /root/ros2_ws/install/realsense2_camera/share/realsense2_camera/cmake/ament_cmake_export_include_directories-extras.cmake
[160.583s] -- Installing: /root/ros2_ws/install/realsense2_camera/share/realsense2_camera/cmake/ament_cmake_export_libraries-extras.cmake
[160.583s] -- Installing: /root/ros2_ws/install/realsense2_camera/share/realsense2_camera/cmake/ament_cmake_export_dependencies-extras.cmake
[160.584s] -- Installing: /root/ros2_ws/install/realsense2_camera/share/realsense2_camera/cmake/realsense2_cameraConfig.cmake
[160.584s] -- Installing: /root/ros2_ws/install/realsense2_camera/share/realsense2_camera/cmake/realsense2_cameraConfig-version.cmake
[160.584s] -- Installing: /root/ros2_ws/install/realsense2_camera/share/realsense2_camera/package.xml
[160.588s] Invoked command in '/root/ros2_ws/build/realsense2_camera' returned '0': AMENT_PREFIX_PATH=/root/ros2_ws/install/realsense2_camera_msgs:${AMENT_PREFIX_PATH} CMAKE_PREFIX_PATH=/root/ros2_ws/install/realsense2_camera_msgs:/root/ros2_ws/install/sllidar_ros2:/opt/ros/humble LD_LIBRARY_PATH=/root/ros2_ws/install/realsense2_camera_msgs/lib:${LD_LIBRARY_PATH} PYTHONPATH=/root/ros2_ws/install/realsense2_camera_msgs/local/lib/python3.10/dist-packages:${PYTHONPATH} /usr/bin/cmake --install /root/ros2_ws/build/realsense2_camera
