[0.157s] DEBUG:colcon:Command line arguments: ['/usr/bin/colcon', 'build']
[0.157s] DEBUG:colcon:Parsed command line arguments: Namespace(log_base=None, log_level=None, verb_name='build', build_base='build', install_base='install', merge_install=False, symlink_install=False, test_result_base=None, continue_on_error=False, executor='parallel', parallel_workers=4, event_handlers=None, ignore_user_meta=False, metas=['./colcon.meta'], base_paths=['.'], packages_ignore=None, packages_ignore_regex=None, paths=None, packages_up_to=None, packages_up_to_regex=None, packages_above=None, packages_above_and_dependencies=None, packages_above_depth=None, packages_select_by_dep=None, packages_skip_by_dep=None, packages_skip_up_to=None, packages_select_build_failed=False, packages_skip_build_finished=False, packages_select_test_failures=False, packages_skip_test_passed=False, packages_select=None, packages_skip=None, packages_select_regex=None, packages_skip_regex=None, packages_start=None, packages_end=None, cmake_args=None, cmake_target=None, cmake_target_skip_unavailable=False, cmake_clean_cache=False, cmake_clean_first=False, cmake_force_configure=False, ament_cmake_args=None, catkin_cmake_args=None, catkin_skip_building_tests=False, mixin_files=None, mixin=None, verb_parser=<colcon_mixin.mixin.mixin_argument.MixinArgumentDecorator object at 0xffffa3498280>, verb_extension=<colcon_core.verb.build.BuildVerb object at 0xffffa346bd60>, main=<bound method BuildVerb.main of <colcon_core.verb.build.BuildVerb object at 0xffffa346bd60>>, mixin_verb=('build',))
[0.335s] Level 1:colcon.colcon_core.package_discovery:discover_packages(colcon_meta) check parameters
[0.336s] INFO:colcon.colcon_metadata.package_discovery.colcon_meta:Using configuration from '/root/.colcon/metadata/default/Gazebo.meta'
[0.336s] INFO:colcon.colcon_metadata.package_discovery.colcon_meta:Using configuration from '/root/.colcon/metadata/default/fastdds.meta'
[0.337s] INFO:colcon.colcon_metadata.package_discovery.colcon_meta:Using configuration from '/root/.colcon/metadata/default/fastrtps.meta'
[0.337s] Level 1:colcon.colcon_core.package_discovery:discover_packages(recursive) check parameters
[0.337s] Level 1:colcon.colcon_core.package_discovery:discover_packages(ignore) check parameters
[0.337s] Level 1:colcon.colcon_core.package_discovery:discover_packages(path) check parameters
[0.337s] Level 1:colcon.colcon_core.package_discovery:discover_packages(colcon_meta) discover
[0.337s] Level 1:colcon.colcon_core.package_discovery:discover_packages(recursive) discover
[0.337s] INFO:colcon.colcon_core.package_discovery:Crawling recursively for packages in '/root/ros2_ws'
[0.337s] Level 1:colcon.colcon_core.package_identification:_identify(.) by extensions ['ignore', 'ignore_ament_install']
[0.337s] Level 1:colcon.colcon_core.package_identification:_identify(.) by extension 'ignore'
[0.338s] Level 1:colcon.colcon_core.package_identification:_identify(.) by extension 'ignore_ament_install'
[0.338s] Level 1:colcon.colcon_core.package_identification:_identify(.) by extensions ['colcon_pkg']
[0.338s] Level 1:colcon.colcon_core.package_identification:_identify(.) by extension 'colcon_pkg'
[0.338s] Level 1:colcon.colcon_core.package_identification:_identify(.) by extensions ['colcon_meta']
[0.338s] Level 1:colcon.colcon_core.package_identification:_identify(.) by extension 'colcon_meta'
[0.338s] Level 1:colcon.colcon_core.package_identification:_identify(.) by extensions ['ros']
[0.338s] Level 1:colcon.colcon_core.package_identification:_identify(.) by extension 'ros'
[0.355s] Level 1:colcon.colcon_core.package_identification:_identify(.) by extensions ['cmake', 'python']
[0.355s] Level 1:colcon.colcon_core.package_identification:_identify(.) by extension 'cmake'
[0.355s] Level 1:colcon.colcon_core.package_identification:_identify(.) by extension 'python'
[0.355s] Level 1:colcon.colcon_core.package_identification:_identify(.) by extensions ['python_setup_py']
[0.355s] Level 1:colcon.colcon_core.package_identification:_identify(.) by extension 'python_setup_py'
[0.356s] Level 1:colcon.colcon_core.package_identification:_identify(build) by extensions ['ignore', 'ignore_ament_install']
[0.356s] Level 1:colcon.colcon_core.package_identification:_identify(build) by extension 'ignore'
[0.356s] Level 1:colcon.colcon_core.package_identification:_identify(build) ignored
[0.356s] Level 1:colcon.colcon_core.package_identification:_identify(install) by extensions ['ignore', 'ignore_ament_install']
[0.356s] Level 1:colcon.colcon_core.package_identification:_identify(install) by extension 'ignore'
[0.356s] Level 1:colcon.colcon_core.package_identification:_identify(install) ignored
[0.356s] Level 1:colcon.colcon_core.package_identification:_identify(log) by extensions ['ignore', 'ignore_ament_install']
[0.357s] Level 1:colcon.colcon_core.package_identification:_identify(log) by extension 'ignore'
[0.357s] Level 1:colcon.colcon_core.package_identification:_identify(log) ignored
[0.357s] Level 1:colcon.colcon_core.package_identification:_identify(src) by extensions ['ignore', 'ignore_ament_install']
[0.357s] Level 1:colcon.colcon_core.package_identification:_identify(src) by extension 'ignore'
[0.357s] Level 1:colcon.colcon_core.package_identification:_identify(src) by extension 'ignore_ament_install'
[0.357s] Level 1:colcon.colcon_core.package_identification:_identify(src) by extensions ['colcon_pkg']
[0.357s] Level 1:colcon.colcon_core.package_identification:_identify(src) by extension 'colcon_pkg'
[0.357s] Level 1:colcon.colcon_core.package_identification:_identify(src) by extensions ['colcon_meta']
[0.357s] Level 1:colcon.colcon_core.package_identification:_identify(src) by extension 'colcon_meta'
[0.357s] Level 1:colcon.colcon_core.package_identification:_identify(src) by extensions ['ros']
[0.357s] Level 1:colcon.colcon_core.package_identification:_identify(src) by extension 'ros'
[0.357s] Level 1:colcon.colcon_core.package_identification:_identify(src) by extensions ['cmake', 'python']
[0.357s] Level 1:colcon.colcon_core.package_identification:_identify(src) by extension 'cmake'
[0.357s] Level 1:colcon.colcon_core.package_identification:_identify(src) by extension 'python'
[0.357s] Level 1:colcon.colcon_core.package_identification:_identify(src) by extensions ['python_setup_py']
[0.357s] Level 1:colcon.colcon_core.package_identification:_identify(src) by extension 'python_setup_py'
[0.358s] Level 1:colcon.colcon_core.package_identification:_identify(src/boat_control) by extensions ['ignore', 'ignore_ament_install']
[0.358s] Level 1:colcon.colcon_core.package_identification:_identify(src/boat_control) by extension 'ignore'
[0.358s] Level 1:colcon.colcon_core.package_identification:_identify(src/boat_control) by extension 'ignore_ament_install'
[0.358s] Level 1:colcon.colcon_core.package_identification:_identify(src/boat_control) by extensions ['colcon_pkg']
[0.358s] Level 1:colcon.colcon_core.package_identification:_identify(src/boat_control) by extension 'colcon_pkg'
[0.358s] Level 1:colcon.colcon_core.package_identification:_identify(src/boat_control) by extensions ['colcon_meta']
[0.358s] Level 1:colcon.colcon_core.package_identification:_identify(src/boat_control) by extension 'colcon_meta'
[0.358s] Level 1:colcon.colcon_core.package_identification:_identify(src/boat_control) by extensions ['ros']
[0.358s] Level 1:colcon.colcon_core.package_identification:_identify(src/boat_control) by extension 'ros'
[0.361s] DEBUG:colcon.colcon_core.package_identification:Package 'src/boat_control' with type 'ros.ament_python' and name 'boat_control'
[0.362s] Level 1:colcon.colcon_core.package_identification:_identify(src/laser_scan_reader) by extensions ['ignore', 'ignore_ament_install']
[0.362s] Level 1:colcon.colcon_core.package_identification:_identify(src/laser_scan_reader) by extension 'ignore'
[0.362s] Level 1:colcon.colcon_core.package_identification:_identify(src/laser_scan_reader) by extension 'ignore_ament_install'
[0.362s] Level 1:colcon.colcon_core.package_identification:_identify(src/laser_scan_reader) by extensions ['colcon_pkg']
[0.362s] Level 1:colcon.colcon_core.package_identification:_identify(src/laser_scan_reader) by extension 'colcon_pkg'
[0.362s] Level 1:colcon.colcon_core.package_identification:_identify(src/laser_scan_reader) by extensions ['colcon_meta']
[0.362s] Level 1:colcon.colcon_core.package_identification:_identify(src/laser_scan_reader) by extension 'colcon_meta'
[0.362s] Level 1:colcon.colcon_core.package_identification:_identify(src/laser_scan_reader) by extensions ['ros']
[0.362s] Level 1:colcon.colcon_core.package_identification:_identify(src/laser_scan_reader) by extension 'ros'
[0.363s] DEBUG:colcon.colcon_core.package_identification:Package 'src/laser_scan_reader' with type 'ros.ament_python' and name 'laser_scan_reader'
[0.363s] Level 1:colcon.colcon_core.package_identification:_identify(src/realsense-ros) by extensions ['ignore', 'ignore_ament_install']
[0.363s] Level 1:colcon.colcon_core.package_identification:_identify(src/realsense-ros) by extension 'ignore'
[0.363s] Level 1:colcon.colcon_core.package_identification:_identify(src/realsense-ros) by extension 'ignore_ament_install'
[0.363s] Level 1:colcon.colcon_core.package_identification:_identify(src/realsense-ros) by extensions ['colcon_pkg']
[0.363s] Level 1:colcon.colcon_core.package_identification:_identify(src/realsense-ros) by extension 'colcon_pkg'
[0.363s] Level 1:colcon.colcon_core.package_identification:_identify(src/realsense-ros) by extensions ['colcon_meta']
[0.363s] Level 1:colcon.colcon_core.package_identification:_identify(src/realsense-ros) by extension 'colcon_meta'
[0.364s] Level 1:colcon.colcon_core.package_identification:_identify(src/realsense-ros) by extensions ['ros']
[0.364s] Level 1:colcon.colcon_core.package_identification:_identify(src/realsense-ros) by extension 'ros'
[0.364s] Level 1:colcon.colcon_core.package_identification:_identify(src/realsense-ros) by extensions ['cmake', 'python']
[0.364s] Level 1:colcon.colcon_core.package_identification:_identify(src/realsense-ros) by extension 'cmake'
[0.364s] Level 1:colcon.colcon_core.package_identification:_identify(src/realsense-ros) by extension 'python'
[0.364s] Level 1:colcon.colcon_core.package_identification:_identify(src/realsense-ros) by extensions ['python_setup_py']
[0.364s] Level 1:colcon.colcon_core.package_identification:_identify(src/realsense-ros) by extension 'python_setup_py'
[0.364s] Level 1:colcon.colcon_core.package_identification:_identify(src/realsense-ros/realsense2_camera) by extensions ['ignore', 'ignore_ament_install']
[0.364s] Level 1:colcon.colcon_core.package_identification:_identify(src/realsense-ros/realsense2_camera) by extension 'ignore'
[0.364s] Level 1:colcon.colcon_core.package_identification:_identify(src/realsense-ros/realsense2_camera) by extension 'ignore_ament_install'
[0.364s] Level 1:colcon.colcon_core.package_identification:_identify(src/realsense-ros/realsense2_camera) by extensions ['colcon_pkg']
[0.364s] Level 1:colcon.colcon_core.package_identification:_identify(src/realsense-ros/realsense2_camera) by extension 'colcon_pkg'
[0.364s] Level 1:colcon.colcon_core.package_identification:_identify(src/realsense-ros/realsense2_camera) by extensions ['colcon_meta']
[0.364s] Level 1:colcon.colcon_core.package_identification:_identify(src/realsense-ros/realsense2_camera) by extension 'colcon_meta'
[0.364s] Level 1:colcon.colcon_core.package_identification:_identify(src/realsense-ros/realsense2_camera) by extensions ['ros']
[0.364s] Level 1:colcon.colcon_core.package_identification:_identify(src/realsense-ros/realsense2_camera) by extension 'ros'
[0.372s] DEBUG:colcon.colcon_core.package_identification:Package 'src/realsense-ros/realsense2_camera' with type 'ros.ament_cmake' and name 'realsense2_camera'
[0.372s] Level 1:colcon.colcon_core.package_identification:_identify(src/realsense-ros/realsense2_camera_msgs) by extensions ['ignore', 'ignore_ament_install']
[0.372s] Level 1:colcon.colcon_core.package_identification:_identify(src/realsense-ros/realsense2_camera_msgs) by extension 'ignore'
[0.372s] Level 1:colcon.colcon_core.package_identification:_identify(src/realsense-ros/realsense2_camera_msgs) by extension 'ignore_ament_install'
[0.372s] Level 1:colcon.colcon_core.package_identification:_identify(src/realsense-ros/realsense2_camera_msgs) by extensions ['colcon_pkg']
[0.372s] Level 1:colcon.colcon_core.package_identification:_identify(src/realsense-ros/realsense2_camera_msgs) by extension 'colcon_pkg'
[0.372s] Level 1:colcon.colcon_core.package_identification:_identify(src/realsense-ros/realsense2_camera_msgs) by extensions ['colcon_meta']
[0.372s] Level 1:colcon.colcon_core.package_identification:_identify(src/realsense-ros/realsense2_camera_msgs) by extension 'colcon_meta'
[0.372s] Level 1:colcon.colcon_core.package_identification:_identify(src/realsense-ros/realsense2_camera_msgs) by extensions ['ros']
[0.372s] Level 1:colcon.colcon_core.package_identification:_identify(src/realsense-ros/realsense2_camera_msgs) by extension 'ros'
[0.373s] DEBUG:colcon.colcon_core.package_identification:Package 'src/realsense-ros/realsense2_camera_msgs' with type 'ros.ament_cmake' and name 'realsense2_camera_msgs'
[0.373s] Level 1:colcon.colcon_core.package_identification:_identify(src/realsense-ros/realsense2_description) by extensions ['ignore', 'ignore_ament_install']
[0.373s] Level 1:colcon.colcon_core.package_identification:_identify(src/realsense-ros/realsense2_description) by extension 'ignore'
[0.373s] Level 1:colcon.colcon_core.package_identification:_identify(src/realsense-ros/realsense2_description) by extension 'ignore_ament_install'
[0.374s] Level 1:colcon.colcon_core.package_identification:_identify(src/realsense-ros/realsense2_description) by extensions ['colcon_pkg']
[0.374s] Level 1:colcon.colcon_core.package_identification:_identify(src/realsense-ros/realsense2_description) by extension 'colcon_pkg'
[0.374s] Level 1:colcon.colcon_core.package_identification:_identify(src/realsense-ros/realsense2_description) by extensions ['colcon_meta']
[0.374s] Level 1:colcon.colcon_core.package_identification:_identify(src/realsense-ros/realsense2_description) by extension 'colcon_meta'
[0.374s] Level 1:colcon.colcon_core.package_identification:_identify(src/realsense-ros/realsense2_description) by extensions ['ros']
[0.374s] Level 1:colcon.colcon_core.package_identification:_identify(src/realsense-ros/realsense2_description) by extension 'ros'
[0.375s] DEBUG:colcon.colcon_core.package_identification:Package 'src/realsense-ros/realsense2_description' with type 'ros.ament_cmake' and name 'realsense2_description'
[0.375s] Level 1:colcon.colcon_core.package_identification:_identify(src/realsense-ros/scripts) by extensions ['ignore', 'ignore_ament_install']
[0.375s] Level 1:colcon.colcon_core.package_identification:_identify(src/realsense-ros/scripts) by extension 'ignore'
[0.375s] Level 1:colcon.colcon_core.package_identification:_identify(src/realsense-ros/scripts) by extension 'ignore_ament_install'
[0.375s] Level 1:colcon.colcon_core.package_identification:_identify(src/realsense-ros/scripts) by extensions ['colcon_pkg']
[0.375s] Level 1:colcon.colcon_core.package_identification:_identify(src/realsense-ros/scripts) by extension 'colcon_pkg'
[0.375s] Level 1:colcon.colcon_core.package_identification:_identify(src/realsense-ros/scripts) by extensions ['colcon_meta']
[0.375s] Level 1:colcon.colcon_core.package_identification:_identify(src/realsense-ros/scripts) by extension 'colcon_meta'
[0.375s] Level 1:colcon.colcon_core.package_identification:_identify(src/realsense-ros/scripts) by extensions ['ros']
[0.375s] Level 1:colcon.colcon_core.package_identification:_identify(src/realsense-ros/scripts) by extension 'ros'
[0.375s] Level 1:colcon.colcon_core.package_identification:_identify(src/realsense-ros/scripts) by extensions ['cmake', 'python']
[0.375s] Level 1:colcon.colcon_core.package_identification:_identify(src/realsense-ros/scripts) by extension 'cmake'
[0.375s] Level 1:colcon.colcon_core.package_identification:_identify(src/realsense-ros/scripts) by extension 'python'
[0.375s] Level 1:colcon.colcon_core.package_identification:_identify(src/realsense-ros/scripts) by extensions ['python_setup_py']
[0.375s] Level 1:colcon.colcon_core.package_identification:_identify(src/realsense-ros/scripts) by extension 'python_setup_py'
[0.375s] Level 1:colcon.colcon_core.package_identification:_identify(src/sensor_launch) by extensions ['ignore', 'ignore_ament_install']
[0.376s] Level 1:colcon.colcon_core.package_identification:_identify(src/sensor_launch) by extension 'ignore'
[0.376s] Level 1:colcon.colcon_core.package_identification:_identify(src/sensor_launch) by extension 'ignore_ament_install'
[0.376s] Level 1:colcon.colcon_core.package_identification:_identify(src/sensor_launch) by extensions ['colcon_pkg']
[0.376s] Level 1:colcon.colcon_core.package_identification:_identify(src/sensor_launch) by extension 'colcon_pkg'
[0.376s] Level 1:colcon.colcon_core.package_identification:_identify(src/sensor_launch) by extensions ['colcon_meta']
[0.376s] Level 1:colcon.colcon_core.package_identification:_identify(src/sensor_launch) by extension 'colcon_meta'
[0.376s] Level 1:colcon.colcon_core.package_identification:_identify(src/sensor_launch) by extensions ['ros']
[0.376s] Level 1:colcon.colcon_core.package_identification:_identify(src/sensor_launch) by extension 'ros'
[0.376s] DEBUG:colcon.colcon_core.package_identification:Package 'src/sensor_launch' with type 'ros.ament_cmake' and name 'sensor_launch'
[0.377s] Level 1:colcon.colcon_core.package_identification:_identify(src/sllidar_ros2) by extensions ['ignore', 'ignore_ament_install']
[0.377s] Level 1:colcon.colcon_core.package_identification:_identify(src/sllidar_ros2) by extension 'ignore'
[0.377s] Level 1:colcon.colcon_core.package_identification:_identify(src/sllidar_ros2) by extension 'ignore_ament_install'
[0.377s] Level 1:colcon.colcon_core.package_identification:_identify(src/sllidar_ros2) by extensions ['colcon_pkg']
[0.377s] Level 1:colcon.colcon_core.package_identification:_identify(src/sllidar_ros2) by extension 'colcon_pkg'
[0.377s] Level 1:colcon.colcon_core.package_identification:_identify(src/sllidar_ros2) by extensions ['colcon_meta']
[0.377s] Level 1:colcon.colcon_core.package_identification:_identify(src/sllidar_ros2) by extension 'colcon_meta'
[0.377s] Level 1:colcon.colcon_core.package_identification:_identify(src/sllidar_ros2) by extensions ['ros']
[0.377s] Level 1:colcon.colcon_core.package_identification:_identify(src/sllidar_ros2) by extension 'ros'
[0.378s] DEBUG:colcon.colcon_core.package_identification:Package 'src/sllidar_ros2' with type 'ros.ament_cmake' and name 'sllidar_ros2'
[0.378s] Level 1:colcon.colcon_core.package_discovery:discover_packages(recursive) using defaults
[0.378s] Level 1:colcon.colcon_core.package_discovery:discover_packages(ignore) discover
[0.378s] Level 1:colcon.colcon_core.package_discovery:discover_packages(ignore) using defaults
[0.378s] Level 1:colcon.colcon_core.package_discovery:discover_packages(path) discover
[0.378s] Level 1:colcon.colcon_core.package_discovery:discover_packages(path) using defaults
[0.431s] Level 5:colcon.colcon_core.verb:set package 'boat_control' build argument 'cmake_args' from command line to 'None'
[0.431s] Level 5:colcon.colcon_core.verb:set package 'boat_control' build argument 'cmake_target' from command line to 'None'
[0.431s] Level 5:colcon.colcon_core.verb:set package 'boat_control' build argument 'cmake_target_skip_unavailable' from command line to 'False'
[0.431s] Level 5:colcon.colcon_core.verb:set package 'boat_control' build argument 'cmake_clean_cache' from command line to 'False'
[0.431s] Level 5:colcon.colcon_core.verb:set package 'boat_control' build argument 'cmake_clean_first' from command line to 'False'
[0.431s] Level 5:colcon.colcon_core.verb:set package 'boat_control' build argument 'cmake_force_configure' from command line to 'False'
[0.431s] Level 5:colcon.colcon_core.verb:set package 'boat_control' build argument 'ament_cmake_args' from command line to 'None'
[0.432s] Level 5:colcon.colcon_core.verb:set package 'boat_control' build argument 'catkin_cmake_args' from command line to 'None'
[0.432s] Level 5:colcon.colcon_core.verb:set package 'boat_control' build argument 'catkin_skip_building_tests' from command line to 'False'
[0.432s] DEBUG:colcon.colcon_core.verb:Building package 'boat_control' with the following arguments: {'ament_cmake_args': None, 'build_base': '/root/ros2_ws/build/boat_control', 'catkin_cmake_args': None, 'catkin_skip_building_tests': False, 'cmake_args': None, 'cmake_clean_cache': False, 'cmake_clean_first': False, 'cmake_force_configure': False, 'cmake_target': None, 'cmake_target_skip_unavailable': False, 'install_base': '/root/ros2_ws/install/boat_control', 'merge_install': False, 'path': '/root/ros2_ws/src/boat_control', 'symlink_install': False, 'test_result_base': None}
[0.432s] Level 5:colcon.colcon_core.verb:set package 'laser_scan_reader' build argument 'cmake_args' from command line to 'None'
[0.432s] Level 5:colcon.colcon_core.verb:set package 'laser_scan_reader' build argument 'cmake_target' from command line to 'None'
[0.432s] Level 5:colcon.colcon_core.verb:set package 'laser_scan_reader' build argument 'cmake_target_skip_unavailable' from command line to 'False'
[0.432s] Level 5:colcon.colcon_core.verb:set package 'laser_scan_reader' build argument 'cmake_clean_cache' from command line to 'False'
[0.432s] Level 5:colcon.colcon_core.verb:set package 'laser_scan_reader' build argument 'cmake_clean_first' from command line to 'False'
[0.432s] Level 5:colcon.colcon_core.verb:set package 'laser_scan_reader' build argument 'cmake_force_configure' from command line to 'False'
[0.432s] Level 5:colcon.colcon_core.verb:set package 'laser_scan_reader' build argument 'ament_cmake_args' from command line to 'None'
[0.432s] Level 5:colcon.colcon_core.verb:set package 'laser_scan_reader' build argument 'catkin_cmake_args' from command line to 'None'
[0.432s] Level 5:colcon.colcon_core.verb:set package 'laser_scan_reader' build argument 'catkin_skip_building_tests' from command line to 'False'
[0.432s] DEBUG:colcon.colcon_core.verb:Building package 'laser_scan_reader' with the following arguments: {'ament_cmake_args': None, 'build_base': '/root/ros2_ws/build/laser_scan_reader', 'catkin_cmake_args': None, 'catkin_skip_building_tests': False, 'cmake_args': None, 'cmake_clean_cache': False, 'cmake_clean_first': False, 'cmake_force_configure': False, 'cmake_target': None, 'cmake_target_skip_unavailable': False, 'install_base': '/root/ros2_ws/install/laser_scan_reader', 'merge_install': False, 'path': '/root/ros2_ws/src/laser_scan_reader', 'symlink_install': False, 'test_result_base': None}
[0.433s] Level 5:colcon.colcon_core.verb:set package 'realsense2_camera_msgs' build argument 'cmake_args' from command line to 'None'
[0.433s] Level 5:colcon.colcon_core.verb:set package 'realsense2_camera_msgs' build argument 'cmake_target' from command line to 'None'
[0.433s] Level 5:colcon.colcon_core.verb:set package 'realsense2_camera_msgs' build argument 'cmake_target_skip_unavailable' from command line to 'False'
[0.433s] Level 5:colcon.colcon_core.verb:set package 'realsense2_camera_msgs' build argument 'cmake_clean_cache' from command line to 'False'
[0.433s] Level 5:colcon.colcon_core.verb:set package 'realsense2_camera_msgs' build argument 'cmake_clean_first' from command line to 'False'
[0.433s] Level 5:colcon.colcon_core.verb:set package 'realsense2_camera_msgs' build argument 'cmake_force_configure' from command line to 'False'
[0.433s] Level 5:colcon.colcon_core.verb:set package 'realsense2_camera_msgs' build argument 'ament_cmake_args' from command line to 'None'
[0.433s] Level 5:colcon.colcon_core.verb:set package 'realsense2_camera_msgs' build argument 'catkin_cmake_args' from command line to 'None'
[0.433s] Level 5:colcon.colcon_core.verb:set package 'realsense2_camera_msgs' build argument 'catkin_skip_building_tests' from command line to 'False'
[0.433s] DEBUG:colcon.colcon_core.verb:Building package 'realsense2_camera_msgs' with the following arguments: {'ament_cmake_args': None, 'build_base': '/root/ros2_ws/build/realsense2_camera_msgs', 'catkin_cmake_args': None, 'catkin_skip_building_tests': False, 'cmake_args': None, 'cmake_clean_cache': False, 'cmake_clean_first': False, 'cmake_force_configure': False, 'cmake_target': None, 'cmake_target_skip_unavailable': False, 'install_base': '/root/ros2_ws/install/realsense2_camera_msgs', 'merge_install': False, 'path': '/root/ros2_ws/src/realsense-ros/realsense2_camera_msgs', 'symlink_install': False, 'test_result_base': None}
[0.433s] Level 5:colcon.colcon_core.verb:set package 'sensor_launch' build argument 'cmake_args' from command line to 'None'
[0.433s] Level 5:colcon.colcon_core.verb:set package 'sensor_launch' build argument 'cmake_target' from command line to 'None'
[0.433s] Level 5:colcon.colcon_core.verb:set package 'sensor_launch' build argument 'cmake_target_skip_unavailable' from command line to 'False'
[0.433s] Level 5:colcon.colcon_core.verb:set package 'sensor_launch' build argument 'cmake_clean_cache' from command line to 'False'
[0.433s] Level 5:colcon.colcon_core.verb:set package 'sensor_launch' build argument 'cmake_clean_first' from command line to 'False'
[0.433s] Level 5:colcon.colcon_core.verb:set package 'sensor_launch' build argument 'cmake_force_configure' from command line to 'False'
[0.433s] Level 5:colcon.colcon_core.verb:set package 'sensor_launch' build argument 'ament_cmake_args' from command line to 'None'
[0.433s] Level 5:colcon.colcon_core.verb:set package 'sensor_launch' build argument 'catkin_cmake_args' from command line to 'None'
[0.434s] Level 5:colcon.colcon_core.verb:set package 'sensor_launch' build argument 'catkin_skip_building_tests' from command line to 'False'
[0.434s] DEBUG:colcon.colcon_core.verb:Building package 'sensor_launch' with the following arguments: {'ament_cmake_args': None, 'build_base': '/root/ros2_ws/build/sensor_launch', 'catkin_cmake_args': None, 'catkin_skip_building_tests': False, 'cmake_args': None, 'cmake_clean_cache': False, 'cmake_clean_first': False, 'cmake_force_configure': False, 'cmake_target': None, 'cmake_target_skip_unavailable': False, 'install_base': '/root/ros2_ws/install/sensor_launch', 'merge_install': False, 'path': '/root/ros2_ws/src/sensor_launch', 'symlink_install': False, 'test_result_base': None}
[0.434s] Level 5:colcon.colcon_core.verb:set package 'sllidar_ros2' build argument 'cmake_args' from command line to 'None'
[0.434s] Level 5:colcon.colcon_core.verb:set package 'sllidar_ros2' build argument 'cmake_target' from command line to 'None'
[0.434s] Level 5:colcon.colcon_core.verb:set package 'sllidar_ros2' build argument 'cmake_target_skip_unavailable' from command line to 'False'
[0.434s] Level 5:colcon.colcon_core.verb:set package 'sllidar_ros2' build argument 'cmake_clean_cache' from command line to 'False'
[0.434s] Level 5:colcon.colcon_core.verb:set package 'sllidar_ros2' build argument 'cmake_clean_first' from command line to 'False'
[0.434s] Level 5:colcon.colcon_core.verb:set package 'sllidar_ros2' build argument 'cmake_force_configure' from command line to 'False'
[0.434s] Level 5:colcon.colcon_core.verb:set package 'sllidar_ros2' build argument 'ament_cmake_args' from command line to 'None'
[0.434s] Level 5:colcon.colcon_core.verb:set package 'sllidar_ros2' build argument 'catkin_cmake_args' from command line to 'None'
[0.434s] Level 5:colcon.colcon_core.verb:set package 'sllidar_ros2' build argument 'catkin_skip_building_tests' from command line to 'False'
[0.434s] DEBUG:colcon.colcon_core.verb:Building package 'sllidar_ros2' with the following arguments: {'ament_cmake_args': None, 'build_base': '/root/ros2_ws/build/sllidar_ros2', 'catkin_cmake_args': None, 'catkin_skip_building_tests': False, 'cmake_args': None, 'cmake_clean_cache': False, 'cmake_clean_first': False, 'cmake_force_configure': False, 'cmake_target': None, 'cmake_target_skip_unavailable': False, 'install_base': '/root/ros2_ws/install/sllidar_ros2', 'merge_install': False, 'path': '/root/ros2_ws/src/sllidar_ros2', 'symlink_install': False, 'test_result_base': None}
[0.435s] Level 5:colcon.colcon_core.verb:set package 'realsense2_camera' build argument 'cmake_args' from command line to 'None'
[0.435s] Level 5:colcon.colcon_core.verb:set package 'realsense2_camera' build argument 'cmake_target' from command line to 'None'
[0.435s] Level 5:colcon.colcon_core.verb:set package 'realsense2_camera' build argument 'cmake_target_skip_unavailable' from command line to 'False'
[0.435s] Level 5:colcon.colcon_core.verb:set package 'realsense2_camera' build argument 'cmake_clean_cache' from command line to 'False'
[0.435s] Level 5:colcon.colcon_core.verb:set package 'realsense2_camera' build argument 'cmake_clean_first' from command line to 'False'
[0.435s] Level 5:colcon.colcon_core.verb:set package 'realsense2_camera' build argument 'cmake_force_configure' from command line to 'False'
[0.435s] Level 5:colcon.colcon_core.verb:set package 'realsense2_camera' build argument 'ament_cmake_args' from command line to 'None'
[0.435s] Level 5:colcon.colcon_core.verb:set package 'realsense2_camera' build argument 'catkin_cmake_args' from command line to 'None'
[0.435s] Level 5:colcon.colcon_core.verb:set package 'realsense2_camera' build argument 'catkin_skip_building_tests' from command line to 'False'
[0.435s] DEBUG:colcon.colcon_core.verb:Building package 'realsense2_camera' with the following arguments: {'ament_cmake_args': None, 'build_base': '/root/ros2_ws/build/realsense2_camera', 'catkin_cmake_args': None, 'catkin_skip_building_tests': False, 'cmake_args': None, 'cmake_clean_cache': False, 'cmake_clean_first': False, 'cmake_force_configure': False, 'cmake_target': None, 'cmake_target_skip_unavailable': False, 'install_base': '/root/ros2_ws/install/realsense2_camera', 'merge_install': False, 'path': '/root/ros2_ws/src/realsense-ros/realsense2_camera', 'symlink_install': False, 'test_result_base': None}
[0.435s] Level 5:colcon.colcon_core.verb:set package 'realsense2_description' build argument 'cmake_args' from command line to 'None'
[0.435s] Level 5:colcon.colcon_core.verb:set package 'realsense2_description' build argument 'cmake_target' from command line to 'None'
[0.435s] Level 5:colcon.colcon_core.verb:set package 'realsense2_description' build argument 'cmake_target_skip_unavailable' from command line to 'False'
[0.435s] Level 5:colcon.colcon_core.verb:set package 'realsense2_description' build argument 'cmake_clean_cache' from command line to 'False'
[0.435s] Level 5:colcon.colcon_core.verb:set package 'realsense2_description' build argument 'cmake_clean_first' from command line to 'False'
[0.435s] Level 5:colcon.colcon_core.verb:set package 'realsense2_description' build argument 'cmake_force_configure' from command line to 'False'
[0.435s] Level 5:colcon.colcon_core.verb:set package 'realsense2_description' build argument 'ament_cmake_args' from command line to 'None'
[0.435s] Level 5:colcon.colcon_core.verb:set package 'realsense2_description' build argument 'catkin_cmake_args' from command line to 'None'
[0.435s] Level 5:colcon.colcon_core.verb:set package 'realsense2_description' build argument 'catkin_skip_building_tests' from command line to 'False'
[0.435s] DEBUG:colcon.colcon_core.verb:Building package 'realsense2_description' with the following arguments: {'ament_cmake_args': None, 'build_base': '/root/ros2_ws/build/realsense2_description', 'catkin_cmake_args': None, 'catkin_skip_building_tests': False, 'cmake_args': None, 'cmake_clean_cache': False, 'cmake_clean_first': False, 'cmake_force_configure': False, 'cmake_target': None, 'cmake_target_skip_unavailable': False, 'install_base': '/root/ros2_ws/install/realsense2_description', 'merge_install': False, 'path': '/root/ros2_ws/src/realsense-ros/realsense2_description', 'symlink_install': False, 'test_result_base': None}
[0.436s] INFO:colcon.colcon_core.executor:Executing jobs using 'parallel' executor
[0.437s] DEBUG:colcon.colcon_parallel_executor.executor.parallel:run_until_complete
[0.438s] INFO:colcon.colcon_ros.task.ament_cmake.build:Building ROS package in '/root/ros2_ws/src/realsense-ros/realsense2_camera_msgs' with build type 'ament_cmake'
[0.439s] INFO:colcon.colcon_cmake.task.cmake.build:Building CMake package in '/root/ros2_ws/src/realsense-ros/realsense2_camera_msgs'
[0.447s] INFO:colcon.colcon_core.plugin_system:Skipping extension 'colcon_core.shell.bat': Not used on non-Windows systems
[0.447s] INFO:colcon.colcon_core.shell:Skip shell extension 'powershell' for command environment: Not usable outside of PowerShell
[0.448s] DEBUG:colcon.colcon_core.shell:Skip shell extension 'dsv' for command environment
[0.462s] INFO:colcon.colcon_ros.task.ament_python.build:Building ROS package in '/root/ros2_ws/src/boat_control' with build type 'ament_python'
[0.462s] Level 1:colcon.colcon_core.shell:create_environment_hook('boat_control', 'ament_prefix_path')
[0.463s] INFO:colcon.colcon_core.shell:Creating environment hook '/root/ros2_ws/install/boat_control/share/boat_control/hook/ament_prefix_path.ps1'
[0.464s] INFO:colcon.colcon_core.shell:Creating environment descriptor '/root/ros2_ws/install/boat_control/share/boat_control/hook/ament_prefix_path.dsv'
[0.466s] INFO:colcon.colcon_core.shell:Creating environment hook '/root/ros2_ws/install/boat_control/share/boat_control/hook/ament_prefix_path.sh'
[0.468s] INFO:colcon.colcon_core.shell:Skip shell extension 'powershell' for command environment: Not usable outside of PowerShell
[0.468s] DEBUG:colcon.colcon_core.shell:Skip shell extension 'dsv' for command environment
[0.473s] INFO:colcon.colcon_ros.task.ament_python.build:Building ROS package in '/root/ros2_ws/src/laser_scan_reader' with build type 'ament_python'
[0.473s] Level 1:colcon.colcon_core.shell:create_environment_hook('laser_scan_reader', 'ament_prefix_path')
[0.474s] INFO:colcon.colcon_core.shell:Creating environment hook '/root/ros2_ws/install/laser_scan_reader/share/laser_scan_reader/hook/ament_prefix_path.ps1'
[0.475s] INFO:colcon.colcon_core.shell:Creating environment descriptor '/root/ros2_ws/install/laser_scan_reader/share/laser_scan_reader/hook/ament_prefix_path.dsv'
[0.475s] INFO:colcon.colcon_core.shell:Creating environment hook '/root/ros2_ws/install/laser_scan_reader/share/laser_scan_reader/hook/ament_prefix_path.sh'
[0.477s] INFO:colcon.colcon_core.shell:Skip shell extension 'powershell' for command environment: Not usable outside of PowerShell
[0.477s] DEBUG:colcon.colcon_core.shell:Skip shell extension 'dsv' for command environment
[0.486s] INFO:colcon.colcon_ros.task.ament_cmake.build:Building ROS package in '/root/ros2_ws/src/sensor_launch' with build type 'ament_cmake'
[0.486s] INFO:colcon.colcon_cmake.task.cmake.build:Building CMake package in '/root/ros2_ws/src/sensor_launch'
[0.487s] INFO:colcon.colcon_core.shell:Skip shell extension 'powershell' for command environment: Not usable outside of PowerShell
[0.487s] DEBUG:colcon.colcon_core.shell:Skip shell extension 'dsv' for command environment
[0.518s] DEBUG:colcon.colcon_core.event_handler.log_command:Invoking command in '/root/ros2_ws/build/realsense2_camera_msgs': CMAKE_PREFIX_PATH=${CMAKE_PREFIX_PATH}:/root/ros2_ws/install/laser_scan_reader:/root/ros2_ws/install/boat_control:/opt/ros/humble /usr/bin/cmake --build /root/ros2_ws/build/realsense2_camera_msgs -- -j4 -l4
[1.035s] WARNING:colcon.colcon_ros.task.ament_python.build:Package 'boat_control' doesn't explicitly install a marker in the package index (colcon-ros currently does it implicitly but that fallback will be removed in the future)
[1.039s] WARNING:colcon.colcon_ros.task.ament_python.build:Package 'boat_control' doesn't explicitly install the 'package.xml' file (colcon-ros currently does it implicitly but that fallback will be removed in the future)
[1.043s] INFO:colcon.colcon_core.task.python.build:Building Python package in '/root/ros2_ws/src/boat_control'
[1.045s] INFO:colcon.colcon_core.shell:Skip shell extension 'powershell' for command environment: Not usable outside of PowerShell
[1.048s] DEBUG:colcon.colcon_core.shell:Skip shell extension 'dsv' for command environment
[1.434s] INFO:colcon.colcon_core.task.python.build:Building Python package in '/root/ros2_ws/src/laser_scan_reader'
[1.434s] INFO:colcon.colcon_core.shell:Skip shell extension 'powershell' for command environment: Not usable outside of PowerShell
[1.434s] DEBUG:colcon.colcon_core.shell:Skip shell extension 'dsv' for command environment
[1.446s] DEBUG:colcon.colcon_core.event_handler.log_command:Invoked command in '/root/ros2_ws/build/realsense2_camera_msgs' returned '0': CMAKE_PREFIX_PATH=${CMAKE_PREFIX_PATH}:/root/ros2_ws/install/laser_scan_reader:/root/ros2_ws/install/boat_control:/opt/ros/humble /usr/bin/cmake --build /root/ros2_ws/build/realsense2_camera_msgs -- -j4 -l4
[1.470s] DEBUG:colcon.colcon_core.event_handler.log_command:Invoking command in '/root/ros2_ws/build/realsense2_camera_msgs': CMAKE_PREFIX_PATH=${CMAKE_PREFIX_PATH}:/root/ros2_ws/install/laser_scan_reader:/root/ros2_ws/install/boat_control:/opt/ros/humble /usr/bin/cmake --install /root/ros2_ws/build/realsense2_camera_msgs
[1.475s] DEBUG:colcon.colcon_core.event_handler.log_command:Invoking command in '/root/ros2_ws/build/sensor_launch': CMAKE_PREFIX_PATH=${CMAKE_PREFIX_PATH}:/root/ros2_ws/install/laser_scan_reader:/root/ros2_ws/install/boat_control:/opt/ros/humble /usr/bin/cmake --build /root/ros2_ws/build/sensor_launch -- -j4 -l4
[1.578s] DEBUG:colcon.colcon_core.event_handler.log_command:Invoked command in '/root/ros2_ws/build/sensor_launch' returned '0': CMAKE_PREFIX_PATH=${CMAKE_PREFIX_PATH}:/root/ros2_ws/install/laser_scan_reader:/root/ros2_ws/install/boat_control:/opt/ros/humble /usr/bin/cmake --build /root/ros2_ws/build/sensor_launch -- -j4 -l4
[1.581s] DEBUG:colcon.colcon_core.event_handler.log_command:Invoking command in '/root/ros2_ws/build/sensor_launch': CMAKE_PREFIX_PATH=${CMAKE_PREFIX_PATH}:/root/ros2_ws/install/laser_scan_reader:/root/ros2_ws/install/boat_control:/opt/ros/humble /usr/bin/cmake --install /root/ros2_ws/build/sensor_launch
[1.606s] Level 1:colcon.colcon_core.environment:create_environment_scripts_only(sensor_launch)
[1.609s] DEBUG:colcon.colcon_core.event_handler.log_command:Invoked command in '/root/ros2_ws/build/sensor_launch' returned '0': CMAKE_PREFIX_PATH=${CMAKE_PREFIX_PATH}:/root/ros2_ws/install/laser_scan_reader:/root/ros2_ws/install/boat_control:/opt/ros/humble /usr/bin/cmake --install /root/ros2_ws/build/sensor_launch
[1.613s] Level 1:colcon.colcon_core.environment:checking '/root/ros2_ws/install/sensor_launch' for CMake module files
[1.614s] Level 1:colcon.colcon_core.environment:checking '/root/ros2_ws/install/sensor_launch' for CMake config files
[1.614s] Level 1:colcon.colcon_core.shell:create_environment_hook('sensor_launch', 'cmake_prefix_path')
[1.615s] INFO:colcon.colcon_core.shell:Creating environment hook '/root/ros2_ws/install/sensor_launch/share/sensor_launch/hook/cmake_prefix_path.ps1'
[1.616s] INFO:colcon.colcon_core.shell:Creating environment descriptor '/root/ros2_ws/install/sensor_launch/share/sensor_launch/hook/cmake_prefix_path.dsv'
[1.617s] INFO:colcon.colcon_core.shell:Creating environment hook '/root/ros2_ws/install/sensor_launch/share/sensor_launch/hook/cmake_prefix_path.sh'
[1.621s] Level 1:colcon.colcon_core.environment:checking '/root/ros2_ws/install/sensor_launch/bin'
[1.621s] Level 1:colcon.colcon_core.environment:checking '/root/ros2_ws/install/sensor_launch/lib/pkgconfig/sensor_launch.pc'
[1.622s] Level 1:colcon.colcon_core.environment:checking '/root/ros2_ws/install/sensor_launch/lib/python3.10/site-packages'
[1.622s] Level 1:colcon.colcon_core.environment:checking '/root/ros2_ws/install/sensor_launch/bin'
[1.623s] INFO:colcon.colcon_core.shell:Creating package script '/root/ros2_ws/install/sensor_launch/share/sensor_launch/package.ps1'
[1.626s] INFO:colcon.colcon_core.shell:Creating package descriptor '/root/ros2_ws/install/sensor_launch/share/sensor_launch/package.dsv'
[1.628s] INFO:colcon.colcon_core.shell:Creating package script '/root/ros2_ws/install/sensor_launch/share/sensor_launch/package.sh'
[1.630s] INFO:colcon.colcon_core.shell:Creating package script '/root/ros2_ws/install/sensor_launch/share/sensor_launch/package.bash'
[1.633s] INFO:colcon.colcon_core.shell:Creating package script '/root/ros2_ws/install/sensor_launch/share/sensor_launch/package.zsh'
[1.635s] Level 1:colcon.colcon_core.environment:create_file_with_runtime_dependencies(/root/ros2_ws/install/sensor_launch/share/colcon-core/packages/sensor_launch)
[1.640s] Level 1:colcon.colcon_core.environment:create_environment_scripts_only(sensor_launch)
[1.642s] Level 1:colcon.colcon_core.environment:checking '/root/ros2_ws/install/sensor_launch' for CMake module files
[1.643s] Level 1:colcon.colcon_core.environment:checking '/root/ros2_ws/install/sensor_launch' for CMake config files
[1.643s] Level 1:colcon.colcon_core.shell:create_environment_hook('sensor_launch', 'cmake_prefix_path')
[1.644s] INFO:colcon.colcon_core.shell:Creating environment hook '/root/ros2_ws/install/sensor_launch/share/sensor_launch/hook/cmake_prefix_path.ps1'
[1.646s] INFO:colcon.colcon_core.shell:Creating environment descriptor '/root/ros2_ws/install/sensor_launch/share/sensor_launch/hook/cmake_prefix_path.dsv'
[1.651s] INFO:colcon.colcon_core.shell:Creating environment hook '/root/ros2_ws/install/sensor_launch/share/sensor_launch/hook/cmake_prefix_path.sh'
[1.664s] Level 1:colcon.colcon_core.environment:checking '/root/ros2_ws/install/sensor_launch/bin'
[1.664s] Level 1:colcon.colcon_core.environment:checking '/root/ros2_ws/install/sensor_launch/lib/pkgconfig/sensor_launch.pc'
[1.665s] Level 1:colcon.colcon_core.environment:checking '/root/ros2_ws/install/sensor_launch/lib/python3.10/site-packages'
[1.667s] Level 1:colcon.colcon_core.environment:checking '/root/ros2_ws/install/sensor_launch/bin'
[1.668s] INFO:colcon.colcon_core.shell:Creating package script '/root/ros2_ws/install/sensor_launch/share/sensor_launch/package.ps1'
[1.672s] INFO:colcon.colcon_core.shell:Creating package descriptor '/root/ros2_ws/install/sensor_launch/share/sensor_launch/package.dsv'
[1.676s] INFO:colcon.colcon_core.shell:Creating package script '/root/ros2_ws/install/sensor_launch/share/sensor_launch/package.sh'
[1.680s] INFO:colcon.colcon_core.shell:Creating package script '/root/ros2_ws/install/sensor_launch/share/sensor_launch/package.bash'
[1.684s] INFO:colcon.colcon_core.shell:Creating package script '/root/ros2_ws/install/sensor_launch/share/sensor_launch/package.zsh'
[1.686s] Level 1:colcon.colcon_core.environment:create_file_with_runtime_dependencies(/root/ros2_ws/install/sensor_launch/share/colcon-core/packages/sensor_launch)
[1.691s] INFO:colcon.colcon_ros.task.ament_cmake.build:Building ROS package in '/root/ros2_ws/src/sllidar_ros2' with build type 'ament_cmake'
[1.691s] INFO:colcon.colcon_cmake.task.cmake.build:Building CMake package in '/root/ros2_ws/src/sllidar_ros2'
[1.691s] INFO:colcon.colcon_core.shell:Skip shell extension 'powershell' for command environment: Not usable outside of PowerShell
[1.692s] DEBUG:colcon.colcon_core.shell:Skip shell extension 'dsv' for command environment
[1.705s] Level 1:colcon.colcon_core.environment:create_environment_scripts_only(realsense2_camera_msgs)
[1.709s] Level 1:colcon.colcon_core.environment:checking '/root/ros2_ws/install/realsense2_camera_msgs' for CMake module files
[1.710s] DEBUG:colcon.colcon_core.event_handler.log_command:Invoked command in '/root/ros2_ws/build/realsense2_camera_msgs' returned '0': CMAKE_PREFIX_PATH=${CMAKE_PREFIX_PATH}:/root/ros2_ws/install/laser_scan_reader:/root/ros2_ws/install/boat_control:/opt/ros/humble /usr/bin/cmake --install /root/ros2_ws/build/realsense2_camera_msgs
[1.711s] Level 1:colcon.colcon_core.environment:checking '/root/ros2_ws/install/realsense2_camera_msgs' for CMake config files
[1.713s] Level 1:colcon.colcon_core.shell:create_environment_hook('realsense2_camera_msgs', 'cmake_prefix_path')
[1.714s] INFO:colcon.colcon_core.shell:Creating environment hook '/root/ros2_ws/install/realsense2_camera_msgs/share/realsense2_camera_msgs/hook/cmake_prefix_path.ps1'
[1.717s] INFO:colcon.colcon_core.shell:Creating environment descriptor '/root/ros2_ws/install/realsense2_camera_msgs/share/realsense2_camera_msgs/hook/cmake_prefix_path.dsv'
[1.721s] INFO:colcon.colcon_core.shell:Creating environment hook '/root/ros2_ws/install/realsense2_camera_msgs/share/realsense2_camera_msgs/hook/cmake_prefix_path.sh'
[1.726s] Level 1:colcon.colcon_core.environment:checking '/root/ros2_ws/install/realsense2_camera_msgs/lib'
[1.726s] Level 1:colcon.colcon_core.shell:create_environment_hook('realsense2_camera_msgs', 'ld_library_path_lib')
[1.727s] INFO:colcon.colcon_core.shell:Creating environment hook '/root/ros2_ws/install/realsense2_camera_msgs/share/realsense2_camera_msgs/hook/ld_library_path_lib.ps1'
[1.728s] INFO:colcon.colcon_core.shell:Creating environment descriptor '/root/ros2_ws/install/realsense2_camera_msgs/share/realsense2_camera_msgs/hook/ld_library_path_lib.dsv'
[1.732s] INFO:colcon.colcon_core.shell:Creating environment hook '/root/ros2_ws/install/realsense2_camera_msgs/share/realsense2_camera_msgs/hook/ld_library_path_lib.sh'
[1.736s] Level 1:colcon.colcon_core.environment:checking '/root/ros2_ws/install/realsense2_camera_msgs/bin'
[1.736s] Level 1:colcon.colcon_core.environment:checking '/root/ros2_ws/install/realsense2_camera_msgs/lib/pkgconfig/realsense2_camera_msgs.pc'
[1.736s] Level 1:colcon.colcon_core.environment:checking '/root/ros2_ws/install/realsense2_camera_msgs/lib/python3.10/site-packages'
[1.736s] Level 1:colcon.colcon_core.environment:checking '/root/ros2_ws/install/realsense2_camera_msgs/bin'
[1.737s] INFO:colcon.colcon_core.shell:Creating package script '/root/ros2_ws/install/realsense2_camera_msgs/share/realsense2_camera_msgs/package.ps1'
[1.740s] INFO:colcon.colcon_core.shell:Creating package descriptor '/root/ros2_ws/install/realsense2_camera_msgs/share/realsense2_camera_msgs/package.dsv'
[1.741s] INFO:colcon.colcon_core.shell:Creating package script '/root/ros2_ws/install/realsense2_camera_msgs/share/realsense2_camera_msgs/package.sh'
[1.745s] INFO:colcon.colcon_core.shell:Creating package script '/root/ros2_ws/install/realsense2_camera_msgs/share/realsense2_camera_msgs/package.bash'
[1.749s] INFO:colcon.colcon_core.shell:Creating package script '/root/ros2_ws/install/realsense2_camera_msgs/share/realsense2_camera_msgs/package.zsh'
[1.754s] Level 1:colcon.colcon_core.environment:create_file_with_runtime_dependencies(/root/ros2_ws/install/realsense2_camera_msgs/share/colcon-core/packages/realsense2_camera_msgs)
[1.758s] Level 1:colcon.colcon_core.environment:create_environment_scripts_only(realsense2_camera_msgs)
[1.759s] Level 1:colcon.colcon_core.environment:checking '/root/ros2_ws/install/realsense2_camera_msgs' for CMake module files
[1.760s] Level 1:colcon.colcon_core.environment:checking '/root/ros2_ws/install/realsense2_camera_msgs' for CMake config files
[1.761s] Level 1:colcon.colcon_core.shell:create_environment_hook('realsense2_camera_msgs', 'cmake_prefix_path')
[1.766s] INFO:colcon.colcon_core.shell:Creating environment hook '/root/ros2_ws/install/realsense2_camera_msgs/share/realsense2_camera_msgs/hook/cmake_prefix_path.ps1'
[1.767s] INFO:colcon.colcon_core.shell:Creating environment descriptor '/root/ros2_ws/install/realsense2_camera_msgs/share/realsense2_camera_msgs/hook/cmake_prefix_path.dsv'
[1.771s] INFO:colcon.colcon_core.shell:Creating environment hook '/root/ros2_ws/install/realsense2_camera_msgs/share/realsense2_camera_msgs/hook/cmake_prefix_path.sh'
[1.776s] Level 1:colcon.colcon_core.environment:checking '/root/ros2_ws/install/realsense2_camera_msgs/lib'
[1.776s] Level 1:colcon.colcon_core.shell:create_environment_hook('realsense2_camera_msgs', 'ld_library_path_lib')
[1.777s] INFO:colcon.colcon_core.shell:Creating environment hook '/root/ros2_ws/install/realsense2_camera_msgs/share/realsense2_camera_msgs/hook/ld_library_path_lib.ps1'
[1.778s] INFO:colcon.colcon_core.shell:Creating environment descriptor '/root/ros2_ws/install/realsense2_camera_msgs/share/realsense2_camera_msgs/hook/ld_library_path_lib.dsv'
[1.782s] INFO:colcon.colcon_core.shell:Creating environment hook '/root/ros2_ws/install/realsense2_camera_msgs/share/realsense2_camera_msgs/hook/ld_library_path_lib.sh'
[1.786s] Level 1:colcon.colcon_core.environment:checking '/root/ros2_ws/install/realsense2_camera_msgs/bin'
[1.786s] Level 1:colcon.colcon_core.environment:checking '/root/ros2_ws/install/realsense2_camera_msgs/lib/pkgconfig/realsense2_camera_msgs.pc'
[1.787s] Level 1:colcon.colcon_core.environment:checking '/root/ros2_ws/install/realsense2_camera_msgs/lib/python3.10/site-packages'
[1.787s] Level 1:colcon.colcon_core.environment:checking '/root/ros2_ws/install/realsense2_camera_msgs/bin'
[1.788s] INFO:colcon.colcon_core.shell:Creating package script '/root/ros2_ws/install/realsense2_camera_msgs/share/realsense2_camera_msgs/package.ps1'
[1.790s] INFO:colcon.colcon_core.shell:Creating package descriptor '/root/ros2_ws/install/realsense2_camera_msgs/share/realsense2_camera_msgs/package.dsv'
[1.792s] INFO:colcon.colcon_core.shell:Creating package script '/root/ros2_ws/install/realsense2_camera_msgs/share/realsense2_camera_msgs/package.sh'
[1.796s] INFO:colcon.colcon_core.shell:Creating package script '/root/ros2_ws/install/realsense2_camera_msgs/share/realsense2_camera_msgs/package.bash'
[1.800s] INFO:colcon.colcon_core.shell:Creating package script '/root/ros2_ws/install/realsense2_camera_msgs/share/realsense2_camera_msgs/package.zsh'
[1.804s] Level 1:colcon.colcon_core.environment:create_file_with_runtime_dependencies(/root/ros2_ws/install/realsense2_camera_msgs/share/colcon-core/packages/realsense2_camera_msgs)
[1.806s] INFO:colcon.colcon_ros.task.ament_cmake.build:Building ROS package in '/root/ros2_ws/src/realsense-ros/realsense2_camera' with build type 'ament_cmake'
[1.807s] INFO:colcon.colcon_cmake.task.cmake.build:Building CMake package in '/root/ros2_ws/src/realsense-ros/realsense2_camera'
[1.807s] INFO:colcon.colcon_core.shell:Skip shell extension 'powershell' for command environment: Not usable outside of PowerShell
[1.807s] DEBUG:colcon.colcon_core.shell:Skip shell extension 'dsv' for command environment
[1.840s] DEBUG:colcon.colcon_core.event_handler.log_command:Invoking command in '/root/ros2_ws/build/sllidar_ros2': CMAKE_PREFIX_PATH=${CMAKE_PREFIX_PATH}:/root/ros2_ws/install/laser_scan_reader:/root/ros2_ws/install/boat_control:/opt/ros/humble /usr/bin/cmake --build /root/ros2_ws/build/sllidar_ros2 -- -j4 -l4
[1.867s] DEBUG:colcon.colcon_core.event_handler.log_command:Invoking command in '/root/ros2_ws/build/realsense2_camera': CMAKE_PREFIX_PATH=/root/ros2_ws/install/realsense2_camera_msgs:/root/ros2_ws/install/sllidar_ros2:/root/ros2_ws/install/sensor_launch:/root/ros2_ws/install/realsense2_description:/root/ros2_ws/install/realsense2_camera:/root/ros2_ws/install/laser_scan_reader:/root/ros2_ws/install/boat_control:/opt/ros/humble LD_LIBRARY_PATH=/root/ros2_ws/install/realsense2_camera_msgs/lib:/root/ros2_ws/install/realsense2_camera/lib:/opt/ros/humble/opt/rviz_ogre_vendor/lib:/opt/ros/humble/lib/aarch64-linux-gnu:/opt/ros/humble/lib /usr/bin/cmake --build /root/ros2_ws/build/realsense2_camera -- -j4 -l4
[2.118s] DEBUG:colcon.colcon_core.event_handler.log_command:Invoked command in '/root/ros2_ws/build/sllidar_ros2' returned '0': CMAKE_PREFIX_PATH=${CMAKE_PREFIX_PATH}:/root/ros2_ws/install/laser_scan_reader:/root/ros2_ws/install/boat_control:/opt/ros/humble /usr/bin/cmake --build /root/ros2_ws/build/sllidar_ros2 -- -j4 -l4
[2.125s] DEBUG:colcon.colcon_core.event_handler.log_command:Invoking command in '/root/ros2_ws/build/sllidar_ros2': CMAKE_PREFIX_PATH=${CMAKE_PREFIX_PATH}:/root/ros2_ws/install/laser_scan_reader:/root/ros2_ws/install/boat_control:/opt/ros/humble /usr/bin/cmake --install /root/ros2_ws/build/sllidar_ros2
[2.229s] Level 1:colcon.colcon_core.environment:create_environment_scripts_only(sllidar_ros2)
[2.231s] Level 1:colcon.colcon_core.environment:checking '/root/ros2_ws/install/sllidar_ros2' for CMake module files
[2.232s] Level 1:colcon.colcon_core.environment:checking '/root/ros2_ws/install/sllidar_ros2' for CMake config files
[2.230s] DEBUG:colcon.colcon_core.event_handler.log_command:Invoked command in '/root/ros2_ws/build/sllidar_ros2' returned '0': CMAKE_PREFIX_PATH=${CMAKE_PREFIX_PATH}:/root/ros2_ws/install/laser_scan_reader:/root/ros2_ws/install/boat_control:/opt/ros/humble /usr/bin/cmake --install /root/ros2_ws/build/sllidar_ros2
[2.234s] Level 1:colcon.colcon_core.shell:create_environment_hook('sllidar_ros2', 'cmake_prefix_path')
[2.235s] INFO:colcon.colcon_core.shell:Creating environment hook '/root/ros2_ws/install/sllidar_ros2/share/sllidar_ros2/hook/cmake_prefix_path.ps1'
[2.237s] INFO:colcon.colcon_core.shell:Creating environment descriptor '/root/ros2_ws/install/sllidar_ros2/share/sllidar_ros2/hook/cmake_prefix_path.dsv'
[2.241s] INFO:colcon.colcon_core.shell:Creating environment hook '/root/ros2_ws/install/sllidar_ros2/share/sllidar_ros2/hook/cmake_prefix_path.sh'
[2.244s] Level 1:colcon.colcon_core.environment:checking '/root/ros2_ws/install/sllidar_ros2/lib'
[2.244s] Level 1:colcon.colcon_core.environment:checking '/root/ros2_ws/install/sllidar_ros2/bin'
[2.244s] Level 1:colcon.colcon_core.environment:checking '/root/ros2_ws/install/sllidar_ros2/lib/pkgconfig/sllidar_ros2.pc'
[2.245s] Level 1:colcon.colcon_core.environment:checking '/root/ros2_ws/install/sllidar_ros2/lib/python3.10/site-packages'
[2.245s] Level 1:colcon.colcon_core.environment:checking '/root/ros2_ws/install/sllidar_ros2/bin'
[2.246s] INFO:colcon.colcon_core.shell:Creating package script '/root/ros2_ws/install/sllidar_ros2/share/sllidar_ros2/package.ps1'
[2.248s] INFO:colcon.colcon_core.shell:Creating package descriptor '/root/ros2_ws/install/sllidar_ros2/share/sllidar_ros2/package.dsv'
[2.250s] INFO:colcon.colcon_core.shell:Creating package script '/root/ros2_ws/install/sllidar_ros2/share/sllidar_ros2/package.sh'
[2.252s] INFO:colcon.colcon_core.shell:Creating package script '/root/ros2_ws/install/sllidar_ros2/share/sllidar_ros2/package.bash'
[2.257s] INFO:colcon.colcon_core.shell:Creating package script '/root/ros2_ws/install/sllidar_ros2/share/sllidar_ros2/package.zsh'
[2.264s] Level 1:colcon.colcon_core.environment:create_file_with_runtime_dependencies(/root/ros2_ws/install/sllidar_ros2/share/colcon-core/packages/sllidar_ros2)
[2.269s] Level 1:colcon.colcon_core.environment:create_environment_scripts_only(sllidar_ros2)
[2.270s] Level 1:colcon.colcon_core.environment:checking '/root/ros2_ws/install/sllidar_ros2' for CMake module files
[2.272s] Level 1:colcon.colcon_core.environment:checking '/root/ros2_ws/install/sllidar_ros2' for CMake config files
[2.276s] Level 1:colcon.colcon_core.shell:create_environment_hook('sllidar_ros2', 'cmake_prefix_path')
[2.277s] INFO:colcon.colcon_core.shell:Creating environment hook '/root/ros2_ws/install/sllidar_ros2/share/sllidar_ros2/hook/cmake_prefix_path.ps1'
[2.281s] INFO:colcon.colcon_core.shell:Creating environment descriptor '/root/ros2_ws/install/sllidar_ros2/share/sllidar_ros2/hook/cmake_prefix_path.dsv'
[2.282s] INFO:colcon.colcon_core.shell:Creating environment hook '/root/ros2_ws/install/sllidar_ros2/share/sllidar_ros2/hook/cmake_prefix_path.sh'
[2.284s] Level 1:colcon.colcon_core.environment:checking '/root/ros2_ws/install/sllidar_ros2/lib'
[2.285s] Level 1:colcon.colcon_core.environment:checking '/root/ros2_ws/install/sllidar_ros2/bin'
[2.285s] Level 1:colcon.colcon_core.environment:checking '/root/ros2_ws/install/sllidar_ros2/lib/pkgconfig/sllidar_ros2.pc'
[2.285s] Level 1:colcon.colcon_core.environment:checking '/root/ros2_ws/install/sllidar_ros2/lib/python3.10/site-packages'
[2.286s] Level 1:colcon.colcon_core.environment:checking '/root/ros2_ws/install/sllidar_ros2/bin'
[2.286s] INFO:colcon.colcon_core.shell:Creating package script '/root/ros2_ws/install/sllidar_ros2/share/sllidar_ros2/package.ps1'
[2.287s] INFO:colcon.colcon_core.shell:Creating package descriptor '/root/ros2_ws/install/sllidar_ros2/share/sllidar_ros2/package.dsv'
[2.288s] INFO:colcon.colcon_core.shell:Creating package script '/root/ros2_ws/install/sllidar_ros2/share/sllidar_ros2/package.sh'
[2.293s] INFO:colcon.colcon_core.shell:Creating package script '/root/ros2_ws/install/sllidar_ros2/share/sllidar_ros2/package.bash'
[2.294s] INFO:colcon.colcon_core.shell:Creating package script '/root/ros2_ws/install/sllidar_ros2/share/sllidar_ros2/package.zsh'
[2.300s] Level 1:colcon.colcon_core.environment:create_file_with_runtime_dependencies(/root/ros2_ws/install/sllidar_ros2/share/colcon-core/packages/sllidar_ros2)
[2.305s] INFO:colcon.colcon_ros.task.ament_cmake.build:Building ROS package in '/root/ros2_ws/src/realsense-ros/realsense2_description' with build type 'ament_cmake'
[2.305s] INFO:colcon.colcon_cmake.task.cmake.build:Building CMake package in '/root/ros2_ws/src/realsense-ros/realsense2_description'
[2.307s] INFO:colcon.colcon_core.shell:Skip shell extension 'powershell' for command environment: Not usable outside of PowerShell
[2.308s] DEBUG:colcon.colcon_core.shell:Skip shell extension 'dsv' for command environment
[2.332s] DEBUG:colcon.colcon_core.event_handler.log_command:Invoking command in '/root/ros2_ws/src/laser_scan_reader': PYTHONPATH=/root/ros2_ws/build/laser_scan_reader/prefix_override:/usr/lib/python3/dist-packages/colcon_core/task/python/colcon_distutils_commands:/root/ros2_ws/install/laser_scan_reader/lib/python3.10/site-packages:${PYTHONPATH} /usr/bin/python3 -W ignore:setup.py install is deprecated -W ignore:easy_install command is deprecated setup.py egg_info --egg-base ../../build/laser_scan_reader build --build-base /root/ros2_ws/build/laser_scan_reader/build install --record /root/ros2_ws/build/laser_scan_reader/install.log --single-version-externally-managed install_data
[2.346s] DEBUG:colcon.colcon_core.event_handler.log_command:Invoked command in '/root/ros2_ws/build/realsense2_camera' returned '0': CMAKE_PREFIX_PATH=/root/ros2_ws/install/realsense2_camera_msgs:/root/ros2_ws/install/sllidar_ros2:/root/ros2_ws/install/sensor_launch:/root/ros2_ws/install/realsense2_description:/root/ros2_ws/install/realsense2_camera:/root/ros2_ws/install/laser_scan_reader:/root/ros2_ws/install/boat_control:/opt/ros/humble LD_LIBRARY_PATH=/root/ros2_ws/install/realsense2_camera_msgs/lib:/root/ros2_ws/install/realsense2_camera/lib:/opt/ros/humble/opt/rviz_ogre_vendor/lib:/opt/ros/humble/lib/aarch64-linux-gnu:/opt/ros/humble/lib /usr/bin/cmake --build /root/ros2_ws/build/realsense2_camera -- -j4 -l4
[2.347s] DEBUG:colcon.colcon_core.event_handler.log_command:Invoking command in '/root/ros2_ws/build/realsense2_camera': CMAKE_PREFIX_PATH=/root/ros2_ws/install/realsense2_camera_msgs:/root/ros2_ws/install/sllidar_ros2:/root/ros2_ws/install/sensor_launch:/root/ros2_ws/install/realsense2_description:/root/ros2_ws/install/realsense2_camera:/root/ros2_ws/install/laser_scan_reader:/root/ros2_ws/install/boat_control:/opt/ros/humble LD_LIBRARY_PATH=/root/ros2_ws/install/realsense2_camera_msgs/lib:/root/ros2_ws/install/realsense2_camera/lib:/opt/ros/humble/opt/rviz_ogre_vendor/lib:/opt/ros/humble/lib/aarch64-linux-gnu:/opt/ros/humble/lib /usr/bin/cmake --install /root/ros2_ws/build/realsense2_camera
[2.359s] DEBUG:colcon.colcon_core.event_handler.log_command:Invoking command in '/root/ros2_ws/build/realsense2_description': CMAKE_PREFIX_PATH=/root/ros2_ws/install/realsense2_camera_msgs:/root/ros2_ws/install/sllidar_ros2:/root/ros2_ws/install/sensor_launch:/root/ros2_ws/install/realsense2_description:/root/ros2_ws/install/realsense2_camera:/root/ros2_ws/install/laser_scan_reader:/root/ros2_ws/install/boat_control:/opt/ros/humble LD_LIBRARY_PATH=/root/ros2_ws/install/realsense2_camera_msgs/lib:/root/ros2_ws/install/realsense2_camera/lib:/opt/ros/humble/opt/rviz_ogre_vendor/lib:/opt/ros/humble/lib/aarch64-linux-gnu:/opt/ros/humble/lib /usr/bin/cmake --build /root/ros2_ws/build/realsense2_description -- -j4 -l4
[2.388s] DEBUG:colcon.colcon_core.event_handler.log_command:Invoking command in '/root/ros2_ws/src/boat_control': PYTHONPATH=/root/ros2_ws/build/boat_control/prefix_override:/usr/lib/python3/dist-packages/colcon_core/task/python/colcon_distutils_commands:/root/ros2_ws/install/boat_control/lib/python3.10/site-packages:${PYTHONPATH} /usr/bin/python3 -W ignore:setup.py install is deprecated -W ignore:easy_install command is deprecated setup.py egg_info --egg-base ../../build/boat_control build --build-base /root/ros2_ws/build/boat_control/build install --record /root/ros2_ws/build/boat_control/install.log --single-version-externally-managed
[2.391s] Level 1:colcon.colcon_core.environment:create_environment_scripts_only(realsense2_camera)
[2.392s] Level 1:colcon.colcon_core.environment:checking '/root/ros2_ws/install/realsense2_camera' for CMake module files
[2.393s] Level 1:colcon.colcon_core.environment:checking '/root/ros2_ws/install/realsense2_camera' for CMake config files
[2.398s] Level 1:colcon.colcon_core.shell:create_environment_hook('realsense2_camera', 'cmake_prefix_path')
[2.399s] INFO:colcon.colcon_core.shell:Creating environment hook '/root/ros2_ws/install/realsense2_camera/share/realsense2_camera/hook/cmake_prefix_path.ps1'
[2.402s] INFO:colcon.colcon_core.shell:Creating environment descriptor '/root/ros2_ws/install/realsense2_camera/share/realsense2_camera/hook/cmake_prefix_path.dsv'
[2.406s] DEBUG:colcon.colcon_core.event_handler.log_command:Invoked command in '/root/ros2_ws/build/realsense2_camera' returned '0': CMAKE_PREFIX_PATH=/root/ros2_ws/install/realsense2_camera_msgs:/root/ros2_ws/install/sllidar_ros2:/root/ros2_ws/install/sensor_launch:/root/ros2_ws/install/realsense2_description:/root/ros2_ws/install/realsense2_camera:/root/ros2_ws/install/laser_scan_reader:/root/ros2_ws/install/boat_control:/opt/ros/humble LD_LIBRARY_PATH=/root/ros2_ws/install/realsense2_camera_msgs/lib:/root/ros2_ws/install/realsense2_camera/lib:/opt/ros/humble/opt/rviz_ogre_vendor/lib:/opt/ros/humble/lib/aarch64-linux-gnu:/opt/ros/humble/lib /usr/bin/cmake --install /root/ros2_ws/build/realsense2_camera
[2.407s] INFO:colcon.colcon_core.shell:Creating environment hook '/root/ros2_ws/install/realsense2_camera/share/realsense2_camera/hook/cmake_prefix_path.sh'
[2.414s] Level 1:colcon.colcon_core.environment:checking '/root/ros2_ws/install/realsense2_camera/lib'
[2.414s] Level 1:colcon.colcon_core.shell:create_environment_hook('realsense2_camera', 'ld_library_path_lib')
[2.415s] INFO:colcon.colcon_core.shell:Creating environment hook '/root/ros2_ws/install/realsense2_camera/share/realsense2_camera/hook/ld_library_path_lib.ps1'
[2.416s] INFO:colcon.colcon_core.shell:Creating environment descriptor '/root/ros2_ws/install/realsense2_camera/share/realsense2_camera/hook/ld_library_path_lib.dsv'
[2.417s] INFO:colcon.colcon_core.shell:Creating environment hook '/root/ros2_ws/install/realsense2_camera/share/realsense2_camera/hook/ld_library_path_lib.sh'
[2.421s] Level 1:colcon.colcon_core.environment:checking '/root/ros2_ws/install/realsense2_camera/bin'
[2.422s] Level 1:colcon.colcon_core.environment:checking '/root/ros2_ws/install/realsense2_camera/lib/pkgconfig/realsense2_camera.pc'
[2.422s] Level 1:colcon.colcon_core.environment:checking '/root/ros2_ws/install/realsense2_camera/lib/python3.10/site-packages'
[2.422s] Level 1:colcon.colcon_core.environment:checking '/root/ros2_ws/install/realsense2_camera/bin'
[2.423s] INFO:colcon.colcon_core.shell:Creating package script '/root/ros2_ws/install/realsense2_camera/share/realsense2_camera/package.ps1'
[2.426s] INFO:colcon.colcon_core.shell:Creating package descriptor '/root/ros2_ws/install/realsense2_camera/share/realsense2_camera/package.dsv'
[2.430s] INFO:colcon.colcon_core.shell:Creating package script '/root/ros2_ws/install/realsense2_camera/share/realsense2_camera/package.sh'
[2.431s] INFO:colcon.colcon_core.shell:Creating package script '/root/ros2_ws/install/realsense2_camera/share/realsense2_camera/package.bash'
[2.435s] INFO:colcon.colcon_core.shell:Creating package script '/root/ros2_ws/install/realsense2_camera/share/realsense2_camera/package.zsh'
[2.439s] Level 1:colcon.colcon_core.environment:create_file_with_runtime_dependencies(/root/ros2_ws/install/realsense2_camera/share/colcon-core/packages/realsense2_camera)
[2.444s] Level 1:colcon.colcon_core.environment:create_environment_scripts_only(realsense2_camera)
[2.445s] Level 1:colcon.colcon_core.environment:checking '/root/ros2_ws/install/realsense2_camera' for CMake module files
[2.446s] Level 1:colcon.colcon_core.environment:checking '/root/ros2_ws/install/realsense2_camera' for CMake config files
[2.447s] Level 1:colcon.colcon_core.shell:create_environment_hook('realsense2_camera', 'cmake_prefix_path')
[2.448s] INFO:colcon.colcon_core.shell:Creating environment hook '/root/ros2_ws/install/realsense2_camera/share/realsense2_camera/hook/cmake_prefix_path.ps1'
[2.449s] INFO:colcon.colcon_core.shell:Creating environment descriptor '/root/ros2_ws/install/realsense2_camera/share/realsense2_camera/hook/cmake_prefix_path.dsv'
[2.453s] INFO:colcon.colcon_core.shell:Creating environment hook '/root/ros2_ws/install/realsense2_camera/share/realsense2_camera/hook/cmake_prefix_path.sh'
[2.458s] Level 1:colcon.colcon_core.environment:checking '/root/ros2_ws/install/realsense2_camera/lib'
[2.458s] Level 1:colcon.colcon_core.shell:create_environment_hook('realsense2_camera', 'ld_library_path_lib')
[2.458s] INFO:colcon.colcon_core.shell:Creating environment hook '/root/ros2_ws/install/realsense2_camera/share/realsense2_camera/hook/ld_library_path_lib.ps1'
[2.462s] INFO:colcon.colcon_core.shell:Creating environment descriptor '/root/ros2_ws/install/realsense2_camera/share/realsense2_camera/hook/ld_library_path_lib.dsv'
[2.465s] INFO:colcon.colcon_core.shell:Creating environment hook '/root/ros2_ws/install/realsense2_camera/share/realsense2_camera/hook/ld_library_path_lib.sh'
[2.470s] Level 1:colcon.colcon_core.environment:checking '/root/ros2_ws/install/realsense2_camera/bin'
[2.470s] Level 1:colcon.colcon_core.environment:checking '/root/ros2_ws/install/realsense2_camera/lib/pkgconfig/realsense2_camera.pc'
[2.471s] Level 1:colcon.colcon_core.environment:checking '/root/ros2_ws/install/realsense2_camera/lib/python3.10/site-packages'
[2.471s] Level 1:colcon.colcon_core.environment:checking '/root/ros2_ws/install/realsense2_camera/bin'
[2.472s] INFO:colcon.colcon_core.shell:Creating package script '/root/ros2_ws/install/realsense2_camera/share/realsense2_camera/package.ps1'
[2.474s] INFO:colcon.colcon_core.shell:Creating package descriptor '/root/ros2_ws/install/realsense2_camera/share/realsense2_camera/package.dsv'
[2.480s] INFO:colcon.colcon_core.shell:Creating package script '/root/ros2_ws/install/realsense2_camera/share/realsense2_camera/package.sh'
[2.486s] INFO:colcon.colcon_core.shell:Creating package script '/root/ros2_ws/install/realsense2_camera/share/realsense2_camera/package.bash'
[2.490s] INFO:colcon.colcon_core.shell:Creating package script '/root/ros2_ws/install/realsense2_camera/share/realsense2_camera/package.zsh'
[2.494s] Level 1:colcon.colcon_core.environment:create_file_with_runtime_dependencies(/root/ros2_ws/install/realsense2_camera/share/colcon-core/packages/realsense2_camera)
[2.503s] DEBUG:colcon.colcon_core.event_handler.log_command:Invoked command in '/root/ros2_ws/build/realsense2_description' returned '0': CMAKE_PREFIX_PATH=/root/ros2_ws/install/realsense2_camera_msgs:/root/ros2_ws/install/sllidar_ros2:/root/ros2_ws/install/sensor_launch:/root/ros2_ws/install/realsense2_description:/root/ros2_ws/install/realsense2_camera:/root/ros2_ws/install/laser_scan_reader:/root/ros2_ws/install/boat_control:/opt/ros/humble LD_LIBRARY_PATH=/root/ros2_ws/install/realsense2_camera_msgs/lib:/root/ros2_ws/install/realsense2_camera/lib:/opt/ros/humble/opt/rviz_ogre_vendor/lib:/opt/ros/humble/lib/aarch64-linux-gnu:/opt/ros/humble/lib /usr/bin/cmake --build /root/ros2_ws/build/realsense2_description -- -j4 -l4
[2.504s] DEBUG:colcon.colcon_core.event_handler.log_command:Invoking command in '/root/ros2_ws/build/realsense2_description': CMAKE_PREFIX_PATH=/root/ros2_ws/install/realsense2_camera_msgs:/root/ros2_ws/install/sllidar_ros2:/root/ros2_ws/install/sensor_launch:/root/ros2_ws/install/realsense2_description:/root/ros2_ws/install/realsense2_camera:/root/ros2_ws/install/laser_scan_reader:/root/ros2_ws/install/boat_control:/opt/ros/humble LD_LIBRARY_PATH=/root/ros2_ws/install/realsense2_camera_msgs/lib:/root/ros2_ws/install/realsense2_camera/lib:/opt/ros/humble/opt/rviz_ogre_vendor/lib:/opt/ros/humble/lib/aarch64-linux-gnu:/opt/ros/humble/lib /usr/bin/cmake --install /root/ros2_ws/build/realsense2_description
[2.534s] Level 1:colcon.colcon_core.environment:create_environment_scripts_only(realsense2_description)
[2.534s] Level 1:colcon.colcon_core.environment:checking '/root/ros2_ws/install/realsense2_description' for CMake module files
[2.535s] DEBUG:colcon.colcon_core.event_handler.log_command:Invoked command in '/root/ros2_ws/build/realsense2_description' returned '0': CMAKE_PREFIX_PATH=/root/ros2_ws/install/realsense2_camera_msgs:/root/ros2_ws/install/sllidar_ros2:/root/ros2_ws/install/sensor_launch:/root/ros2_ws/install/realsense2_description:/root/ros2_ws/install/realsense2_camera:/root/ros2_ws/install/laser_scan_reader:/root/ros2_ws/install/boat_control:/opt/ros/humble LD_LIBRARY_PATH=/root/ros2_ws/install/realsense2_camera_msgs/lib:/root/ros2_ws/install/realsense2_camera/lib:/opt/ros/humble/opt/rviz_ogre_vendor/lib:/opt/ros/humble/lib/aarch64-linux-gnu:/opt/ros/humble/lib /usr/bin/cmake --install /root/ros2_ws/build/realsense2_description
[2.536s] Level 1:colcon.colcon_core.environment:checking '/root/ros2_ws/install/realsense2_description' for CMake config files
[2.536s] Level 1:colcon.colcon_core.shell:create_environment_hook('realsense2_description', 'cmake_prefix_path')
[2.537s] INFO:colcon.colcon_core.shell:Creating environment hook '/root/ros2_ws/install/realsense2_description/share/realsense2_description/hook/cmake_prefix_path.ps1'
[2.538s] INFO:colcon.colcon_core.shell:Creating environment descriptor '/root/ros2_ws/install/realsense2_description/share/realsense2_description/hook/cmake_prefix_path.dsv'
[2.542s] INFO:colcon.colcon_core.shell:Creating environment hook '/root/ros2_ws/install/realsense2_description/share/realsense2_description/hook/cmake_prefix_path.sh'
[2.545s] Level 1:colcon.colcon_core.environment:checking '/root/ros2_ws/install/realsense2_description/bin'
[2.545s] Level 1:colcon.colcon_core.environment:checking '/root/ros2_ws/install/realsense2_description/lib/pkgconfig/realsense2_description.pc'
[2.546s] Level 1:colcon.colcon_core.environment:checking '/root/ros2_ws/install/realsense2_description/lib/python3.10/site-packages'
[2.546s] Level 1:colcon.colcon_core.environment:checking '/root/ros2_ws/install/realsense2_description/bin'
[2.546s] INFO:colcon.colcon_core.shell:Creating package script '/root/ros2_ws/install/realsense2_description/share/realsense2_description/package.ps1'
[2.549s] INFO:colcon.colcon_core.shell:Creating package descriptor '/root/ros2_ws/install/realsense2_description/share/realsense2_description/package.dsv'
[2.553s] INFO:colcon.colcon_core.shell:Creating package script '/root/ros2_ws/install/realsense2_description/share/realsense2_description/package.sh'
[2.558s] INFO:colcon.colcon_core.shell:Creating package script '/root/ros2_ws/install/realsense2_description/share/realsense2_description/package.bash'
[2.559s] INFO:colcon.colcon_core.shell:Creating package script '/root/ros2_ws/install/realsense2_description/share/realsense2_description/package.zsh'
[2.562s] Level 1:colcon.colcon_core.environment:create_file_with_runtime_dependencies(/root/ros2_ws/install/realsense2_description/share/colcon-core/packages/realsense2_description)
[2.567s] Level 1:colcon.colcon_core.environment:create_environment_scripts_only(realsense2_description)
[2.568s] Level 1:colcon.colcon_core.environment:checking '/root/ros2_ws/install/realsense2_description' for CMake module files
[2.569s] Level 1:colcon.colcon_core.environment:checking '/root/ros2_ws/install/realsense2_description' for CMake config files
[2.570s] Level 1:colcon.colcon_core.shell:create_environment_hook('realsense2_description', 'cmake_prefix_path')
[2.570s] INFO:colcon.colcon_core.shell:Creating environment hook '/root/ros2_ws/install/realsense2_description/share/realsense2_description/hook/cmake_prefix_path.ps1'
[2.574s] INFO:colcon.colcon_core.shell:Creating environment descriptor '/root/ros2_ws/install/realsense2_description/share/realsense2_description/hook/cmake_prefix_path.dsv'
[2.576s] INFO:colcon.colcon_core.shell:Creating environment hook '/root/ros2_ws/install/realsense2_description/share/realsense2_description/hook/cmake_prefix_path.sh'
[2.578s] Level 1:colcon.colcon_core.environment:checking '/root/ros2_ws/install/realsense2_description/bin'
[2.578s] Level 1:colcon.colcon_core.environment:checking '/root/ros2_ws/install/realsense2_description/lib/pkgconfig/realsense2_description.pc'
[2.578s] Level 1:colcon.colcon_core.environment:checking '/root/ros2_ws/install/realsense2_description/lib/python3.10/site-packages'
[2.579s] Level 1:colcon.colcon_core.environment:checking '/root/ros2_ws/install/realsense2_description/bin'
[2.579s] INFO:colcon.colcon_core.shell:Creating package script '/root/ros2_ws/install/realsense2_description/share/realsense2_description/package.ps1'
[2.580s] INFO:colcon.colcon_core.shell:Creating package descriptor '/root/ros2_ws/install/realsense2_description/share/realsense2_description/package.dsv'
[2.581s] INFO:colcon.colcon_core.shell:Creating package script '/root/ros2_ws/install/realsense2_description/share/realsense2_description/package.sh'
[2.582s] INFO:colcon.colcon_core.shell:Creating package script '/root/ros2_ws/install/realsense2_description/share/realsense2_description/package.bash'
[2.586s] INFO:colcon.colcon_core.shell:Creating package script '/root/ros2_ws/install/realsense2_description/share/realsense2_description/package.zsh'
[2.590s] Level 1:colcon.colcon_core.environment:create_file_with_runtime_dependencies(/root/ros2_ws/install/realsense2_description/share/colcon-core/packages/realsense2_description)
[2.904s] Level 1:colcon.colcon_core.environment:checking '/root/ros2_ws/install/boat_control' for CMake module files
[2.904s] DEBUG:colcon.colcon_core.event_handler.log_command:Invoked command in '/root/ros2_ws/src/boat_control' returned '0': PYTHONPATH=/root/ros2_ws/build/boat_control/prefix_override:/usr/lib/python3/dist-packages/colcon_core/task/python/colcon_distutils_commands:/root/ros2_ws/install/boat_control/lib/python3.10/site-packages:${PYTHONPATH} /usr/bin/python3 -W ignore:setup.py install is deprecated -W ignore:easy_install command is deprecated setup.py egg_info --egg-base ../../build/boat_control build --build-base /root/ros2_ws/build/boat_control/build install --record /root/ros2_ws/build/boat_control/install.log --single-version-externally-managed
[2.905s] Level 1:colcon.colcon_core.environment:checking '/root/ros2_ws/install/boat_control' for CMake config files
[2.906s] Level 1:colcon.colcon_core.environment:checking '/root/ros2_ws/install/boat_control/lib'
[2.906s] Level 1:colcon.colcon_core.environment:checking '/root/ros2_ws/install/boat_control/bin'
[2.906s] Level 1:colcon.colcon_core.shell:create_environment_hook('boat_control', 'path')
[2.907s] INFO:colcon.colcon_core.shell:Creating environment hook '/root/ros2_ws/install/boat_control/share/boat_control/hook/path.ps1'
[2.908s] INFO:colcon.colcon_core.shell:Creating environment descriptor '/root/ros2_ws/install/boat_control/share/boat_control/hook/path.dsv'
[2.910s] INFO:colcon.colcon_core.shell:Creating environment hook '/root/ros2_ws/install/boat_control/share/boat_control/hook/path.sh'
[2.911s] Level 1:colcon.colcon_core.environment:checking '/root/ros2_ws/install/boat_control/lib/pkgconfig/boat_control.pc'
[2.912s] Level 1:colcon.colcon_core.environment:checking '/root/ros2_ws/install/boat_control/lib/python3.10/site-packages'
[2.912s] Level 1:colcon.colcon_core.shell:create_environment_hook('boat_control', 'pythonpath')
[2.912s] INFO:colcon.colcon_core.shell:Creating environment hook '/root/ros2_ws/install/boat_control/share/boat_control/hook/pythonpath.ps1'
[2.913s] INFO:colcon.colcon_core.shell:Creating environment descriptor '/root/ros2_ws/install/boat_control/share/boat_control/hook/pythonpath.dsv'
[2.913s] INFO:colcon.colcon_core.shell:Creating environment hook '/root/ros2_ws/install/boat_control/share/boat_control/hook/pythonpath.sh'
[2.915s] Level 1:colcon.colcon_core.environment:checking '/root/ros2_ws/install/boat_control/bin'
[2.915s] Level 1:colcon.colcon_core.shell:create_environment_hook('boat_control', 'pythonscriptspath')
[2.915s] INFO:colcon.colcon_core.shell:Creating environment hook '/root/ros2_ws/install/boat_control/share/boat_control/hook/pythonscriptspath.ps1'
[2.916s] INFO:colcon.colcon_core.shell:Creating environment descriptor '/root/ros2_ws/install/boat_control/share/boat_control/hook/pythonscriptspath.dsv'
[2.916s] INFO:colcon.colcon_core.shell:Creating environment hook '/root/ros2_ws/install/boat_control/share/boat_control/hook/pythonscriptspath.sh'
[2.917s] Level 1:colcon.colcon_core.environment:create_environment_scripts_only(boat_control)
[2.918s] INFO:colcon.colcon_core.shell:Creating package script '/root/ros2_ws/install/boat_control/share/boat_control/package.ps1'
[2.921s] INFO:colcon.colcon_core.shell:Creating package descriptor '/root/ros2_ws/install/boat_control/share/boat_control/package.dsv'
[2.925s] INFO:colcon.colcon_core.shell:Creating package script '/root/ros2_ws/install/boat_control/share/boat_control/package.sh'
[2.929s] INFO:colcon.colcon_core.shell:Creating package script '/root/ros2_ws/install/boat_control/share/boat_control/package.bash'
[2.934s] INFO:colcon.colcon_core.shell:Creating package script '/root/ros2_ws/install/boat_control/share/boat_control/package.zsh'
[2.938s] Level 1:colcon.colcon_core.environment:create_file_with_runtime_dependencies(/root/ros2_ws/install/boat_control/share/colcon-core/packages/boat_control)
[2.942s] Level 1:colcon.colcon_core.environment:checking '/root/ros2_ws/install/laser_scan_reader' for CMake module files
[2.944s] Level 1:colcon.colcon_core.environment:checking '/root/ros2_ws/install/laser_scan_reader' for CMake config files
[2.946s] DEBUG:colcon.colcon_core.event_handler.log_command:Invoked command in '/root/ros2_ws/src/laser_scan_reader' returned '0': PYTHONPATH=/root/ros2_ws/build/laser_scan_reader/prefix_override:/usr/lib/python3/dist-packages/colcon_core/task/python/colcon_distutils_commands:/root/ros2_ws/install/laser_scan_reader/lib/python3.10/site-packages:${PYTHONPATH} /usr/bin/python3 -W ignore:setup.py install is deprecated -W ignore:easy_install command is deprecated setup.py egg_info --egg-base ../../build/laser_scan_reader build --build-base /root/ros2_ws/build/laser_scan_reader/build install --record /root/ros2_ws/build/laser_scan_reader/install.log --single-version-externally-managed install_data
[2.948s] Level 1:colcon.colcon_core.environment:checking '/root/ros2_ws/install/laser_scan_reader/lib'
[2.950s] Level 1:colcon.colcon_core.environment:checking '/root/ros2_ws/install/laser_scan_reader/bin'
[2.950s] Level 1:colcon.colcon_core.shell:create_environment_hook('laser_scan_reader', 'path')
[2.951s] INFO:colcon.colcon_core.shell:Creating environment hook '/root/ros2_ws/install/laser_scan_reader/share/laser_scan_reader/hook/path.ps1'
[2.952s] INFO:colcon.colcon_core.shell:Creating environment descriptor '/root/ros2_ws/install/laser_scan_reader/share/laser_scan_reader/hook/path.dsv'
[2.956s] INFO:colcon.colcon_core.shell:Creating environment hook '/root/ros2_ws/install/laser_scan_reader/share/laser_scan_reader/hook/path.sh'
[2.961s] Level 1:colcon.colcon_core.environment:checking '/root/ros2_ws/install/laser_scan_reader/lib/pkgconfig/laser_scan_reader.pc'
[2.961s] Level 1:colcon.colcon_core.environment:checking '/root/ros2_ws/install/laser_scan_reader/lib/python3.10/site-packages'
[2.961s] Level 1:colcon.colcon_core.shell:create_environment_hook('laser_scan_reader', 'pythonpath')
[2.962s] INFO:colcon.colcon_core.shell:Creating environment hook '/root/ros2_ws/install/laser_scan_reader/share/laser_scan_reader/hook/pythonpath.ps1'
[2.962s] INFO:colcon.colcon_core.shell:Creating environment descriptor '/root/ros2_ws/install/laser_scan_reader/share/laser_scan_reader/hook/pythonpath.dsv'
[2.966s] INFO:colcon.colcon_core.shell:Creating environment hook '/root/ros2_ws/install/laser_scan_reader/share/laser_scan_reader/hook/pythonpath.sh'
[2.972s] Level 1:colcon.colcon_core.environment:checking '/root/ros2_ws/install/laser_scan_reader/bin'
[2.972s] Level 1:colcon.colcon_core.shell:create_environment_hook('laser_scan_reader', 'pythonscriptspath')
[2.973s] INFO:colcon.colcon_core.shell:Creating environment hook '/root/ros2_ws/install/laser_scan_reader/share/laser_scan_reader/hook/pythonscriptspath.ps1'
[2.976s] INFO:colcon.colcon_core.shell:Creating environment descriptor '/root/ros2_ws/install/laser_scan_reader/share/laser_scan_reader/hook/pythonscriptspath.dsv'
[2.977s] INFO:colcon.colcon_core.shell:Creating environment hook '/root/ros2_ws/install/laser_scan_reader/share/laser_scan_reader/hook/pythonscriptspath.sh'
[2.981s] Level 1:colcon.colcon_core.environment:create_environment_scripts_only(laser_scan_reader)
[2.982s] INFO:colcon.colcon_core.shell:Creating package script '/root/ros2_ws/install/laser_scan_reader/share/laser_scan_reader/package.ps1'
[2.985s] INFO:colcon.colcon_core.shell:Creating package descriptor '/root/ros2_ws/install/laser_scan_reader/share/laser_scan_reader/package.dsv'
[2.989s] INFO:colcon.colcon_core.shell:Creating package script '/root/ros2_ws/install/laser_scan_reader/share/laser_scan_reader/package.sh'
[2.990s] INFO:colcon.colcon_core.shell:Creating package script '/root/ros2_ws/install/laser_scan_reader/share/laser_scan_reader/package.bash'
[2.994s] INFO:colcon.colcon_core.shell:Creating package script '/root/ros2_ws/install/laser_scan_reader/share/laser_scan_reader/package.zsh'
[2.998s] Level 1:colcon.colcon_core.environment:create_file_with_runtime_dependencies(/root/ros2_ws/install/laser_scan_reader/share/colcon-core/packages/laser_scan_reader)
[3.003s] DEBUG:colcon.colcon_parallel_executor.executor.parallel:closing loop
[3.003s] DEBUG:colcon.colcon_parallel_executor.executor.parallel:loop closed
[3.003s] DEBUG:colcon.colcon_parallel_executor.executor.parallel:run_until_complete finished with '0'
[3.004s] DEBUG:colcon.colcon_core.event_reactor:joining thread
[3.019s] INFO:colcon.colcon_core.plugin_system:Skipping extension 'colcon_notification.desktop_notification.notify_send': Could not find 'notify-send'
[3.019s] INFO:colcon.colcon_core.plugin_system:Skipping extension 'colcon_notification.desktop_notification.terminal_notifier': Not used on non-Darwin systems
[3.019s] INFO:colcon.colcon_core.plugin_system:Skipping extension 'colcon_notification.desktop_notification.win32': Not used on non-Windows systems
[3.020s] INFO:colcon.colcon_notification.desktop_notification:Sending desktop notification using 'notify2'
[3.020s] DEBUG:colcon.colcon_notification.desktop_notification.notify2:Failed to initialize notify2: org.freedesktop.DBus.Error.NotSupported: Unable to autolaunch a dbus-daemon without a $DISPLAY for X11
[3.020s] DEBUG:colcon.colcon_core.event_reactor:joined thread
[3.020s] INFO:colcon.colcon_core.shell:Creating prefix script '/root/ros2_ws/install/local_setup.ps1'
[3.022s] INFO:colcon.colcon_core.shell:Creating prefix util module '/root/ros2_ws/install/_local_setup_util_ps1.py'
[3.025s] INFO:colcon.colcon_core.shell:Creating prefix chain script '/root/ros2_ws/install/setup.ps1'
[3.030s] INFO:colcon.colcon_core.shell:Creating prefix script '/root/ros2_ws/install/local_setup.sh'
[3.034s] INFO:colcon.colcon_core.shell:Creating prefix util module '/root/ros2_ws/install/_local_setup_util_sh.py'
[3.038s] INFO:colcon.colcon_core.shell:Creating prefix chain script '/root/ros2_ws/install/setup.sh'
[3.043s] INFO:colcon.colcon_core.shell:Creating prefix script '/root/ros2_ws/install/local_setup.bash'
[3.045s] INFO:colcon.colcon_core.shell:Creating prefix chain script '/root/ros2_ws/install/setup.bash'
[3.050s] INFO:colcon.colcon_core.shell:Creating prefix script '/root/ros2_ws/install/local_setup.zsh'
[3.054s] INFO:colcon.colcon_core.shell:Creating prefix chain script '/root/ros2_ws/install/setup.zsh'
