[0.602s] Invoking command in '/root/ros2_ws/build/sensor_launch': CMAKE_PREFIX_PATH=${CMAKE_PREFIX_PATH}:/root/ros2_ws/install/boat_control:/opt/ros/humble /usr/bin/cmake --build /root/ros2_ws/build/sensor_launch -- -j4 -l4
[0.741s] Invoked command in '/root/ros2_ws/build/sensor_launch' returned '0': CMAKE_PREFIX_PATH=${CMAKE_PREFIX_PATH}:/root/ros2_ws/install/boat_control:/opt/ros/humble /usr/bin/cmake --build /root/ros2_ws/build/sensor_launch -- -j4 -l4
[0.789s] Invoking command in '/root/ros2_ws/build/sensor_launch': CMAKE_PREFIX_PATH=${CMAKE_PREFIX_PATH}:/root/ros2_ws/install/boat_control:/opt/ros/humble /usr/bin/cmake --install /root/ros2_ws/build/sensor_launch
[0.822s] -- Install configuration: ""
[0.834s] -- Up-to-date: /root/ros2_ws/install/sensor_launch/share/sensor_launch//launch
[0.916s] -- Up-to-date: /root/ros2_ws/install/sensor_launch/share/sensor_launch//launch/all_sensors.launch.py
[0.937s] -- Up-to-date: /root/ros2_ws/install/sensor_launch/share/sensor_launch//launch/all_sensors_with_rviz.launch.py
[0.953s] -- Up-to-date: /root/ros2_ws/install/sensor_launch/share/ament_index/resource_index/package_run_dependencies/sensor_launch
[1.009s] -- Up-to-date: /root/ros2_ws/install/sensor_launch/share/ament_index/resource_index/parent_prefix_path/sensor_launch
[1.040s] -- Up-to-date: /root/ros2_ws/install/sensor_launch/share/sensor_launch/environment/ament_prefix_path.sh
[1.063s] -- Up-to-date: /root/ros2_ws/install/sensor_launch/share/sensor_launch/environment/ament_prefix_path.dsv
[1.080s] -- Up-to-date: /root/ros2_ws/install/sensor_launch/share/sensor_launch/environment/path.sh
[1.095s] -- Up-to-date: /root/ros2_ws/install/sensor_launch/share/sensor_launch/environment/path.dsv
[1.109s] -- Up-to-date: /root/ros2_ws/install/sensor_launch/share/sensor_launch/local_setup.bash
[1.124s] -- Up-to-date: /root/ros2_ws/install/sensor_launch/share/sensor_launch/local_setup.sh
[1.147s] -- Up-to-date: /root/ros2_ws/install/sensor_launch/share/sensor_launch/local_setup.zsh
[1.168s] -- Up-to-date: /root/ros2_ws/install/sensor_launch/share/sensor_launch/local_setup.dsv
[1.199s] -- Installing: /root/ros2_ws/install/sensor_launch/share/sensor_launch/package.dsv
[1.200s] -- Up-to-date: /root/ros2_ws/install/sensor_launch/share/ament_index/resource_index/packages/sensor_launch
[1.264s] -- Up-to-date: /root/ros2_ws/install/sensor_launch/share/sensor_launch/cmake/sensor_launchConfig.cmake
[1.310s] -- Up-to-date: /root/ros2_ws/install/sensor_launch/share/sensor_launch/cmake/sensor_launchConfig-version.cmake
[1.329s] -- Up-to-date: /root/ros2_ws/install/sensor_launch/share/sensor_launch/package.xml
[1.398s] Invoked command in '/root/ros2_ws/build/sensor_launch' returned '0': CMAKE_PREFIX_PATH=${CMAKE_PREFIX_PATH}:/root/ros2_ws/install/boat_control:/opt/ros/humble /usr/bin/cmake --install /root/ros2_ws/build/sensor_launch
