[1.936s] Invoking command in '/root/ros2_ws/src/boat_control': PYTHONPATH=/root/ros2_ws/build/boat_control/prefix_override:/usr/lib/python3/dist-packages/colcon_core/task/python/colcon_distutils_commands:/root/ros2_ws/install/boat_control/lib/python3.10/site-packages:${PYTHONPATH} /usr/bin/python3 -W ignore:setup.py install is deprecated -W ignore:easy_install command is deprecated setup.py egg_info --egg-base ../../build/boat_control build --build-base /root/ros2_ws/build/boat_control/build install --record /root/ros2_ws/build/boat_control/install.log --single-version-externally-managed
[2.289s] running egg_info
[2.291s] writing ../../build/boat_control/boat_control.egg-info/PKG-INFO
[2.291s] writing dependency_links to ../../build/boat_control/boat_control.egg-info/dependency_links.txt
[2.291s] writing entry points to ../../build/boat_control/boat_control.egg-info/entry_points.txt
[2.291s] writing requirements to ../../build/boat_control/boat_control.egg-info/requires.txt
[2.291s] writing top-level names to ../../build/boat_control/boat_control.egg-info/top_level.txt
[2.294s] reading manifest file '../../build/boat_control/boat_control.egg-info/SOURCES.txt'
[2.296s] writing manifest file '../../build/boat_control/boat_control.egg-info/SOURCES.txt'
[2.296s] running build
[2.296s] running build_py
[2.296s] running install
[2.297s] running install_lib
[2.299s] running install_egg_info
[2.302s] removing '/root/ros2_ws/install/boat_control/lib/python3.10/site-packages/boat_control-0.0.0-py3.10.egg-info' (and everything under it)
[2.302s] Copying ../../build/boat_control/boat_control.egg-info to /root/ros2_ws/install/boat_control/lib/python3.10/site-packages/boat_control-0.0.0-py3.10.egg-info
[2.304s] running install_scripts
[2.347s] Installing keyboard_teleop script to /root/ros2_ws/install/boat_control/bin
[2.347s] writing list of installed files to '/root/ros2_ws/build/boat_control/install.log'
[2.449s] Invoked command in '/root/ros2_ws/src/boat_control' returned '0': PYTHONPATH=/root/ros2_ws/build/boat_control/prefix_override:/usr/lib/python3/dist-packages/colcon_core/task/python/colcon_distutils_commands:/root/ros2_ws/install/boat_control/lib/python3.10/site-packages:${PYTHONPATH} /usr/bin/python3 -W ignore:setup.py install is deprecated -W ignore:easy_install command is deprecated setup.py egg_info --egg-base ../../build/boat_control build --build-base /root/ros2_ws/build/boat_control/build install --record /root/ros2_ws/build/boat_control/install.log --single-version-externally-managed
