[1.364s] Invoking command in '/root/ros2_ws/src/boat_control': PYTHONPATH=/root/ros2_ws/build/boat_control/prefix_override:/usr/lib/python3/dist-packages/colcon_core/task/python/colcon_distutils_commands:/root/ros2_ws/install/boat_control/lib/python3.10/site-packages:${PYTHONPATH} /usr/bin/python3 -W ignore:setup.py install is deprecated -W ignore:easy_install command is deprecated setup.py egg_info --egg-base ../../build/boat_control build --build-base /root/ros2_ws/build/boat_control/build install --record /root/ros2_ws/build/boat_control/install.log --single-version-externally-managed
[1.706s] running egg_info
[1.749s] writing ../../build/boat_control/boat_control.egg-info/PKG-INFO
[1.762s] writing dependency_links to ../../build/boat_control/boat_control.egg-info/dependency_links.txt
[1.786s] writing entry points to ../../build/boat_control/boat_control.egg-info/entry_points.txt
[1.798s] writing requirements to ../../build/boat_control/boat_control.egg-info/requires.txt
[1.819s] writing top-level names to ../../build/boat_control/boat_control.egg-info/top_level.txt
[1.840s] reading manifest file '../../build/boat_control/boat_control.egg-info/SOURCES.txt'
[1.843s] writing manifest file '../../build/boat_control/boat_control.egg-info/SOURCES.txt'
[1.872s] running build
[1.872s] running build_py
[1.885s] copying boat_control/keyboard_teleop.py -> /root/ros2_ws/build/boat_control/build/lib/boat_control
[1.959s] running install
[1.961s] running install_lib
[1.970s] copying /root/ros2_ws/build/boat_control/build/lib/boat_control/keyboard_teleop.py -> /root/ros2_ws/install/boat_control/lib/python3.10/site-packages/boat_control
[2.045s] byte-compiling /root/ros2_ws/install/boat_control/lib/python3.10/site-packages/boat_control/keyboard_teleop.py to keyboard_teleop.cpython-310.pyc
[2.063s] running install_egg_info
[2.072s] removing '/root/ros2_ws/install/boat_control/lib/python3.10/site-packages/boat_control-0.0.0-py3.10.egg-info' (and everything under it)
[2.129s] Copying ../../build/boat_control/boat_control.egg-info to /root/ros2_ws/install/boat_control/lib/python3.10/site-packages/boat_control-0.0.0-py3.10.egg-info
[2.143s] running install_scripts
[2.180s] Installing keyboard_teleop script to /root/ros2_ws/install/boat_control/bin
[2.214s] writing list of installed files to '/root/ros2_ws/build/boat_control/install.log'
[2.293s] Invoked command in '/root/ros2_ws/src/boat_control' returned '0': PYTHONPATH=/root/ros2_ws/build/boat_control/prefix_override:/usr/lib/python3/dist-packages/colcon_core/task/python/colcon_distutils_commands:/root/ros2_ws/install/boat_control/lib/python3.10/site-packages:${PYTHONPATH} /usr/bin/python3 -W ignore:setup.py install is deprecated -W ignore:easy_install command is deprecated setup.py egg_info --egg-base ../../build/boat_control build --build-base /root/ros2_ws/build/boat_control/build install --record /root/ros2_ws/build/boat_control/install.log --single-version-externally-managed
