[0.172s] Invoking command in '/root/ros2_ws/build/sllidar_ros2': CMAKE_PREFIX_PATH=${CMAKE_PREFIX_PATH}:/opt/ros/humble /usr/bin/cmake /root/ros2_ws/src/sllidar_ros2 -DCMAKE_INSTALL_PREFIX=/root/ros2_ws/install/sllidar_ros2
[0.205s] -- Found ament_cmake: 1.3.12 (/opt/ros/humble/share/ament_cmake/cmake)
[0.727s] -- Override CMake install command with custom implementation using symlinks instead of copying resources
[0.820s] -- Found rclcpp: 16.0.14 (/opt/ros/humble/share/rclcpp/cmake)
[0.869s] -- Found rosidl_generator_c: 3.1.7 (/opt/ros/humble/share/rosidl_generator_c/cmake)
[0.876s] -- Found rosidl_adapter: 3.1.7 (/opt/ros/humble/share/rosidl_adapter/cmake)
[0.889s] -- Found rosidl_generator_cpp: 3.1.7 (/opt/ros/humble/share/rosidl_generator_cpp/cmake)
[0.903s] -- Using all available rosidl_typesupport_c: rosidl_typesupport_fastrtps_c;rosidl_typesupport_introspection_c
[0.922s] -- Using all available rosidl_typesupport_cpp: rosidl_typesupport_fastrtps_cpp;rosidl_typesupport_introspection_cpp
[0.982s] -- Found rmw_implementation_cmake: 6.1.2 (/opt/ros/humble/share/rmw_implementation_cmake/cmake)
[0.985s] -- Found rmw_fastrtps_cpp: 6.2.8 (/opt/ros/humble/share/rmw_fastrtps_cpp/cmake)
[1.162s] -- Using RMW implementation 'rmw_fastrtps_cpp' as default
[1.251s] -- Found sensor_msgs: 4.9.0 (/opt/ros/humble/share/sensor_msgs/cmake)
[1.312s] -- Found std_srvs: 4.9.0 (/opt/ros/humble/share/std_srvs/cmake)
[1.785s] -- Configuring done
[2.049s] -- Generating done
[2.092s] -- Build files have been written to: /root/ros2_ws/build/sllidar_ros2
[2.115s] Invoked command in '/root/ros2_ws/build/sllidar_ros2' returned '0': CMAKE_PREFIX_PATH=${CMAKE_PREFIX_PATH}:/opt/ros/humble /usr/bin/cmake /root/ros2_ws/src/sllidar_ros2 -DCMAKE_INSTALL_PREFIX=/root/ros2_ws/install/sllidar_ros2
[2.124s] Invoking command in '/root/ros2_ws/build/sllidar_ros2': CMAKE_PREFIX_PATH=${CMAKE_PREFIX_PATH}:/opt/ros/humble /usr/bin/cmake --build /root/ros2_ws/build/sllidar_ros2 -- -j4 -l4
[2.223s] [35m[1mConsolidate compiler generated dependencies of target sllidar_client[0m
[2.227s] [35m[1mConsolidate compiler generated dependencies of target sllidar_node[0m
[2.290s] [ 90%] Built target sllidar_node
[2.316s] [100%] Built target sllidar_client
[2.341s] Invoked command in '/root/ros2_ws/build/sllidar_ros2' returned '0': CMAKE_PREFIX_PATH=${CMAKE_PREFIX_PATH}:/opt/ros/humble /usr/bin/cmake --build /root/ros2_ws/build/sllidar_ros2 -- -j4 -l4
[2.361s] Invoking command in '/root/ros2_ws/build/sllidar_ros2': CMAKE_PREFIX_PATH=${CMAKE_PREFIX_PATH}:/opt/ros/humble /usr/bin/cmake --install /root/ros2_ws/build/sllidar_ros2
[2.374s] -- Install configuration: ""
[2.395s] -- Execute custom install script
[2.396s] -- Up-to-date symlink: /root/ros2_ws/install/sllidar_ros2/share/sllidar_ros2/launch/sllidar_a1_launch.py
[2.396s] -- Up-to-date symlink: /root/ros2_ws/install/sllidar_ros2/share/sllidar_ros2/launch/sllidar_a2m12_launch .py
[2.396s] -- Up-to-date symlink: /root/ros2_ws/install/sllidar_ros2/share/sllidar_ros2/launch/sllidar_a2m7_launch.py
[2.396s] -- Up-to-date symlink: /root/ros2_ws/install/sllidar_ros2/share/sllidar_ros2/launch/sllidar_a2m8_launch.py
[2.396s] -- Up-to-date symlink: /root/ros2_ws/install/sllidar_ros2/share/sllidar_ros2/launch/sllidar_a3_launch.py
[2.396s] -- Up-to-date symlink: /root/ros2_ws/install/sllidar_ros2/share/sllidar_ros2/launch/sllidar_c1_launch.py
[2.397s] -- Up-to-date symlink: /root/ros2_ws/install/sllidar_ros2/share/sllidar_ros2/launch/sllidar_s1_launch.py
[2.397s] -- Up-to-date symlink: /root/ros2_ws/install/sllidar_ros2/share/sllidar_ros2/launch/sllidar_s1_tcp_launch.py
[2.397s] -- Up-to-date symlink: /root/ros2_ws/install/sllidar_ros2/share/sllidar_ros2/launch/sllidar_s2_launch.py
[2.410s] -- Up-to-date symlink: /root/ros2_ws/install/sllidar_ros2/share/sllidar_ros2/launch/sllidar_s2e_launch.py
[2.410s] -- Up-to-date symlink: /root/ros2_ws/install/sllidar_ros2/share/sllidar_ros2/launch/sllidar_s3_launch.py
[2.410s] -- Up-to-date symlink: /root/ros2_ws/install/sllidar_ros2/share/sllidar_ros2/launch/sllidar_t1_launch.py
[2.410s] -- Up-to-date symlink: /root/ros2_ws/install/sllidar_ros2/share/sllidar_ros2/launch/view_sllidar_a1_launch.py
[2.411s] -- Up-to-date symlink: /root/ros2_ws/install/sllidar_ros2/share/sllidar_ros2/launch/view_sllidar_a2m12_launch.py
[2.411s] -- Up-to-date symlink: /root/ros2_ws/install/sllidar_ros2/share/sllidar_ros2/launch/view_sllidar_a2m7_launch.py
[2.411s] -- Up-to-date symlink: /root/ros2_ws/install/sllidar_ros2/share/sllidar_ros2/launch/view_sllidar_a2m8_launch.py
[2.411s] -- Up-to-date symlink: /root/ros2_ws/install/sllidar_ros2/share/sllidar_ros2/launch/view_sllidar_a3_launch.py
[2.411s] -- Up-to-date symlink: /root/ros2_ws/install/sllidar_ros2/share/sllidar_ros2/launch/view_sllidar_c1_launch.py
[2.411s] -- Up-to-date symlink: /root/ros2_ws/install/sllidar_ros2/share/sllidar_ros2/launch/view_sllidar_s1_launch.py
[2.411s] -- Up-to-date symlink: /root/ros2_ws/install/sllidar_ros2/share/sllidar_ros2/launch/view_sllidar_s1_tcp_launch.py
[2.412s] -- Up-to-date symlink: /root/ros2_ws/install/sllidar_ros2/share/sllidar_ros2/launch/view_sllidar_s2_launch.py
[2.412s] -- Up-to-date symlink: /root/ros2_ws/install/sllidar_ros2/share/sllidar_ros2/launch/view_sllidar_s2e_launch.py
[2.412s] -- Up-to-date symlink: /root/ros2_ws/install/sllidar_ros2/share/sllidar_ros2/launch/view_sllidar_s3_launch.py
[2.412s] -- Up-to-date symlink: /root/ros2_ws/install/sllidar_ros2/share/sllidar_ros2/launch/view_sllidar_t1_launch.py
[2.413s] -- Up-to-date symlink: /root/ros2_ws/install/sllidar_ros2/share/sllidar_ros2/rviz/sllidar_ros2.rviz
[2.413s] -- Up-to-date symlink: /root/ros2_ws/install/sllidar_ros2/lib/sllidar_ros2/sllidar_node
[2.413s] -- Up-to-date symlink: /root/ros2_ws/install/sllidar_ros2/lib/sllidar_ros2/sllidar_client
[2.413s] -- Up-to-date symlink: /root/ros2_ws/install/sllidar_ros2/share/ament_index/resource_index/package_run_dependencies/sllidar_ros2
[2.414s] -- Up-to-date symlink: /root/ros2_ws/install/sllidar_ros2/share/ament_index/resource_index/parent_prefix_path/sllidar_ros2
[2.414s] -- Up-to-date symlink: /root/ros2_ws/install/sllidar_ros2/share/sllidar_ros2/environment/ament_prefix_path.sh
[2.414s] -- Up-to-date symlink: /root/ros2_ws/install/sllidar_ros2/share/sllidar_ros2/environment/ament_prefix_path.dsv
[2.414s] -- Up-to-date symlink: /root/ros2_ws/install/sllidar_ros2/share/sllidar_ros2/environment/path.sh
[2.414s] -- Up-to-date symlink: /root/ros2_ws/install/sllidar_ros2/share/sllidar_ros2/environment/path.dsv
[2.414s] -- Up-to-date symlink: /root/ros2_ws/install/sllidar_ros2/share/sllidar_ros2/local_setup.bash
[2.415s] -- Up-to-date symlink: /root/ros2_ws/install/sllidar_ros2/share/sllidar_ros2/local_setup.sh
[2.415s] -- Up-to-date symlink: /root/ros2_ws/install/sllidar_ros2/share/sllidar_ros2/local_setup.zsh
[2.415s] -- Up-to-date symlink: /root/ros2_ws/install/sllidar_ros2/share/sllidar_ros2/local_setup.dsv
[2.415s] -- Symlinking: /root/ros2_ws/install/sllidar_ros2/share/sllidar_ros2/package.dsv
[2.514s] -- Up-to-date symlink: /root/ros2_ws/install/sllidar_ros2/share/ament_index/resource_index/packages/sllidar_ros2
[2.516s] -- Up-to-date symlink: /root/ros2_ws/install/sllidar_ros2/share/sllidar_ros2/cmake/ament_cmake_export_dependencies-extras.cmake
[2.519s] -- Up-to-date symlink: /root/ros2_ws/install/sllidar_ros2/share/sllidar_ros2/cmake/ament_cmake_export_include_directories-extras.cmake
[2.521s] -- Up-to-date symlink: /root/ros2_ws/install/sllidar_ros2/share/sllidar_ros2/cmake/sllidar_ros2Config.cmake
[2.534s] -- Up-to-date symlink: /root/ros2_ws/install/sllidar_ros2/share/sllidar_ros2/cmake/sllidar_ros2Config-version.cmake
[2.534s] -- Up-to-date symlink: /root/ros2_ws/install/sllidar_ros2/share/sllidar_ros2/package.xml
[2.548s] Invoked command in '/root/ros2_ws/build/sllidar_ros2' returned '0': CMAKE_PREFIX_PATH=${CMAKE_PREFIX_PATH}:/opt/ros/humble /usr/bin/cmake --install /root/ros2_ws/build/sllidar_ros2
