[0.795s] Invoking command in '/root/ros2_ws/src/laser_scan_reader': PYTHONPATH=/root/ros2_ws/build/laser_scan_reader/prefix_override:/usr/lib/python3/dist-packages/colcon_core/task/python/colcon_distutils_commands:/root/ros2_ws/install/laser_scan_reader/lib/python3.10/site-packages:${PYTHONPATH} /usr/bin/python3 -W ignore:setup.py install is deprecated -W ignore:easy_install command is deprecated setup.py egg_info --egg-base ../../build/laser_scan_reader build --build-base /root/ros2_ws/build/laser_scan_reader/build install --record /root/ros2_ws/build/laser_scan_reader/install.log --single-version-externally-managed install_data
[1.071s] running egg_info
[1.072s] creating ../../build/laser_scan_reader/laser_scan_reader.egg-info
[1.072s] writing ../../build/laser_scan_reader/laser_scan_reader.egg-info/PKG-INFO
[1.072s] writing dependency_links to ../../build/laser_scan_reader/laser_scan_reader.egg-info/dependency_links.txt
[1.072s] writing entry points to ../../build/laser_scan_reader/laser_scan_reader.egg-info/entry_points.txt
[1.073s] writing requirements to ../../build/laser_scan_reader/laser_scan_reader.egg-info/requires.txt
[1.073s] writing top-level names to ../../build/laser_scan_reader/laser_scan_reader.egg-info/top_level.txt
[1.073s] writing manifest file '../../build/laser_scan_reader/laser_scan_reader.egg-info/SOURCES.txt'
[1.075s] reading manifest file '../../build/laser_scan_reader/laser_scan_reader.egg-info/SOURCES.txt'
[1.076s] writing manifest file '../../build/laser_scan_reader/laser_scan_reader.egg-info/SOURCES.txt'
[1.076s] running build
[1.076s] running build_py
[1.077s] creating /root/ros2_ws/build/laser_scan_reader/build
[1.077s] creating /root/ros2_ws/build/laser_scan_reader/build/lib
[1.077s] creating /root/ros2_ws/build/laser_scan_reader/build/lib/laser_scan_reader
[1.077s] copying laser_scan_reader/laser_scan_move.py -> /root/ros2_ws/build/laser_scan_reader/build/lib/laser_scan_reader
[1.077s] copying laser_scan_reader/__init__.py -> /root/ros2_ws/build/laser_scan_reader/build/lib/laser_scan_reader
[1.077s] running install
[1.078s] running install_lib
[1.079s] creating /root/ros2_ws/install/laser_scan_reader/lib/python3.10/site-packages/laser_scan_reader
[1.079s] copying /root/ros2_ws/build/laser_scan_reader/build/lib/laser_scan_reader/laser_scan_move.py -> /root/ros2_ws/install/laser_scan_reader/lib/python3.10/site-packages/laser_scan_reader
[1.079s] copying /root/ros2_ws/build/laser_scan_reader/build/lib/laser_scan_reader/__init__.py -> /root/ros2_ws/install/laser_scan_reader/lib/python3.10/site-packages/laser_scan_reader
[1.080s] byte-compiling /root/ros2_ws/install/laser_scan_reader/lib/python3.10/site-packages/laser_scan_reader/laser_scan_move.py to laser_scan_move.cpython-310.pyc
[1.081s] byte-compiling /root/ros2_ws/install/laser_scan_reader/lib/python3.10/site-packages/laser_scan_reader/__init__.py to __init__.cpython-310.pyc
[1.081s] running install_data
[1.081s] creating /root/ros2_ws/install/laser_scan_reader/share/ament_index
[1.081s] creating /root/ros2_ws/install/laser_scan_reader/share/ament_index/resource_index
[1.081s] creating /root/ros2_ws/install/laser_scan_reader/share/ament_index/resource_index/packages
[1.081s] copying resource/laser_scan_reader -> /root/ros2_ws/install/laser_scan_reader/share/ament_index/resource_index/packages
[1.081s] copying package.xml -> /root/ros2_ws/install/laser_scan_reader/share/laser_scan_reader
[1.082s] running install_egg_info
[1.084s] Copying ../../build/laser_scan_reader/laser_scan_reader.egg-info to /root/ros2_ws/install/laser_scan_reader/lib/python3.10/site-packages/laser_scan_reader-0.0.0-py3.10.egg-info
[1.086s] running install_scripts
[1.116s] Installing laser_scan_move script to /root/ros2_ws/install/laser_scan_reader/bin
[1.116s] writing list of installed files to '/root/ros2_ws/build/laser_scan_reader/install.log'
[1.178s] Invoked command in '/root/ros2_ws/src/laser_scan_reader' returned '0': PYTHONPATH=/root/ros2_ws/build/laser_scan_reader/prefix_override:/usr/lib/python3/dist-packages/colcon_core/task/python/colcon_distutils_commands:/root/ros2_ws/install/laser_scan_reader/lib/python3.10/site-packages:${PYTHONPATH} /usr/bin/python3 -W ignore:setup.py install is deprecated -W ignore:easy_install command is deprecated setup.py egg_info --egg-base ../../build/laser_scan_reader build --build-base /root/ros2_ws/build/laser_scan_reader/build install --record /root/ros2_ws/build/laser_scan_reader/install.log --single-version-externally-managed install_data
