[1.109s] Invoking command in '/root/ros2_ws/build/sensor_launch': CMAKE_PREFIX_PATH=${CMAKE_PREFIX_PATH}:/root/ros2_ws/install/laser_scan_reader:/root/ros2_ws/install/boat_control:/opt/ros/humble /usr/bin/cmake --build /root/ros2_ws/build/sensor_launch -- -j4 -l4
[2.353s] Invoked command in '/root/ros2_ws/build/sensor_launch' returned '0': CMAKE_PREFIX_PATH=${CMAKE_PREFIX_PATH}:/root/ros2_ws/install/laser_scan_reader:/root/ros2_ws/install/boat_control:/opt/ros/humble /usr/bin/cmake --build /root/ros2_ws/build/sensor_launch -- -j4 -l4
[2.401s] Invoking command in '/root/ros2_ws/build/sensor_launch': CMAKE_PREFIX_PATH=${CMAKE_PREFIX_PATH}:/root/ros2_ws/install/laser_scan_reader:/root/ros2_ws/install/boat_control:/opt/ros/humble /usr/bin/cmake --install /root/ros2_ws/build/sensor_launch
[2.422s] -- Install configuration: ""
[2.439s] -- Up-to-date: /root/ros2_ws/install/sensor_launch/share/sensor_launch//launch
[2.508s] -- Up-to-date: /root/ros2_ws/install/sensor_launch/share/sensor_launch//launch/all_sensors.launch.py
[2.525s] -- Up-to-date: /root/ros2_ws/install/sensor_launch/share/sensor_launch//launch/all_sensors_with_rviz.launch.py
[2.545s] -- Up-to-date: /root/ros2_ws/install/sensor_launch/share/ament_index/resource_index/package_run_dependencies/sensor_launch
[2.598s] -- Up-to-date: /root/ros2_ws/install/sensor_launch/share/ament_index/resource_index/parent_prefix_path/sensor_launch
[2.629s] -- Up-to-date: /root/ros2_ws/install/sensor_launch/share/sensor_launch/environment/ament_prefix_path.sh
[2.656s] -- Up-to-date: /root/ros2_ws/install/sensor_launch/share/sensor_launch/environment/ament_prefix_path.dsv
[2.675s] -- Up-to-date: /root/ros2_ws/install/sensor_launch/share/sensor_launch/environment/path.sh
[2.688s] -- Up-to-date: /root/ros2_ws/install/sensor_launch/share/sensor_launch/environment/path.dsv
[2.705s] -- Up-to-date: /root/ros2_ws/install/sensor_launch/share/sensor_launch/local_setup.bash
[2.724s] -- Up-to-date: /root/ros2_ws/install/sensor_launch/share/sensor_launch/local_setup.sh
[2.767s] -- Up-to-date: /root/ros2_ws/install/sensor_launch/share/sensor_launch/local_setup.zsh
[2.799s] -- Up-to-date: /root/ros2_ws/install/sensor_launch/share/sensor_launch/local_setup.dsv
[2.834s] -- Installing: /root/ros2_ws/install/sensor_launch/share/sensor_launch/package.dsv
[2.847s] -- Up-to-date: /root/ros2_ws/install/sensor_launch/share/ament_index/resource_index/packages/sensor_launch
[2.875s] -- Up-to-date: /root/ros2_ws/install/sensor_launch/share/sensor_launch/cmake/sensor_launchConfig.cmake
[2.911s] -- Up-to-date: /root/ros2_ws/install/sensor_launch/share/sensor_launch/cmake/sensor_launchConfig-version.cmake
[2.930s] -- Up-to-date: /root/ros2_ws/install/sensor_launch/share/sensor_launch/package.xml
[2.982s] Invoked command in '/root/ros2_ws/build/sensor_launch' returned '0': CMAKE_PREFIX_PATH=${CMAKE_PREFIX_PATH}:/root/ros2_ws/install/laser_scan_reader:/root/ros2_ws/install/boat_control:/opt/ros/humble /usr/bin/cmake --install /root/ros2_ws/build/sensor_launch
