[0.090s] Invoking command in '/root/ros2_ws/build/realsense2_camera': CMAKE_PREFIX_PATH=/root/ros2_ws/install/realsense2_camera_msgs:/root/ros2_ws/install/sllidar_ros2:/root/ros2_ws/install/sensor_launch:/root/ros2_ws/install/realsense2_description:/root/ros2_ws/install/realsense2_camera:/root/ros2_ws/install/laser_scan_reader:/root/ros2_ws/install/boat_control:/opt/ros/humble LD_LIBRARY_PATH=/root/ros2_ws/install/realsense2_camera_msgs/lib:/root/ros2_ws/install/realsense2_camera/lib:/opt/ros/humble/opt/rviz_ogre_vendor/lib:/opt/ros/humble/lib/aarch64-linux-gnu:/opt/ros/humble/lib /usr/bin/cmake --build /root/ros2_ws/build/realsense2_camera -- -j4 -l4
[0.285s] [ 16%] Built target gtest_main
[0.286s] [ 16%] Built target gtest
[0.318s] [ 24%] Built target realsense2_camera_node
[0.362s] [ 32%] Built target gtest_template
[0.708s] [100%] Built target realsense2_camera
[0.733s] Invoked command in '/root/ros2_ws/build/realsense2_camera' returned '0': CMAKE_PREFIX_PATH=/root/ros2_ws/install/realsense2_camera_msgs:/root/ros2_ws/install/sllidar_ros2:/root/ros2_ws/install/sensor_launch:/root/ros2_ws/install/realsense2_description:/root/ros2_ws/install/realsense2_camera:/root/ros2_ws/install/laser_scan_reader:/root/ros2_ws/install/boat_control:/opt/ros/humble LD_LIBRARY_PATH=/root/ros2_ws/install/realsense2_camera_msgs/lib:/root/ros2_ws/install/realsense2_camera/lib:/opt/ros/humble/opt/rviz_ogre_vendor/lib:/opt/ros/humble/lib/aarch64-linux-gnu:/opt/ros/humble/lib /usr/bin/cmake --build /root/ros2_ws/build/realsense2_camera -- -j4 -l4
[0.830s] Invoking command in '/root/ros2_ws/build/realsense2_camera': CMAKE_PREFIX_PATH=/root/ros2_ws/install/realsense2_camera_msgs:/root/ros2_ws/install/sllidar_ros2:/root/ros2_ws/install/sensor_launch:/root/ros2_ws/install/realsense2_description:/root/ros2_ws/install/realsense2_camera:/root/ros2_ws/install/laser_scan_reader:/root/ros2_ws/install/boat_control:/opt/ros/humble LD_LIBRARY_PATH=/root/ros2_ws/install/realsense2_camera_msgs/lib:/root/ros2_ws/install/realsense2_camera/lib:/opt/ros/humble/opt/rviz_ogre_vendor/lib:/opt/ros/humble/lib/aarch64-linux-gnu:/opt/ros/humble/lib /usr/bin/cmake --install /root/ros2_ws/build/realsense2_camera
[0.896s] -- Install configuration: "Release"
[1.031s] -- Up-to-date: /root/ros2_ws/install/realsense2_camera/share/realsense2_camera/config/global_settings.yaml
[1.456s] -- Up-to-date: /root/ros2_ws/install/realsense2_camera/lib/realsense2_camera/realsense2_camera_node
[1.537s] -- Up-to-date: /root/ros2_ws/install/realsense2_camera/lib/librealsense2_camera.so
[1.730s] -- Up-to-date: /root/ros2_ws/install/realsense2_camera/include
[1.748s] -- Up-to-date: /root/ros2_ws/install/realsense2_camera/include/align_depth_filter.h
[1.777s] -- Up-to-date: /root/ros2_ws/install/realsense2_camera/include/ros_sensor.h
[1.810s] -- Up-to-date: /root/ros2_ws/install/realsense2_camera/include/dynamic_params.h
[1.842s] -- Up-to-date: /root/ros2_ws/install/realsense2_camera/include/profile_manager.h
[1.871s] -- Up-to-date: /root/ros2_ws/install/realsense2_camera/include/base_realsense_node.h
[1.902s] -- Up-to-date: /root/ros2_ws/install/realsense2_camera/include/image_publisher.h
[1.927s] -- Up-to-date: /root/ros2_ws/install/realsense2_camera/include/ros_param_backend.h
[1.949s] -- Up-to-date: /root/ros2_ws/install/realsense2_camera/include/ros_node_base.h
[1.975s] -- Up-to-date: /root/ros2_ws/install/realsense2_camera/include/pointcloud_filter.h
[2.000s] -- Up-to-date: /root/ros2_ws/install/realsense2_camera/include/sensor_params.h
[2.021s] -- Up-to-date: /root/ros2_ws/install/realsense2_camera/include/ros_utils.h
[2.048s] -- Up-to-date: /root/ros2_ws/install/realsense2_camera/include/named_filter.h
[2.075s] -- Up-to-date: /root/ros2_ws/install/realsense2_camera/include/realsense_node_factory.h
[2.109s] -- Up-to-date: /root/ros2_ws/install/realsense2_camera/include/gl_window.h
[2.131s] -- Up-to-date: /root/ros2_ws/install/realsense2_camera/include/constants.h
[2.158s] -- Up-to-date: /root/ros2_ws/install/realsense2_camera/share/realsense2_camera/launch
[2.178s] -- Up-to-date: /root/ros2_ws/install/realsense2_camera/share/realsense2_camera/launch/rs_multi_camera_launch.py
[2.208s] -- Up-to-date: /root/ros2_ws/install/realsense2_camera/share/realsense2_camera/launch/default.rviz
[2.233s] -- Up-to-date: /root/ros2_ws/install/realsense2_camera/share/realsense2_camera/launch/rs_intra_process_demo_launch.py
[2.254s] -- Up-to-date: /root/ros2_ws/install/realsense2_camera/share/realsense2_camera/launch/rs_multi_camera_launch_sync.py
[2.276s] -- Up-to-date: /root/ros2_ws/install/realsense2_camera/share/realsense2_camera/launch/rs_launch.py
[2.310s] -- Up-to-date: /root/ros2_ws/install/realsense2_camera/share/realsense2_camera/examples
[2.345s] -- Up-to-date: /root/ros2_ws/install/realsense2_camera/share/realsense2_camera/examples/align_depth
[2.357s] -- Up-to-date: /root/ros2_ws/install/realsense2_camera/share/realsense2_camera/examples/align_depth/README.md
[2.397s] -- Up-to-date: /root/ros2_ws/install/realsense2_camera/share/realsense2_camera/examples/align_depth/rs_align_depth_launch.py
[3.462s] -- Up-to-date: /root/ros2_ws/install/realsense2_camera/share/realsense2_camera/examples/pointcloud
[3.503s] -- Up-to-date: /root/ros2_ws/install/realsense2_camera/share/realsense2_camera/examples/pointcloud/rviz
[3.539s] -- Up-to-date: /root/ros2_ws/install/realsense2_camera/share/realsense2_camera/examples/pointcloud/rviz/pointcloud.rviz
[3.559s] -- Up-to-date: /root/ros2_ws/install/realsense2_camera/share/realsense2_camera/examples/pointcloud/rviz/urdf_pointcloud.rviz
[3.587s] -- Up-to-date: /root/ros2_ws/install/realsense2_camera/share/realsense2_camera/examples/pointcloud/README.md
[3.608s] -- Up-to-date: /root/ros2_ws/install/realsense2_camera/share/realsense2_camera/examples/pointcloud/rs_pointcloud_launch.py
[3.633s] -- Up-to-date: /root/ros2_ws/install/realsense2_camera/share/realsense2_camera/examples/pointcloud/rs_d405_pointcloud_launch.py
[3.655s] -- Up-to-date: /root/ros2_ws/install/realsense2_camera/share/realsense2_camera/examples/pointcloud/rs_pointcloud_infra_launch.py
[3.684s] -- Up-to-date: /root/ros2_ws/install/realsense2_camera/share/realsense2_camera/examples/pointcloud/rs_d455_pointcloud_launch.py
[3.711s] -- Up-to-date: /root/ros2_ws/install/realsense2_camera/share/realsense2_camera/examples/d500_tables
[3.733s] -- Up-to-date: /root/ros2_ws/install/realsense2_camera/share/realsense2_camera/examples/d500_tables/calib_config_example.json
[3.761s] -- Up-to-date: /root/ros2_ws/install/realsense2_camera/share/realsense2_camera/examples/launch_params_from_file
[3.781s] -- Up-to-date: /root/ros2_ws/install/realsense2_camera/share/realsense2_camera/examples/launch_params_from_file/README.md
[3.807s] -- Up-to-date: /root/ros2_ws/install/realsense2_camera/share/realsense2_camera/examples/launch_params_from_file/config
[3.829s] -- Up-to-date: /root/ros2_ws/install/realsense2_camera/share/realsense2_camera/examples/launch_params_from_file/config/config.yaml
[3.857s] -- Up-to-date: /root/ros2_ws/install/realsense2_camera/share/realsense2_camera/examples/launch_params_from_file/rs_launch_get_params_from_yaml.py
[3.883s] -- Up-to-date: /root/ros2_ws/install/realsense2_camera/share/realsense2_camera/examples/launch_from_rosbag
[3.906s] -- Up-to-date: /root/ros2_ws/install/realsense2_camera/share/realsense2_camera/examples/launch_from_rosbag/rs_launch_from_rosbag.py
[3.934s] -- Up-to-date: /root/ros2_ws/install/realsense2_camera/share/realsense2_camera/examples/launch_from_rosbag/README.md
[3.972s] -- Up-to-date: /root/ros2_ws/install/realsense2_camera/share/realsense2_camera/examples/dual_camera
[3.996s] -- Up-to-date: /root/ros2_ws/install/realsense2_camera/share/realsense2_camera/examples/dual_camera/rviz
[4.010s] -- Up-to-date: /root/ros2_ws/install/realsense2_camera/share/realsense2_camera/examples/dual_camera/rviz/dual_camera_pointcloud.rviz
[4.037s] -- Up-to-date: /root/ros2_ws/install/realsense2_camera/share/realsense2_camera/examples/dual_camera/README.md
[4.066s] -- Up-to-date: /root/ros2_ws/install/realsense2_camera/share/realsense2_camera/examples/dual_camera/rs_dual_camera_launch.py
[4.088s] -- Up-to-date: /root/ros2_ws/install/realsense2_camera/share/realsense2_camera/environment/library_path.sh
[4.424s] -- Up-to-date: /root/ros2_ws/install/realsense2_camera/share/realsense2_camera/environment/library_path.dsv
[4.873s] -- Up-to-date: /root/ros2_ws/install/realsense2_camera/share/ament_index/resource_index/package_run_dependencies/realsense2_camera
[4.981s] -- Up-to-date: /root/ros2_ws/install/realsense2_camera/share/ament_index/resource_index/parent_prefix_path/realsense2_camera
[5.025s] -- Up-to-date: /root/ros2_ws/install/realsense2_camera/share/realsense2_camera/environment/ament_prefix_path.sh
[5.047s] -- Up-to-date: /root/ros2_ws/install/realsense2_camera/share/realsense2_camera/environment/ament_prefix_path.dsv
[5.078s] -- Up-to-date: /root/ros2_ws/install/realsense2_camera/share/realsense2_camera/environment/path.sh
[5.103s] -- Up-to-date: /root/ros2_ws/install/realsense2_camera/share/realsense2_camera/environment/path.dsv
[5.128s] -- Up-to-date: /root/ros2_ws/install/realsense2_camera/share/realsense2_camera/local_setup.bash
[5.151s] -- Up-to-date: /root/ros2_ws/install/realsense2_camera/share/realsense2_camera/local_setup.sh
[5.179s] -- Up-to-date: /root/ros2_ws/install/realsense2_camera/share/realsense2_camera/local_setup.zsh
[5.183s] -- Up-to-date: /root/ros2_ws/install/realsense2_camera/share/realsense2_camera/local_setup.dsv
[5.207s] -- Installing: /root/ros2_ws/install/realsense2_camera/share/realsense2_camera/package.dsv
[5.222s] -- Up-to-date: /root/ros2_ws/install/realsense2_camera/share/ament_index/resource_index/packages/realsense2_camera
[5.257s] -- Up-to-date: /root/ros2_ws/install/realsense2_camera/share/ament_index/resource_index/rclcpp_components/realsense2_camera
[5.304s] -- Up-to-date: /root/ros2_ws/install/realsense2_camera/share/realsense2_camera/cmake/ament_cmake_export_include_directories-extras.cmake
[5.353s] -- Up-to-date: /root/ros2_ws/install/realsense2_camera/share/realsense2_camera/cmake/ament_cmake_export_libraries-extras.cmake
[5.374s] -- Up-to-date: /root/ros2_ws/install/realsense2_camera/share/realsense2_camera/cmake/ament_cmake_export_dependencies-extras.cmake
[5.390s] -- Up-to-date: /root/ros2_ws/install/realsense2_camera/share/realsense2_camera/cmake/realsense2_cameraConfig.cmake
[5.411s] -- Up-to-date: /root/ros2_ws/install/realsense2_camera/share/realsense2_camera/cmake/realsense2_cameraConfig-version.cmake
[5.438s] -- Up-to-date: /root/ros2_ws/install/realsense2_camera/share/realsense2_camera/package.xml
[5.499s] Invoked command in '/root/ros2_ws/build/realsense2_camera' returned '0': CMAKE_PREFIX_PATH=/root/ros2_ws/install/realsense2_camera_msgs:/root/ros2_ws/install/sllidar_ros2:/root/ros2_ws/install/sensor_launch:/root/ros2_ws/install/realsense2_description:/root/ros2_ws/install/realsense2_camera:/root/ros2_ws/install/laser_scan_reader:/root/ros2_ws/install/boat_control:/opt/ros/humble LD_LIBRARY_PATH=/root/ros2_ws/install/realsense2_camera_msgs/lib:/root/ros2_ws/install/realsense2_camera/lib:/opt/ros/humble/opt/rviz_ogre_vendor/lib:/opt/ros/humble/lib/aarch64-linux-gnu:/opt/ros/humble/lib /usr/bin/cmake --install /root/ros2_ws/build/realsense2_camera
