running egg_info
writing ../../build/boat_control/boat_control.egg-info/PKG-INFO
writing dependency_links to ../../build/boat_control/boat_control.egg-info/dependency_links.txt
writing entry points to ../../build/boat_control/boat_control.egg-info/entry_points.txt
writing requirements to ../../build/boat_control/boat_control.egg-info/requires.txt
writing top-level names to ../../build/boat_control/boat_control.egg-info/top_level.txt
reading manifest file '../../build/boat_control/boat_control.egg-info/SOURCES.txt'
writing manifest file '../../build/boat_control/boat_control.egg-info/SOURCES.txt'
running build
running build_py
copying boat_control/keyboard_teleop.py -> /root/ros2_ws/build/boat_control/build/lib/boat_control
running install
running install_lib
copying /root/ros2_ws/build/boat_control/build/lib/boat_control/keyboard_teleop.py -> /root/ros2_ws/install/boat_control/lib/python3.10/site-packages/boat_control
byte-compiling /root/ros2_ws/install/boat_control/lib/python3.10/site-packages/boat_control/keyboard_teleop.py to keyboard_teleop.cpython-310.pyc
running install_egg_info
removing '/root/ros2_ws/install/boat_control/lib/python3.10/site-packages/boat_control-0.0.0-py3.10.egg-info' (and everything under it)
Copying ../../build/boat_control/boat_control.egg-info to /root/ros2_ws/install/boat_control/lib/python3.10/site-packages/boat_control-0.0.0-py3.10.egg-info
running install_scripts
Installing keyboard_teleop script to /root/ros2_ws/install/boat_control/bin
writing list of installed files to '/root/ros2_ws/build/boat_control/install.log'
