[0.087s] Invoking command in '/root/ros2_ws/build/realsense2_camera': CMAKE_PREFIX_PATH=/root/ros2_ws/install/realsense2_camera_msgs:/root/ros2_ws/install/sllidar_ros2:/root/ros2_ws/install/sensor_launch:/root/ros2_ws/install/realsense2_description:/root/ros2_ws/install/realsense2_camera:/root/ros2_ws/install/boat_control:/opt/ros/humble LD_LIBRARY_PATH=/root/ros2_ws/install/realsense2_camera_msgs/lib:/root/ros2_ws/install/realsense2_camera/lib:/opt/ros/humble/opt/rviz_ogre_vendor/lib:/opt/ros/humble/lib/aarch64-linux-gnu:/opt/ros/humble/lib /usr/bin/cmake --build /root/ros2_ws/build/realsense2_camera -- -j4 -l4
[0.234s] [35m[1mConsolidate compiler generated dependencies of target gtest_main[0m
[0.234s] [35m[1mConsolidate compiler generated dependencies of target realsense2_camera_node[0m
[0.234s] [35m[1mConsolidate compiler generated dependencies of target gtest[0m
[0.333s] [  8%] Built target realsense2_camera_node
[0.402s] [ 24%] Built target gtest_main
[0.402s] [ 24%] Built target gtest
[0.415s] [35m[1mConsolidate compiler generated dependencies of target realsense2_camera[0m
[0.464s] [35m[1mConsolidate compiler generated dependencies of target gtest_template[0m
[0.517s] [ 32%] Built target gtest_template
[1.020s] [100%] Built target realsense2_camera
[1.041s] Invoked command in '/root/ros2_ws/build/realsense2_camera' returned '0': CMAKE_PREFIX_PATH=/root/ros2_ws/install/realsense2_camera_msgs:/root/ros2_ws/install/sllidar_ros2:/root/ros2_ws/install/sensor_launch:/root/ros2_ws/install/realsense2_description:/root/ros2_ws/install/realsense2_camera:/root/ros2_ws/install/boat_control:/opt/ros/humble LD_LIBRARY_PATH=/root/ros2_ws/install/realsense2_camera_msgs/lib:/root/ros2_ws/install/realsense2_camera/lib:/opt/ros/humble/opt/rviz_ogre_vendor/lib:/opt/ros/humble/lib/aarch64-linux-gnu:/opt/ros/humble/lib /usr/bin/cmake --build /root/ros2_ws/build/realsense2_camera -- -j4 -l4
[1.364s] Invoking command in '/root/ros2_ws/build/realsense2_camera': CMAKE_PREFIX_PATH=/root/ros2_ws/install/realsense2_camera_msgs:/root/ros2_ws/install/sllidar_ros2:/root/ros2_ws/install/sensor_launch:/root/ros2_ws/install/realsense2_description:/root/ros2_ws/install/realsense2_camera:/root/ros2_ws/install/boat_control:/opt/ros/humble LD_LIBRARY_PATH=/root/ros2_ws/install/realsense2_camera_msgs/lib:/root/ros2_ws/install/realsense2_camera/lib:/opt/ros/humble/opt/rviz_ogre_vendor/lib:/opt/ros/humble/lib/aarch64-linux-gnu:/opt/ros/humble/lib /usr/bin/cmake --install /root/ros2_ws/build/realsense2_camera
[1.386s] -- Install configuration: "Release"
[1.386s] -- Up-to-date: /root/ros2_ws/install/realsense2_camera/share/realsense2_camera/config/global_settings.yaml
[1.483s] -- Up-to-date: /root/ros2_ws/install/realsense2_camera/lib/realsense2_camera/realsense2_camera_node
[1.553s] -- Up-to-date: /root/ros2_ws/install/realsense2_camera/lib/librealsense2_camera.so
[1.719s] -- Up-to-date: /root/ros2_ws/install/realsense2_camera/include
[1.737s] -- Up-to-date: /root/ros2_ws/install/realsense2_camera/include/align_depth_filter.h
[1.757s] -- Up-to-date: /root/ros2_ws/install/realsense2_camera/include/ros_sensor.h
[1.783s] -- Up-to-date: /root/ros2_ws/install/realsense2_camera/include/dynamic_params.h
[1.804s] -- Up-to-date: /root/ros2_ws/install/realsense2_camera/include/profile_manager.h
[1.824s] -- Up-to-date: /root/ros2_ws/install/realsense2_camera/include/base_realsense_node.h
[1.889s] -- Up-to-date: /root/ros2_ws/install/realsense2_camera/include/image_publisher.h
[1.922s] -- Up-to-date: /root/ros2_ws/install/realsense2_camera/include/ros_param_backend.h
[1.947s] -- Up-to-date: /root/ros2_ws/install/realsense2_camera/include/ros_node_base.h
[1.973s] -- Up-to-date: /root/ros2_ws/install/realsense2_camera/include/pointcloud_filter.h
[1.999s] -- Up-to-date: /root/ros2_ws/install/realsense2_camera/include/sensor_params.h
[2.022s] -- Up-to-date: /root/ros2_ws/install/realsense2_camera/include/ros_utils.h
[2.041s] -- Up-to-date: /root/ros2_ws/install/realsense2_camera/include/named_filter.h
[2.067s] -- Up-to-date: /root/ros2_ws/install/realsense2_camera/include/realsense_node_factory.h
[2.089s] -- Up-to-date: /root/ros2_ws/install/realsense2_camera/include/gl_window.h
[2.112s] -- Up-to-date: /root/ros2_ws/install/realsense2_camera/include/constants.h
[2.140s] -- Up-to-date: /root/ros2_ws/install/realsense2_camera/share/realsense2_camera/launch
[2.160s] -- Up-to-date: /root/ros2_ws/install/realsense2_camera/share/realsense2_camera/launch/rs_multi_camera_launch.py
[2.183s] -- Up-to-date: /root/ros2_ws/install/realsense2_camera/share/realsense2_camera/launch/default.rviz
[2.207s] -- Up-to-date: /root/ros2_ws/install/realsense2_camera/share/realsense2_camera/launch/rs_intra_process_demo_launch.py
[2.234s] -- Up-to-date: /root/ros2_ws/install/realsense2_camera/share/realsense2_camera/launch/rs_multi_camera_launch_sync.py
[2.262s] -- Up-to-date: /root/ros2_ws/install/realsense2_camera/share/realsense2_camera/launch/rs_launch.py
[2.287s] -- Up-to-date: /root/ros2_ws/install/realsense2_camera/share/realsense2_camera/examples
[2.319s] -- Up-to-date: /root/ros2_ws/install/realsense2_camera/share/realsense2_camera/examples/align_depth
[2.324s] -- Up-to-date: /root/ros2_ws/install/realsense2_camera/share/realsense2_camera/examples/align_depth/README.md
[2.351s] -- Up-to-date: /root/ros2_ws/install/realsense2_camera/share/realsense2_camera/examples/align_depth/rs_align_depth_launch.py
[2.376s] -- Up-to-date: /root/ros2_ws/install/realsense2_camera/share/realsense2_camera/examples/pointcloud
[2.402s] -- Up-to-date: /root/ros2_ws/install/realsense2_camera/share/realsense2_camera/examples/pointcloud/rviz
[2.412s] -- Up-to-date: /root/ros2_ws/install/realsense2_camera/share/realsense2_camera/examples/pointcloud/rviz/pointcloud.rviz
[2.462s] -- Up-to-date: /root/ros2_ws/install/realsense2_camera/share/realsense2_camera/examples/pointcloud/rviz/urdf_pointcloud.rviz
[2.815s] -- Up-to-date: /root/ros2_ws/install/realsense2_camera/share/realsense2_camera/examples/pointcloud/README.md
[3.056s] -- Up-to-date: /root/ros2_ws/install/realsense2_camera/share/realsense2_camera/examples/pointcloud/rs_pointcloud_launch.py
[3.600s] -- Up-to-date: /root/ros2_ws/install/realsense2_camera/share/realsense2_camera/examples/pointcloud/rs_d405_pointcloud_launch.py
[3.637s] -- Up-to-date: /root/ros2_ws/install/realsense2_camera/share/realsense2_camera/examples/pointcloud/rs_pointcloud_infra_launch.py
[3.658s] -- Up-to-date: /root/ros2_ws/install/realsense2_camera/share/realsense2_camera/examples/pointcloud/rs_d455_pointcloud_launch.py
[3.702s] -- Up-to-date: /root/ros2_ws/install/realsense2_camera/share/realsense2_camera/examples/d500_tables
[3.711s] -- Up-to-date: /root/ros2_ws/install/realsense2_camera/share/realsense2_camera/examples/d500_tables/calib_config_example.json
[3.736s] -- Up-to-date: /root/ros2_ws/install/realsense2_camera/share/realsense2_camera/examples/launch_params_from_file
[3.750s] -- Up-to-date: /root/ros2_ws/install/realsense2_camera/share/realsense2_camera/examples/launch_params_from_file/README.md
[3.790s] -- Up-to-date: /root/ros2_ws/install/realsense2_camera/share/realsense2_camera/examples/launch_params_from_file/config
[3.795s] -- Up-to-date: /root/ros2_ws/install/realsense2_camera/share/realsense2_camera/examples/launch_params_from_file/config/config.yaml
[3.815s] -- Up-to-date: /root/ros2_ws/install/realsense2_camera/share/realsense2_camera/examples/launch_params_from_file/rs_launch_get_params_from_yaml.py
[3.837s] -- Up-to-date: /root/ros2_ws/install/realsense2_camera/share/realsense2_camera/examples/launch_from_rosbag
[3.856s] -- Up-to-date: /root/ros2_ws/install/realsense2_camera/share/realsense2_camera/examples/launch_from_rosbag/rs_launch_from_rosbag.py
[3.885s] -- Up-to-date: /root/ros2_ws/install/realsense2_camera/share/realsense2_camera/examples/launch_from_rosbag/README.md
[3.910s] -- Up-to-date: /root/ros2_ws/install/realsense2_camera/share/realsense2_camera/examples/dual_camera
[3.938s] -- Up-to-date: /root/ros2_ws/install/realsense2_camera/share/realsense2_camera/examples/dual_camera/rviz
[3.948s] -- Up-to-date: /root/ros2_ws/install/realsense2_camera/share/realsense2_camera/examples/dual_camera/rviz/dual_camera_pointcloud.rviz
[3.971s] -- Up-to-date: /root/ros2_ws/install/realsense2_camera/share/realsense2_camera/examples/dual_camera/README.md
[3.997s] -- Up-to-date: /root/ros2_ws/install/realsense2_camera/share/realsense2_camera/examples/dual_camera/rs_dual_camera_launch.py
[4.025s] -- Up-to-date: /root/ros2_ws/install/realsense2_camera/share/realsense2_camera/environment/library_path.sh
[4.063s] -- Up-to-date: /root/ros2_ws/install/realsense2_camera/share/realsense2_camera/environment/library_path.dsv
[4.090s] -- Up-to-date: /root/ros2_ws/install/realsense2_camera/share/ament_index/resource_index/package_run_dependencies/realsense2_camera
[4.178s] -- Up-to-date: /root/ros2_ws/install/realsense2_camera/share/ament_index/resource_index/parent_prefix_path/realsense2_camera
[4.206s] -- Up-to-date: /root/ros2_ws/install/realsense2_camera/share/realsense2_camera/environment/ament_prefix_path.sh
[4.232s] -- Up-to-date: /root/ros2_ws/install/realsense2_camera/share/realsense2_camera/environment/ament_prefix_path.dsv
[4.280s] -- Up-to-date: /root/ros2_ws/install/realsense2_camera/share/realsense2_camera/environment/path.sh
[4.307s] -- Up-to-date: /root/ros2_ws/install/realsense2_camera/share/realsense2_camera/environment/path.dsv
[4.569s] -- Up-to-date: /root/ros2_ws/install/realsense2_camera/share/realsense2_camera/local_setup.bash
[5.039s] -- Up-to-date: /root/ros2_ws/install/realsense2_camera/share/realsense2_camera/local_setup.sh
[5.075s] -- Up-to-date: /root/ros2_ws/install/realsense2_camera/share/realsense2_camera/local_setup.zsh
[5.092s] -- Up-to-date: /root/ros2_ws/install/realsense2_camera/share/realsense2_camera/local_setup.dsv
[5.119s] -- Installing: /root/ros2_ws/install/realsense2_camera/share/realsense2_camera/package.dsv
[5.133s] -- Up-to-date: /root/ros2_ws/install/realsense2_camera/share/ament_index/resource_index/packages/realsense2_camera
[5.167s] -- Up-to-date: /root/ros2_ws/install/realsense2_camera/share/ament_index/resource_index/rclcpp_components/realsense2_camera
[5.218s] -- Up-to-date: /root/ros2_ws/install/realsense2_camera/share/realsense2_camera/cmake/ament_cmake_export_include_directories-extras.cmake
[5.261s] -- Up-to-date: /root/ros2_ws/install/realsense2_camera/share/realsense2_camera/cmake/ament_cmake_export_libraries-extras.cmake
[5.287s] -- Up-to-date: /root/ros2_ws/install/realsense2_camera/share/realsense2_camera/cmake/ament_cmake_export_dependencies-extras.cmake
[5.305s] -- Up-to-date: /root/ros2_ws/install/realsense2_camera/share/realsense2_camera/cmake/realsense2_cameraConfig.cmake
[5.327s] -- Up-to-date: /root/ros2_ws/install/realsense2_camera/share/realsense2_camera/cmake/realsense2_cameraConfig-version.cmake
[5.353s] -- Up-to-date: /root/ros2_ws/install/realsense2_camera/share/realsense2_camera/package.xml
[5.403s] Invoked command in '/root/ros2_ws/build/realsense2_camera' returned '0': CMAKE_PREFIX_PATH=/root/ros2_ws/install/realsense2_camera_msgs:/root/ros2_ws/install/sllidar_ros2:/root/ros2_ws/install/sensor_launch:/root/ros2_ws/install/realsense2_description:/root/ros2_ws/install/realsense2_camera:/root/ros2_ws/install/boat_control:/opt/ros/humble LD_LIBRARY_PATH=/root/ros2_ws/install/realsense2_camera_msgs/lib:/root/ros2_ws/install/realsense2_camera/lib:/opt/ros/humble/opt/rviz_ogre_vendor/lib:/opt/ros/humble/lib/aarch64-linux-gnu:/opt/ros/humble/lib /usr/bin/cmake --install /root/ros2_ws/build/realsense2_camera
