[3.655s] Invoking command in '/root/ros2_ws/src/laser_scan_reader': PYTHONPATH=/root/ros2_ws/build/laser_scan_reader/prefix_override:/usr/lib/python3/dist-packages/colcon_core/task/python/colcon_distutils_commands:/root/ros2_ws/install/laser_scan_reader/lib/python3.10/site-packages:${PYTHONPATH} /usr/bin/python3 -W ignore:setup.py install is deprecated -W ignore:easy_install command is deprecated setup.py egg_info --egg-base ../../build/laser_scan_reader build --build-base /root/ros2_ws/build/laser_scan_reader/build install --record /root/ros2_ws/build/laser_scan_reader/install.log --single-version-externally-managed install_data
[4.016s] running egg_info
[4.072s] writing ../../build/laser_scan_reader/laser_scan_reader.egg-info/PKG-INFO
[4.108s] writing dependency_links to ../../build/laser_scan_reader/laser_scan_reader.egg-info/dependency_links.txt
[4.134s] writing entry points to ../../build/laser_scan_reader/laser_scan_reader.egg-info/entry_points.txt
[4.150s] writing requirements to ../../build/laser_scan_reader/laser_scan_reader.egg-info/requires.txt
[4.184s] writing top-level names to ../../build/laser_scan_reader/laser_scan_reader.egg-info/top_level.txt
[4.196s] reading manifest file '../../build/laser_scan_reader/laser_scan_reader.egg-info/SOURCES.txt'
[4.209s] writing manifest file '../../build/laser_scan_reader/laser_scan_reader.egg-info/SOURCES.txt'
[4.226s] running build
[4.226s] running build_py
[4.241s] running install
[4.241s] running install_lib
[4.244s] running install_data
[4.256s] running install_egg_info
[4.273s] removing '/root/ros2_ws/install/laser_scan_reader/lib/python3.10/site-packages/laser_scan_reader-0.0.0-py3.10.egg-info' (and everything under it)
[4.546s] Copying ../../build/laser_scan_reader/laser_scan_reader.egg-info to /root/ros2_ws/install/laser_scan_reader/lib/python3.10/site-packages/laser_scan_reader-0.0.0-py3.10.egg-info
[4.555s] running install_scripts
[4.597s] Installing laser_scan_move script to /root/ros2_ws/install/laser_scan_reader/bin
[4.677s] writing list of installed files to '/root/ros2_ws/build/laser_scan_reader/install.log'
[4.811s] Invoked command in '/root/ros2_ws/src/laser_scan_reader' returned '0': PYTHONPATH=/root/ros2_ws/build/laser_scan_reader/prefix_override:/usr/lib/python3/dist-packages/colcon_core/task/python/colcon_distutils_commands:/root/ros2_ws/install/laser_scan_reader/lib/python3.10/site-packages:${PYTHONPATH} /usr/bin/python3 -W ignore:setup.py install is deprecated -W ignore:easy_install command is deprecated setup.py egg_info --egg-base ../../build/laser_scan_reader build --build-base /root/ros2_ws/build/laser_scan_reader/build install --record /root/ros2_ws/build/laser_scan_reader/install.log --single-version-externally-managed install_data
