[0.975s] Invoking command in '/root/ros2_ws/src/boat_control': PYTHONPATH=/root/ros2_ws/build/boat_control/prefix_override:/usr/lib/python3/dist-packages/colcon_core/task/python/colcon_distutils_commands:/root/ros2_ws/install/boat_control/lib/python3.10/site-packages:${PYTHONPATH} /usr/bin/python3 -W ignore:setup.py install is deprecated -W ignore:easy_install command is deprecated setup.py egg_info --egg-base ../../build/boat_control build --build-base /root/ros2_ws/build/boat_control/build install --record /root/ros2_ws/build/boat_control/install.log --single-version-externally-managed
[1.293s] running egg_info
[1.294s] writing ../../build/boat_control/boat_control.egg-info/PKG-INFO
[1.294s] writing dependency_links to ../../build/boat_control/boat_control.egg-info/dependency_links.txt
[1.295s] writing entry points to ../../build/boat_control/boat_control.egg-info/entry_points.txt
[1.298s] writing requirements to ../../build/boat_control/boat_control.egg-info/requires.txt
[1.299s] writing top-level names to ../../build/boat_control/boat_control.egg-info/top_level.txt
[1.303s] reading manifest file '../../build/boat_control/boat_control.egg-info/SOURCES.txt'
[1.307s] writing manifest file '../../build/boat_control/boat_control.egg-info/SOURCES.txt'
[1.307s] running build
[1.308s] running build_py
[1.309s] running install
[1.310s] running install_lib
[1.315s] running install_egg_info
[1.319s] removing '/root/ros2_ws/install/boat_control/lib/python3.10/site-packages/boat_control-0.0.0-py3.10.egg-info' (and everything under it)
[1.319s] Copying ../../build/boat_control/boat_control.egg-info to /root/ros2_ws/install/boat_control/lib/python3.10/site-packages/boat_control-0.0.0-py3.10.egg-info
[1.320s] running install_scripts
[1.351s] Installing keyboard_teleop script to /root/ros2_ws/install/boat_control/bin
[1.351s] writing list of installed files to '/root/ros2_ws/build/boat_control/install.log'
[1.426s] Invoked command in '/root/ros2_ws/src/boat_control' returned '0': PYTHONPATH=/root/ros2_ws/build/boat_control/prefix_override:/usr/lib/python3/dist-packages/colcon_core/task/python/colcon_distutils_commands:/root/ros2_ws/install/boat_control/lib/python3.10/site-packages:${PYTHONPATH} /usr/bin/python3 -W ignore:setup.py install is deprecated -W ignore:easy_install command is deprecated setup.py egg_info --egg-base ../../build/boat_control build --build-base /root/ros2_ws/build/boat_control/build install --record /root/ros2_ws/build/boat_control/install.log --single-version-externally-managed
