[0.038s] Invoking command in '/root/ros2_ws/build/realsense2_description': AMENT_PREFIX_PATH=/root/ros2_ws/install/realsense2_camera_msgs:${AMENT_PREFIX_PATH} CMAKE_PREFIX_PATH=/root/ros2_ws/install/realsense2_camera_msgs:/root/ros2_ws/install/sllidar_ros2:/opt/ros/humble LD_LIBRARY_PATH=/root/ros2_ws/install/realsense2_camera_msgs/lib:${LD_LIBRARY_PATH} PYTHONPATH=/root/ros2_ws/install/realsense2_camera_msgs/local/lib/python3.10/dist-packages:${PYTHONPATH} /usr/bin/cmake /root/ros2_ws/src/realsense-ros/realsense2_description -DCMAKE_INSTALL_PREFIX=/root/ros2_ws/install/realsense2_description
[0.176s] -- The C compiler identification is GNU 11.4.0
[0.299s] -- The CXX compiler identification is GNU 11.4.0
[0.310s] -- Detecting C compiler ABI info
[0.477s] -- Detecting C compiler ABI info - done
[0.489s] -- Check for working C compiler: /usr/bin/cc - skipped
[0.489s] -- Detecting C compile features
[0.490s] -- Detecting C compile features - done
[0.494s] -- Detecting CXX compiler ABI info
[0.670s] -- Detecting CXX compiler ABI info - done
[0.681s] -- Check for working CXX compiler: /usr/bin/c++ - skipped
[0.681s] -- Detecting CXX compile features
[0.682s] -- Detecting CXX compile features - done
[0.686s] -- Found ament_cmake: 1.3.12 (/opt/ros/humble/share/ament_cmake/cmake)
[0.993s] -- Found Python3: /usr/bin/python3 (found version "3.10.12") found components: Interpreter 
[1.300s] -- Configuring done
[1.305s] -- Generating done
[1.307s] -- Build files have been written to: /root/ros2_ws/build/realsense2_description
[1.315s] Invoked command in '/root/ros2_ws/build/realsense2_description' returned '0': AMENT_PREFIX_PATH=/root/ros2_ws/install/realsense2_camera_msgs:${AMENT_PREFIX_PATH} CMAKE_PREFIX_PATH=/root/ros2_ws/install/realsense2_camera_msgs:/root/ros2_ws/install/sllidar_ros2:/opt/ros/humble LD_LIBRARY_PATH=/root/ros2_ws/install/realsense2_camera_msgs/lib:${LD_LIBRARY_PATH} PYTHONPATH=/root/ros2_ws/install/realsense2_camera_msgs/local/lib/python3.10/dist-packages:${PYTHONPATH} /usr/bin/cmake /root/ros2_ws/src/realsense-ros/realsense2_description -DCMAKE_INSTALL_PREFIX=/root/ros2_ws/install/realsense2_description
[1.318s] Invoking command in '/root/ros2_ws/build/realsense2_description': AMENT_PREFIX_PATH=/root/ros2_ws/install/realsense2_camera_msgs:${AMENT_PREFIX_PATH} CMAKE_PREFIX_PATH=/root/ros2_ws/install/realsense2_camera_msgs:/root/ros2_ws/install/sllidar_ros2:/opt/ros/humble LD_LIBRARY_PATH=/root/ros2_ws/install/realsense2_camera_msgs/lib:${LD_LIBRARY_PATH} PYTHONPATH=/root/ros2_ws/install/realsense2_camera_msgs/local/lib/python3.10/dist-packages:${PYTHONPATH} /usr/bin/cmake --build /root/ros2_ws/build/realsense2_description -- -j4 -l4
[1.398s] Invoked command in '/root/ros2_ws/build/realsense2_description' returned '0': AMENT_PREFIX_PATH=/root/ros2_ws/install/realsense2_camera_msgs:${AMENT_PREFIX_PATH} CMAKE_PREFIX_PATH=/root/ros2_ws/install/realsense2_camera_msgs:/root/ros2_ws/install/sllidar_ros2:/opt/ros/humble LD_LIBRARY_PATH=/root/ros2_ws/install/realsense2_camera_msgs/lib:${LD_LIBRARY_PATH} PYTHONPATH=/root/ros2_ws/install/realsense2_camera_msgs/local/lib/python3.10/dist-packages:${PYTHONPATH} /usr/bin/cmake --build /root/ros2_ws/build/realsense2_description -- -j4 -l4
[1.401s] Invoking command in '/root/ros2_ws/build/realsense2_description': AMENT_PREFIX_PATH=/root/ros2_ws/install/realsense2_camera_msgs:${AMENT_PREFIX_PATH} CMAKE_PREFIX_PATH=/root/ros2_ws/install/realsense2_camera_msgs:/root/ros2_ws/install/sllidar_ros2:/opt/ros/humble LD_LIBRARY_PATH=/root/ros2_ws/install/realsense2_camera_msgs/lib:${LD_LIBRARY_PATH} PYTHONPATH=/root/ros2_ws/install/realsense2_camera_msgs/local/lib/python3.10/dist-packages:${PYTHONPATH} /usr/bin/cmake --install /root/ros2_ws/build/realsense2_description
[1.415s] -- Install configuration: ""
[1.416s] -- Installing: /root/ros2_ws/install/realsense2_description/share/realsense2_description/launch
[1.416s] -- Installing: /root/ros2_ws/install/realsense2_description/share/realsense2_description/launch/launch_utils.py
[1.416s] -- Installing: /root/ros2_ws/install/realsense2_description/share/realsense2_description/launch/view_model.launch.py
[1.416s] -- Installing: /root/ros2_ws/install/realsense2_description/share/realsense2_description/meshes
[1.416s] -- Installing: /root/ros2_ws/install/realsense2_description/share/realsense2_description/meshes/d455.stl
[1.422s] -- Installing: /root/ros2_ws/install/realsense2_description/share/realsense2_description/meshes/d435.dae
[1.468s] -- Installing: /root/ros2_ws/install/realsense2_description/share/realsense2_description/meshes/l515.dae
[1.540s] -- Installing: /root/ros2_ws/install/realsense2_description/share/realsense2_description/meshes/plug.stl
[1.541s] -- Installing: /root/ros2_ws/install/realsense2_description/share/realsense2_description/meshes/d405.stl
[1.542s] -- Installing: /root/ros2_ws/install/realsense2_description/share/realsense2_description/meshes/d415.stl
[1.598s] -- Installing: /root/ros2_ws/install/realsense2_description/share/realsense2_description/meshes/plug_collision.stl
[1.598s] -- Installing: /root/ros2_ws/install/realsense2_description/share/realsense2_description/rviz
[1.599s] -- Installing: /root/ros2_ws/install/realsense2_description/share/realsense2_description/rviz/urdf.rviz
[1.599s] -- Installing: /root/ros2_ws/install/realsense2_description/share/realsense2_description/urdf
[1.599s] -- Installing: /root/ros2_ws/install/realsense2_description/share/realsense2_description/urdf/test_r430_camera.urdf.xacro
[1.599s] -- Installing: /root/ros2_ws/install/realsense2_description/share/realsense2_description/urdf/test_d455_camera.urdf.xacro
[1.600s] -- Installing: /root/ros2_ws/install/realsense2_description/share/realsense2_description/urdf/test_d405_camera.urdf.xacro
[1.600s] -- Installing: /root/ros2_ws/install/realsense2_description/share/realsense2_description/urdf/_d455.urdf.xacro
[1.600s] -- Installing: /root/ros2_ws/install/realsense2_description/share/realsense2_description/urdf/_d405.urdf.xacro
[1.600s] -- Installing: /root/ros2_ws/install/realsense2_description/share/realsense2_description/urdf/test_d435_multiple_cameras.urdf.xacro
[1.600s] -- Installing: /root/ros2_ws/install/realsense2_description/share/realsense2_description/urdf/test_r410_camera.urdf.xacro
[1.600s] -- Installing: /root/ros2_ws/install/realsense2_description/share/realsense2_description/urdf/_usb_plug.urdf.xacro
[1.601s] -- Installing: /root/ros2_ws/install/realsense2_description/share/realsense2_description/urdf/_d435i_imu_modules.urdf.xacro
[1.601s] -- Installing: /root/ros2_ws/install/realsense2_description/share/realsense2_description/urdf/_r410.urdf.xacro
[1.601s] -- Installing: /root/ros2_ws/install/realsense2_description/share/realsense2_description/urdf/test_d435_camera.urdf.xacro
[1.601s] -- Installing: /root/ros2_ws/install/realsense2_description/share/realsense2_description/urdf/_materials.urdf.xacro
[1.602s] -- Installing: /root/ros2_ws/install/realsense2_description/share/realsense2_description/urdf/_r430.urdf.xacro
[1.603s] -- Installing: /root/ros2_ws/install/realsense2_description/share/realsense2_description/urdf/test_d415_camera.urdf.xacro
[1.603s] -- Installing: /root/ros2_ws/install/realsense2_description/share/realsense2_description/urdf/_d435.urdf.xacro
[1.603s] -- Installing: /root/ros2_ws/install/realsense2_description/share/realsense2_description/urdf/test_d435i_camera.urdf.xacro
[1.603s] -- Installing: /root/ros2_ws/install/realsense2_description/share/realsense2_description/urdf/_d415.urdf.xacro
[1.603s] -- Installing: /root/ros2_ws/install/realsense2_description/share/realsense2_description/urdf/_d435i.urdf.xacro
[1.603s] -- Installing: /root/ros2_ws/install/realsense2_description/share/ament_index/resource_index/package_run_dependencies/realsense2_description
[1.604s] -- Installing: /root/ros2_ws/install/realsense2_description/share/ament_index/resource_index/parent_prefix_path/realsense2_description
[1.604s] -- Installing: /root/ros2_ws/install/realsense2_description/share/realsense2_description/environment/ament_prefix_path.sh
[1.604s] -- Installing: /root/ros2_ws/install/realsense2_description/share/realsense2_description/environment/ament_prefix_path.dsv
[1.605s] -- Installing: /root/ros2_ws/install/realsense2_description/share/realsense2_description/environment/path.sh
[1.605s] -- Installing: /root/ros2_ws/install/realsense2_description/share/realsense2_description/environment/path.dsv
[1.605s] -- Installing: /root/ros2_ws/install/realsense2_description/share/realsense2_description/local_setup.bash
[1.605s] -- Installing: /root/ros2_ws/install/realsense2_description/share/realsense2_description/local_setup.sh
[1.606s] -- Installing: /root/ros2_ws/install/realsense2_description/share/realsense2_description/local_setup.zsh
[1.606s] -- Installing: /root/ros2_ws/install/realsense2_description/share/realsense2_description/local_setup.dsv
[1.606s] -- Installing: /root/ros2_ws/install/realsense2_description/share/realsense2_description/package.dsv
[1.607s] -- Installing: /root/ros2_ws/install/realsense2_description/share/ament_index/resource_index/packages/realsense2_description
[1.607s] -- Installing: /root/ros2_ws/install/realsense2_description/share/realsense2_description/cmake/realsense2_descriptionConfig.cmake
[1.607s] -- Installing: /root/ros2_ws/install/realsense2_description/share/realsense2_description/cmake/realsense2_descriptionConfig-version.cmake
[1.607s] -- Installing: /root/ros2_ws/install/realsense2_description/share/realsense2_description/package.xml
[1.612s] Invoked command in '/root/ros2_ws/build/realsense2_description' returned '0': AMENT_PREFIX_PATH=/root/ros2_ws/install/realsense2_camera_msgs:${AMENT_PREFIX_PATH} CMAKE_PREFIX_PATH=/root/ros2_ws/install/realsense2_camera_msgs:/root/ros2_ws/install/sllidar_ros2:/opt/ros/humble LD_LIBRARY_PATH=/root/ros2_ws/install/realsense2_camera_msgs/lib:${LD_LIBRARY_PATH} PYTHONPATH=/root/ros2_ws/install/realsense2_camera_msgs/local/lib/python3.10/dist-packages:${PYTHONPATH} /usr/bin/cmake --install /root/ros2_ws/build/realsense2_description
