[0.988s] Invoking command in '/root/ros2_ws/build/sensor_launch': CMAKE_PREFIX_PATH=${CMAKE_PREFIX_PATH}:/root/ros2_ws/install/laser_scan_reader:/root/ros2_ws/install/boat_control:/opt/ros/humble /usr/bin/cmake --build /root/ros2_ws/build/sensor_launch -- -j4 -l4
[1.091s] Invoked command in '/root/ros2_ws/build/sensor_launch' returned '0': CMAKE_PREFIX_PATH=${CMAKE_PREFIX_PATH}:/root/ros2_ws/install/laser_scan_reader:/root/ros2_ws/install/boat_control:/opt/ros/humble /usr/bin/cmake --build /root/ros2_ws/build/sensor_launch -- -j4 -l4
[1.095s] Invoking command in '/root/ros2_ws/build/sensor_launch': CMAKE_PREFIX_PATH=${CMAKE_PREFIX_PATH}:/root/ros2_ws/install/laser_scan_reader:/root/ros2_ws/install/boat_control:/opt/ros/humble /usr/bin/cmake --install /root/ros2_ws/build/sensor_launch
[1.115s] -- Install configuration: ""
[1.115s] -- Up-to-date: /root/ros2_ws/install/sensor_launch/share/sensor_launch//launch
[1.115s] -- Up-to-date: /root/ros2_ws/install/sensor_launch/share/sensor_launch//launch/all_sensors.launch.py
[1.116s] -- Up-to-date: /root/ros2_ws/install/sensor_launch/share/sensor_launch//launch/all_sensors_with_rviz.launch.py
[1.118s] -- Up-to-date: /root/ros2_ws/install/sensor_launch/share/ament_index/resource_index/package_run_dependencies/sensor_launch
[1.118s] -- Up-to-date: /root/ros2_ws/install/sensor_launch/share/ament_index/resource_index/parent_prefix_path/sensor_launch
[1.118s] -- Up-to-date: /root/ros2_ws/install/sensor_launch/share/sensor_launch/environment/ament_prefix_path.sh
[1.118s] -- Up-to-date: /root/ros2_ws/install/sensor_launch/share/sensor_launch/environment/ament_prefix_path.dsv
[1.119s] -- Up-to-date: /root/ros2_ws/install/sensor_launch/share/sensor_launch/environment/path.sh
[1.119s] -- Up-to-date: /root/ros2_ws/install/sensor_launch/share/sensor_launch/environment/path.dsv
[1.121s] -- Up-to-date: /root/ros2_ws/install/sensor_launch/share/sensor_launch/local_setup.bash
[1.121s] -- Up-to-date: /root/ros2_ws/install/sensor_launch/share/sensor_launch/local_setup.sh
[1.121s] -- Up-to-date: /root/ros2_ws/install/sensor_launch/share/sensor_launch/local_setup.zsh
[1.121s] -- Up-to-date: /root/ros2_ws/install/sensor_launch/share/sensor_launch/local_setup.dsv
[1.122s] -- Installing: /root/ros2_ws/install/sensor_launch/share/sensor_launch/package.dsv
[1.122s] -- Up-to-date: /root/ros2_ws/install/sensor_launch/share/ament_index/resource_index/packages/sensor_launch
[1.122s] -- Up-to-date: /root/ros2_ws/install/sensor_launch/share/sensor_launch/cmake/sensor_launchConfig.cmake
[1.122s] -- Up-to-date: /root/ros2_ws/install/sensor_launch/share/sensor_launch/cmake/sensor_launchConfig-version.cmake
[1.122s] -- Up-to-date: /root/ros2_ws/install/sensor_launch/share/sensor_launch/package.xml
[1.122s] Invoked command in '/root/ros2_ws/build/sensor_launch' returned '0': CMAKE_PREFIX_PATH=${CMAKE_PREFIX_PATH}:/root/ros2_ws/install/laser_scan_reader:/root/ros2_ws/install/boat_control:/opt/ros/humble /usr/bin/cmake --install /root/ros2_ws/build/sensor_launch
