[0.147s] Invoking command in '/root/ros2_ws/build/sllidar_ros2': CMAKE_PREFIX_PATH=${CMAKE_PREFIX_PATH}:/root/ros2_ws/install/laser_scan_reader:/root/ros2_ws/install/boat_control:/opt/ros/humble /usr/bin/cmake --build /root/ros2_ws/build/sllidar_ros2 -- -j4 -l4
[0.358s] [ 10%] Built target sllidar_client
[0.402s] [100%] Built target sllidar_node
[0.446s] Invoked command in '/root/ros2_ws/build/sllidar_ros2' returned '0': CMAKE_PREFIX_PATH=${CMAKE_PREFIX_PATH}:/root/ros2_ws/install/laser_scan_reader:/root/ros2_ws/install/boat_control:/opt/ros/humble /usr/bin/cmake --build /root/ros2_ws/build/sllidar_ros2 -- -j4 -l4
[0.467s] Invoking command in '/root/ros2_ws/build/sllidar_ros2': CMAKE_PREFIX_PATH=${CMAKE_PREFIX_PATH}:/root/ros2_ws/install/laser_scan_reader:/root/ros2_ws/install/boat_control:/opt/ros/humble /usr/bin/cmake --install /root/ros2_ws/build/sllidar_ros2
[0.491s] -- Install configuration: ""
[0.491s] -- Execute custom install script
[0.494s] [33mCMake Warning (dev) at ament_cmake_symlink_install/ament_cmake_symlink_install.cmake:62 (file):
[0.494s]   Policy CMP0009 is not set: FILE GLOB_RECURSE calls should not follow
[0.496s]   symlinks by default.  Run "cmake --help-policy CMP0009" for policy details.
[0.496s]   Use the cmake_policy command to set the policy and suppress this warning.
[0.497s] Call Stack (most recent call first):
[0.498s]   ament_cmake_symlink_install/ament_cmake_symlink_install.cmake:314 (ament_cmake_symlink_install_directory)
[0.499s]   cmake_install.cmake:46 (include)
[0.500s] This warning is for project developers.  Use -Wno-dev to suppress it.
[0.501s] [0m
[0.502s] -- Up-to-date symlink: /root/ros2_ws/install/sllidar_ros2/share/sllidar_ros2/launch/build/.built_by
[0.503s] -- Up-to-date symlink: /root/ros2_ws/install/sllidar_ros2/share/sllidar_ros2/launch/build/COLCON_IGNORE
[0.503s] -- Up-to-date symlink: /root/ros2_ws/install/sllidar_ros2/share/sllidar_ros2/launch/install/.colcon_install_layout
[0.503s] -- Up-to-date symlink: /root/ros2_ws/install/sllidar_ros2/share/sllidar_ros2/launch/install/COLCON_IGNORE
[0.503s] -- Up-to-date symlink: /root/ros2_ws/install/sllidar_ros2/share/sllidar_ros2/launch/install/_local_setup_util_ps1.py
[0.503s] -- Up-to-date symlink: /root/ros2_ws/install/sllidar_ros2/share/sllidar_ros2/launch/install/_local_setup_util_sh.py
[0.504s] -- Up-to-date symlink: /root/ros2_ws/install/sllidar_ros2/share/sllidar_ros2/launch/install/local_setup.bash
[0.504s] -- Up-to-date symlink: /root/ros2_ws/install/sllidar_ros2/share/sllidar_ros2/launch/install/local_setup.ps1
[0.504s] -- Up-to-date symlink: /root/ros2_ws/install/sllidar_ros2/share/sllidar_ros2/launch/install/local_setup.sh
[0.504s] -- Up-to-date symlink: /root/ros2_ws/install/sllidar_ros2/share/sllidar_ros2/launch/install/local_setup.zsh
[0.505s] -- Up-to-date symlink: /root/ros2_ws/install/sllidar_ros2/share/sllidar_ros2/launch/install/setup.bash
[0.505s] -- Up-to-date symlink: /root/ros2_ws/install/sllidar_ros2/share/sllidar_ros2/launch/install/setup.ps1
[0.505s] -- Up-to-date symlink: /root/ros2_ws/install/sllidar_ros2/share/sllidar_ros2/launch/install/setup.sh
[0.505s] -- Up-to-date symlink: /root/ros2_ws/install/sllidar_ros2/share/sllidar_ros2/launch/install/setup.zsh
[0.505s] -- Up-to-date symlink: /root/ros2_ws/install/sllidar_ros2/share/sllidar_ros2/launch/log/COLCON_IGNORE
[0.505s] -- Up-to-date symlink: /root/ros2_ws/install/sllidar_ros2/share/sllidar_ros2/launch/log/build_2025-08-28_15-05-17/events.log
[0.506s] -- Up-to-date symlink: /root/ros2_ws/install/sllidar_ros2/share/sllidar_ros2/launch/log/build_2025-08-28_15-05-17/logger_all.log
[0.507s] -- Up-to-date symlink: /root/ros2_ws/install/sllidar_ros2/share/sllidar_ros2/launch/log/latest/events.log
[0.507s] -- Up-to-date symlink: /root/ros2_ws/install/sllidar_ros2/share/sllidar_ros2/launch/log/latest/logger_all.log
[0.507s] -- Up-to-date symlink: /root/ros2_ws/install/sllidar_ros2/share/sllidar_ros2/launch/log/latest_build/events.log
[0.509s] -- Up-to-date symlink: /root/ros2_ws/install/sllidar_ros2/share/sllidar_ros2/launch/log/latest_build/logger_all.log
[0.509s] -- Up-to-date symlink: /root/ros2_ws/install/sllidar_ros2/share/sllidar_ros2/launch/sllidar_a1_launch.py
[0.509s] -- Up-to-date symlink: /root/ros2_ws/install/sllidar_ros2/share/sllidar_ros2/launch/sllidar_a2m12_launch .py
[0.509s] -- Up-to-date symlink: /root/ros2_ws/install/sllidar_ros2/share/sllidar_ros2/launch/sllidar_a2m7_launch.py
[0.510s] -- Up-to-date symlink: /root/ros2_ws/install/sllidar_ros2/share/sllidar_ros2/launch/sllidar_a2m8_launch.py
[0.511s] -- Up-to-date symlink: /root/ros2_ws/install/sllidar_ros2/share/sllidar_ros2/launch/sllidar_a3_launch.py
[0.512s] -- Up-to-date symlink: /root/ros2_ws/install/sllidar_ros2/share/sllidar_ros2/launch/sllidar_c1_launch.py
[0.513s] -- Up-to-date symlink: /root/ros2_ws/install/sllidar_ros2/share/sllidar_ros2/launch/sllidar_s1_launch.py
[0.514s] -- Up-to-date symlink: /root/ros2_ws/install/sllidar_ros2/share/sllidar_ros2/launch/sllidar_s1_tcp_launch.py
[0.514s] -- Up-to-date symlink: /root/ros2_ws/install/sllidar_ros2/share/sllidar_ros2/launch/sllidar_s2_launch.py
[0.514s] -- Up-to-date symlink: /root/ros2_ws/install/sllidar_ros2/share/sllidar_ros2/launch/sllidar_s2e_launch.py
[0.514s] -- Up-to-date symlink: /root/ros2_ws/install/sllidar_ros2/share/sllidar_ros2/launch/sllidar_s3_launch.py
[0.514s] -- Up-to-date symlink: /root/ros2_ws/install/sllidar_ros2/share/sllidar_ros2/launch/sllidar_t1_launch.py
[0.514s] -- Up-to-date symlink: /root/ros2_ws/install/sllidar_ros2/share/sllidar_ros2/launch/view_sllidar_a1_launch.py
[0.514s] -- Up-to-date symlink: /root/ros2_ws/install/sllidar_ros2/share/sllidar_ros2/launch/view_sllidar_a2m12_launch.py
[0.514s] -- Up-to-date symlink: /root/ros2_ws/install/sllidar_ros2/share/sllidar_ros2/launch/view_sllidar_a2m7_launch.py
[0.516s] -- Up-to-date symlink: /root/ros2_ws/install/sllidar_ros2/share/sllidar_ros2/launch/view_sllidar_a2m8_launch.py
[0.517s] -- Up-to-date symlink: /root/ros2_ws/install/sllidar_ros2/share/sllidar_ros2/launch/view_sllidar_a3_launch.py
[0.517s] -- Up-to-date symlink: /root/ros2_ws/install/sllidar_ros2/share/sllidar_ros2/launch/view_sllidar_c1_launch.py
[0.517s] -- Up-to-date symlink: /root/ros2_ws/install/sllidar_ros2/share/sllidar_ros2/launch/view_sllidar_s1_launch.py
[0.518s] -- Up-to-date symlink: /root/ros2_ws/install/sllidar_ros2/share/sllidar_ros2/launch/view_sllidar_s1_tcp_launch.py
[0.518s] -- Up-to-date symlink: /root/ros2_ws/install/sllidar_ros2/share/sllidar_ros2/launch/view_sllidar_s2_launch.py
[0.518s] -- Up-to-date symlink: /root/ros2_ws/install/sllidar_ros2/share/sllidar_ros2/launch/view_sllidar_s2e_launch.py
[0.518s] -- Up-to-date symlink: /root/ros2_ws/install/sllidar_ros2/share/sllidar_ros2/launch/view_sllidar_s3_launch.py
[0.518s] -- Up-to-date symlink: /root/ros2_ws/install/sllidar_ros2/share/sllidar_ros2/launch/view_sllidar_t1_launch.py
[0.518s] -- Up-to-date symlink: /root/ros2_ws/install/sllidar_ros2/share/sllidar_ros2/rviz/sllidar_ros2.rviz
[0.518s] -- Up-to-date symlink: /root/ros2_ws/install/sllidar_ros2/lib/sllidar_ros2/sllidar_node
[0.519s] -- Up-to-date symlink: /root/ros2_ws/install/sllidar_ros2/lib/sllidar_ros2/sllidar_client
[0.520s] -- Up-to-date symlink: /root/ros2_ws/install/sllidar_ros2/share/ament_index/resource_index/package_run_dependencies/sllidar_ros2
[0.520s] -- Up-to-date symlink: /root/ros2_ws/install/sllidar_ros2/share/ament_index/resource_index/parent_prefix_path/sllidar_ros2
[0.522s] -- Up-to-date symlink: /root/ros2_ws/install/sllidar_ros2/share/sllidar_ros2/environment/ament_prefix_path.sh
[0.522s] -- Up-to-date symlink: /root/ros2_ws/install/sllidar_ros2/share/sllidar_ros2/environment/ament_prefix_path.dsv
[0.522s] -- Up-to-date symlink: /root/ros2_ws/install/sllidar_ros2/share/sllidar_ros2/environment/path.sh
[0.522s] -- Up-to-date symlink: /root/ros2_ws/install/sllidar_ros2/share/sllidar_ros2/environment/path.dsv
[0.522s] -- Up-to-date symlink: /root/ros2_ws/install/sllidar_ros2/share/sllidar_ros2/local_setup.bash
[0.522s] -- Up-to-date symlink: /root/ros2_ws/install/sllidar_ros2/share/sllidar_ros2/local_setup.sh
[0.527s] -- Up-to-date symlink: /root/ros2_ws/install/sllidar_ros2/share/sllidar_ros2/local_setup.zsh
[0.528s] -- Up-to-date symlink: /root/ros2_ws/install/sllidar_ros2/share/sllidar_ros2/local_setup.dsv
[0.528s] -- Symlinking: /root/ros2_ws/install/sllidar_ros2/share/sllidar_ros2/package.dsv
[0.544s] -- Up-to-date symlink: /root/ros2_ws/install/sllidar_ros2/share/ament_index/resource_index/packages/sllidar_ros2
[0.544s] -- Up-to-date symlink: /root/ros2_ws/install/sllidar_ros2/share/sllidar_ros2/cmake/ament_cmake_export_dependencies-extras.cmake
[0.545s] -- Up-to-date symlink: /root/ros2_ws/install/sllidar_ros2/share/sllidar_ros2/cmake/ament_cmake_export_include_directories-extras.cmake
[0.545s] -- Up-to-date symlink: /root/ros2_ws/install/sllidar_ros2/share/sllidar_ros2/cmake/sllidar_ros2Config.cmake
[0.545s] -- Up-to-date symlink: /root/ros2_ws/install/sllidar_ros2/share/sllidar_ros2/cmake/sllidar_ros2Config-version.cmake
[0.548s] -- Up-to-date symlink: /root/ros2_ws/install/sllidar_ros2/share/sllidar_ros2/package.xml
[0.556s] Invoked command in '/root/ros2_ws/build/sllidar_ros2' returned '0': CMAKE_PREFIX_PATH=${CMAKE_PREFIX_PATH}:/root/ros2_ws/install/laser_scan_reader:/root/ros2_ws/install/boat_control:/opt/ros/humble /usr/bin/cmake --install /root/ros2_ws/build/sllidar_ros2
