[0.084s] Invoking command in '/root/ros2_ws/build/realsense2_description': CMAKE_PREFIX_PATH=/root/ros2_ws/install/realsense2_camera_msgs:/root/ros2_ws/install/sllidar_ros2:/root/ros2_ws/install/sensor_launch:/root/ros2_ws/install/realsense2_description:/root/ros2_ws/install/realsense2_camera:/root/ros2_ws/install/boat_control:/opt/ros/humble LD_LIBRARY_PATH=/root/ros2_ws/install/realsense2_camera_msgs/lib:/root/ros2_ws/install/realsense2_camera/lib:/opt/ros/humble/opt/rviz_ogre_vendor/lib:/opt/ros/humble/lib/aarch64-linux-gnu:/opt/ros/humble/lib /usr/bin/cmake --build /root/ros2_ws/build/realsense2_description -- -j4 -l4
[0.164s] Invoked command in '/root/ros2_ws/build/realsense2_description' returned '0': CMAKE_PREFIX_PATH=/root/ros2_ws/install/realsense2_camera_msgs:/root/ros2_ws/install/sllidar_ros2:/root/ros2_ws/install/sensor_launch:/root/ros2_ws/install/realsense2_description:/root/ros2_ws/install/realsense2_camera:/root/ros2_ws/install/boat_control:/opt/ros/humble LD_LIBRARY_PATH=/root/ros2_ws/install/realsense2_camera_msgs/lib:/root/ros2_ws/install/realsense2_camera/lib:/opt/ros/humble/opt/rviz_ogre_vendor/lib:/opt/ros/humble/lib/aarch64-linux-gnu:/opt/ros/humble/lib /usr/bin/cmake --build /root/ros2_ws/build/realsense2_description -- -j4 -l4
[0.172s] Invoking command in '/root/ros2_ws/build/realsense2_description': CMAKE_PREFIX_PATH=/root/ros2_ws/install/realsense2_camera_msgs:/root/ros2_ws/install/sllidar_ros2:/root/ros2_ws/install/sensor_launch:/root/ros2_ws/install/realsense2_description:/root/ros2_ws/install/realsense2_camera:/root/ros2_ws/install/boat_control:/opt/ros/humble LD_LIBRARY_PATH=/root/ros2_ws/install/realsense2_camera_msgs/lib:/root/ros2_ws/install/realsense2_camera/lib:/opt/ros/humble/opt/rviz_ogre_vendor/lib:/opt/ros/humble/lib/aarch64-linux-gnu:/opt/ros/humble/lib /usr/bin/cmake --install /root/ros2_ws/build/realsense2_description
[0.200s] -- Install configuration: ""
[0.201s] -- Up-to-date: /root/ros2_ws/install/realsense2_description/share/realsense2_description/launch
[0.285s] -- Up-to-date: /root/ros2_ws/install/realsense2_description/share/realsense2_description/launch/launch_utils.py
[0.318s] -- Up-to-date: /root/ros2_ws/install/realsense2_description/share/realsense2_description/launch/view_model.launch.py
[0.384s] -- Up-to-date: /root/ros2_ws/install/realsense2_description/share/realsense2_description/meshes
[0.392s] -- Up-to-date: /root/ros2_ws/install/realsense2_description/share/realsense2_description/meshes/d455.stl
[0.563s] -- Up-to-date: /root/ros2_ws/install/realsense2_description/share/realsense2_description/meshes/d435.dae
[1.352s] -- Up-to-date: /root/ros2_ws/install/realsense2_description/share/realsense2_description/meshes/l515.dae
[3.582s] -- Up-to-date: /root/ros2_ws/install/realsense2_description/share/realsense2_description/meshes/plug.stl
[3.624s] -- Up-to-date: /root/ros2_ws/install/realsense2_description/share/realsense2_description/meshes/d405.stl
[3.667s] -- Up-to-date: /root/ros2_ws/install/realsense2_description/share/realsense2_description/meshes/d415.stl
[5.018s] -- Up-to-date: /root/ros2_ws/install/realsense2_description/share/realsense2_description/meshes/plug_collision.stl
[5.046s] -- Up-to-date: /root/ros2_ws/install/realsense2_description/share/realsense2_description/rviz
[5.071s] -- Up-to-date: /root/ros2_ws/install/realsense2_description/share/realsense2_description/rviz/urdf.rviz
[5.094s] -- Up-to-date: /root/ros2_ws/install/realsense2_description/share/realsense2_description/urdf
[5.116s] -- Up-to-date: /root/ros2_ws/install/realsense2_description/share/realsense2_description/urdf/test_r430_camera.urdf.xacro
[5.135s] -- Up-to-date: /root/ros2_ws/install/realsense2_description/share/realsense2_description/urdf/test_d455_camera.urdf.xacro
[5.163s] -- Up-to-date: /root/ros2_ws/install/realsense2_description/share/realsense2_description/urdf/test_d405_camera.urdf.xacro
[5.185s] -- Up-to-date: /root/ros2_ws/install/realsense2_description/share/realsense2_description/urdf/_d455.urdf.xacro
[5.226s] -- Up-to-date: /root/ros2_ws/install/realsense2_description/share/realsense2_description/urdf/_d405.urdf.xacro
[5.248s] -- Up-to-date: /root/ros2_ws/install/realsense2_description/share/realsense2_description/urdf/test_d435_multiple_cameras.urdf.xacro
[5.274s] -- Up-to-date: /root/ros2_ws/install/realsense2_description/share/realsense2_description/urdf/test_r410_camera.urdf.xacro
[5.292s] -- Up-to-date: /root/ros2_ws/install/realsense2_description/share/realsense2_description/urdf/_usb_plug.urdf.xacro
[5.311s] -- Up-to-date: /root/ros2_ws/install/realsense2_description/share/realsense2_description/urdf/_d435i_imu_modules.urdf.xacro
[5.340s] -- Up-to-date: /root/ros2_ws/install/realsense2_description/share/realsense2_description/urdf/_r410.urdf.xacro
[5.367s] -- Up-to-date: /root/ros2_ws/install/realsense2_description/share/realsense2_description/urdf/test_d435_camera.urdf.xacro
[5.386s] -- Up-to-date: /root/ros2_ws/install/realsense2_description/share/realsense2_description/urdf/_materials.urdf.xacro
[5.403s] -- Up-to-date: /root/ros2_ws/install/realsense2_description/share/realsense2_description/urdf/_r430.urdf.xacro
[5.416s] -- Up-to-date: /root/ros2_ws/install/realsense2_description/share/realsense2_description/urdf/test_d415_camera.urdf.xacro
[5.437s] -- Up-to-date: /root/ros2_ws/install/realsense2_description/share/realsense2_description/urdf/_d435.urdf.xacro
[5.468s] -- Up-to-date: /root/ros2_ws/install/realsense2_description/share/realsense2_description/urdf/test_d435i_camera.urdf.xacro
[5.499s] -- Up-to-date: /root/ros2_ws/install/realsense2_description/share/realsense2_description/urdf/_d415.urdf.xacro
[5.524s] -- Up-to-date: /root/ros2_ws/install/realsense2_description/share/realsense2_description/urdf/_d435i.urdf.xacro
[5.554s] -- Up-to-date: /root/ros2_ws/install/realsense2_description/share/ament_index/resource_index/package_run_dependencies/realsense2_description
[5.626s] -- Up-to-date: /root/ros2_ws/install/realsense2_description/share/ament_index/resource_index/parent_prefix_path/realsense2_description
[5.676s] -- Up-to-date: /root/ros2_ws/install/realsense2_description/share/realsense2_description/environment/ament_prefix_path.sh
[5.787s] -- Up-to-date: /root/ros2_ws/install/realsense2_description/share/realsense2_description/environment/ament_prefix_path.dsv
[5.800s] -- Up-to-date: /root/ros2_ws/install/realsense2_description/share/realsense2_description/environment/path.sh
[5.809s] -- Up-to-date: /root/ros2_ws/install/realsense2_description/share/realsense2_description/environment/path.dsv
[5.821s] -- Up-to-date: /root/ros2_ws/install/realsense2_description/share/realsense2_description/local_setup.bash
[5.840s] -- Up-to-date: /root/ros2_ws/install/realsense2_description/share/realsense2_description/local_setup.sh
[5.856s] -- Up-to-date: /root/ros2_ws/install/realsense2_description/share/realsense2_description/local_setup.zsh
[5.867s] -- Up-to-date: /root/ros2_ws/install/realsense2_description/share/realsense2_description/local_setup.dsv
[5.883s] -- Up-to-date: /root/ros2_ws/install/realsense2_description/share/realsense2_description/package.dsv
[5.905s] -- Up-to-date: /root/ros2_ws/install/realsense2_description/share/ament_index/resource_index/packages/realsense2_description
[5.926s] -- Up-to-date: /root/ros2_ws/install/realsense2_description/share/realsense2_description/cmake/realsense2_descriptionConfig.cmake
[5.978s] -- Up-to-date: /root/ros2_ws/install/realsense2_description/share/realsense2_description/cmake/realsense2_descriptionConfig-version.cmake
[5.991s] -- Up-to-date: /root/ros2_ws/install/realsense2_description/share/realsense2_description/package.xml
[6.021s] Invoked command in '/root/ros2_ws/build/realsense2_description' returned '0': CMAKE_PREFIX_PATH=/root/ros2_ws/install/realsense2_camera_msgs:/root/ros2_ws/install/sllidar_ros2:/root/ros2_ws/install/sensor_launch:/root/ros2_ws/install/realsense2_description:/root/ros2_ws/install/realsense2_camera:/root/ros2_ws/install/boat_control:/opt/ros/humble LD_LIBRARY_PATH=/root/ros2_ws/install/realsense2_camera_msgs/lib:/root/ros2_ws/install/realsense2_camera/lib:/opt/ros/humble/opt/rviz_ogre_vendor/lib:/opt/ros/humble/lib/aarch64-linux-gnu:/opt/ros/humble/lib /usr/bin/cmake --install /root/ros2_ws/build/realsense2_description
