[1.859s] Invoking command in '/root/ros2_ws/src/laser_scan_reader': PYTHONPATH=/root/ros2_ws/build/laser_scan_reader/prefix_override:/usr/lib/python3/dist-packages/colcon_core/task/python/colcon_distutils_commands:/root/ros2_ws/install/laser_scan_reader/lib/python3.10/site-packages:${PYTHONPATH} /usr/bin/python3 -W ignore:setup.py install is deprecated -W ignore:easy_install command is deprecated setup.py egg_info --egg-base ../../build/laser_scan_reader build --build-base /root/ros2_ws/build/laser_scan_reader/build install --record /root/ros2_ws/build/laser_scan_reader/install.log --single-version-externally-managed install_data
[2.268s] running egg_info
[2.269s] writing ../../build/laser_scan_reader/laser_scan_reader.egg-info/PKG-INFO
[2.270s] writing dependency_links to ../../build/laser_scan_reader/laser_scan_reader.egg-info/dependency_links.txt
[2.271s] writing entry points to ../../build/laser_scan_reader/laser_scan_reader.egg-info/entry_points.txt
[2.272s] writing requirements to ../../build/laser_scan_reader/laser_scan_reader.egg-info/requires.txt
[2.273s] writing top-level names to ../../build/laser_scan_reader/laser_scan_reader.egg-info/top_level.txt
[2.277s] reading manifest file '../../build/laser_scan_reader/laser_scan_reader.egg-info/SOURCES.txt'
[2.278s] writing manifest file '../../build/laser_scan_reader/laser_scan_reader.egg-info/SOURCES.txt'
[2.284s] running build
[2.284s] running build_py
[2.284s] running install
[2.285s] running install_lib
[2.287s] running install_data
[2.287s] running install_egg_info
[2.297s] removing '/root/ros2_ws/install/laser_scan_reader/lib/python3.10/site-packages/laser_scan_reader-0.0.0-py3.10.egg-info' (and everything under it)
[2.298s] Copying ../../build/laser_scan_reader/laser_scan_reader.egg-info to /root/ros2_ws/install/laser_scan_reader/lib/python3.10/site-packages/laser_scan_reader-0.0.0-py3.10.egg-info
[2.300s] running install_scripts
[2.334s] Installing laser_scan_move script to /root/ros2_ws/install/laser_scan_reader/bin
[2.335s] writing list of installed files to '/root/ros2_ws/build/laser_scan_reader/install.log'
[2.473s] Invoked command in '/root/ros2_ws/src/laser_scan_reader' returned '0': PYTHONPATH=/root/ros2_ws/build/laser_scan_reader/prefix_override:/usr/lib/python3/dist-packages/colcon_core/task/python/colcon_distutils_commands:/root/ros2_ws/install/laser_scan_reader/lib/python3.10/site-packages:${PYTHONPATH} /usr/bin/python3 -W ignore:setup.py install is deprecated -W ignore:easy_install command is deprecated setup.py egg_info --egg-base ../../build/laser_scan_reader build --build-base /root/ros2_ws/build/laser_scan_reader/build install --record /root/ros2_ws/build/laser_scan_reader/install.log --single-version-externally-managed install_data
