[0.779s] Invoking command in '/root/ros2_ws/src/laser_scan_reader': PYTHONPATH=/root/ros2_ws/build/laser_scan_reader/prefix_override:/usr/lib/python3/dist-packages/colcon_core/task/python/colcon_distutils_commands:/root/ros2_ws/install/laser_scan_reader/lib/python3.10/site-packages:${PYTHONPATH} /usr/bin/python3 -W ignore:setup.py install is deprecated -W ignore:easy_install command is deprecated setup.py egg_info --egg-base ../../build/laser_scan_reader build --build-base /root/ros2_ws/build/laser_scan_reader/build install --record /root/ros2_ws/build/laser_scan_reader/install.log --single-version-externally-managed install_data
[1.052s] running egg_info
[1.053s] writing ../../build/laser_scan_reader/laser_scan_reader.egg-info/PKG-INFO
[1.054s] writing dependency_links to ../../build/laser_scan_reader/laser_scan_reader.egg-info/dependency_links.txt
[1.055s] writing entry points to ../../build/laser_scan_reader/laser_scan_reader.egg-info/entry_points.txt
[1.055s] writing requirements to ../../build/laser_scan_reader/laser_scan_reader.egg-info/requires.txt
[1.056s] writing top-level names to ../../build/laser_scan_reader/laser_scan_reader.egg-info/top_level.txt
[1.060s] reading manifest file '../../build/laser_scan_reader/laser_scan_reader.egg-info/SOURCES.txt'
[1.061s] writing manifest file '../../build/laser_scan_reader/laser_scan_reader.egg-info/SOURCES.txt'
[1.061s] running build
[1.061s] running build_py
[1.061s] copying laser_scan_reader/__init__.py -> /root/ros2_ws/build/laser_scan_reader/build/lib/laser_scan_reader
[1.061s] running install
[1.062s] running install_lib
[1.063s] copying /root/ros2_ws/build/laser_scan_reader/build/lib/laser_scan_reader/__init__.py -> /root/ros2_ws/install/laser_scan_reader/lib/python3.10/site-packages/laser_scan_reader
[1.064s] byte-compiling /root/ros2_ws/install/laser_scan_reader/lib/python3.10/site-packages/laser_scan_reader/__init__.py to __init__.cpython-310.pyc
[1.064s] running install_data
[1.064s] copying resource/laser_scan_reader -> /root/ros2_ws/install/laser_scan_reader/share/ament_index/resource_index/packages
[1.065s] copying package.xml -> /root/ros2_ws/install/laser_scan_reader/share/laser_scan_reader
[1.065s] running install_egg_info
[1.068s] removing '/root/ros2_ws/install/laser_scan_reader/lib/python3.10/site-packages/laser_scan_reader-0.0.0-py3.10.egg-info' (and everything under it)
[1.068s] Copying ../../build/laser_scan_reader/laser_scan_reader.egg-info to /root/ros2_ws/install/laser_scan_reader/lib/python3.10/site-packages/laser_scan_reader-0.0.0-py3.10.egg-info
[1.069s] running install_scripts
[1.099s] Installing laser_scan_move script to /root/ros2_ws/install/laser_scan_reader/bin
[1.100s] writing list of installed files to '/root/ros2_ws/build/laser_scan_reader/install.log'
[1.166s] Invoked command in '/root/ros2_ws/src/laser_scan_reader' returned '0': PYTHONPATH=/root/ros2_ws/build/laser_scan_reader/prefix_override:/usr/lib/python3/dist-packages/colcon_core/task/python/colcon_distutils_commands:/root/ros2_ws/install/laser_scan_reader/lib/python3.10/site-packages:${PYTHONPATH} /usr/bin/python3 -W ignore:setup.py install is deprecated -W ignore:easy_install command is deprecated setup.py egg_info --egg-base ../../build/laser_scan_reader build --build-base /root/ros2_ws/build/laser_scan_reader/build install --record /root/ros2_ws/build/laser_scan_reader/install.log --single-version-externally-managed install_data
