running egg_info
creating ../../build/laser_scan_reader/laser_scan_reader.egg-info
writing ../../build/laser_scan_reader/laser_scan_reader.egg-info/PKG-INFO
writing dependency_links to ../../build/laser_scan_reader/laser_scan_reader.egg-info/dependency_links.txt
writing entry points to ../../build/laser_scan_reader/laser_scan_reader.egg-info/entry_points.txt
writing requirements to ../../build/laser_scan_reader/laser_scan_reader.egg-info/requires.txt
writing top-level names to ../../build/laser_scan_reader/laser_scan_reader.egg-info/top_level.txt
writing manifest file '../../build/laser_scan_reader/laser_scan_reader.egg-info/SOURCES.txt'
reading manifest file '../../build/laser_scan_reader/laser_scan_reader.egg-info/SOURCES.txt'
writing manifest file '../../build/laser_scan_reader/laser_scan_reader.egg-info/SOURCES.txt'
running build
running build_py
creating /root/ros2_ws/build/laser_scan_reader/build
creating /root/ros2_ws/build/laser_scan_reader/build/lib
creating /root/ros2_ws/build/laser_scan_reader/build/lib/laser_scan_reader
copying laser_scan_reader/laser_scan_move.py -> /root/ros2_ws/build/laser_scan_reader/build/lib/laser_scan_reader
copying laser_scan_reader/__init__.py -> /root/ros2_ws/build/laser_scan_reader/build/lib/laser_scan_reader
running install
running install_lib
creating /root/ros2_ws/install/laser_scan_reader/lib/python3.10/site-packages/laser_scan_reader
copying /root/ros2_ws/build/laser_scan_reader/build/lib/laser_scan_reader/laser_scan_move.py -> /root/ros2_ws/install/laser_scan_reader/lib/python3.10/site-packages/laser_scan_reader
copying /root/ros2_ws/build/laser_scan_reader/build/lib/laser_scan_reader/__init__.py -> /root/ros2_ws/install/laser_scan_reader/lib/python3.10/site-packages/laser_scan_reader
byte-compiling /root/ros2_ws/install/laser_scan_reader/lib/python3.10/site-packages/laser_scan_reader/laser_scan_move.py to laser_scan_move.cpython-310.pyc
byte-compiling /root/ros2_ws/install/laser_scan_reader/lib/python3.10/site-packages/laser_scan_reader/__init__.py to __init__.cpython-310.pyc
running install_data
creating /root/ros2_ws/install/laser_scan_reader/share/ament_index
creating /root/ros2_ws/install/laser_scan_reader/share/ament_index/resource_index
creating /root/ros2_ws/install/laser_scan_reader/share/ament_index/resource_index/packages
copying resource/laser_scan_reader -> /root/ros2_ws/install/laser_scan_reader/share/ament_index/resource_index/packages
copying package.xml -> /root/ros2_ws/install/laser_scan_reader/share/laser_scan_reader
running install_egg_info
Copying ../../build/laser_scan_reader/laser_scan_reader.egg-info to /root/ros2_ws/install/laser_scan_reader/lib/python3.10/site-packages/laser_scan_reader-0.0.0-py3.10.egg-info
running install_scripts
Installing laser_scan_move script to /root/ros2_ws/install/laser_scan_reader/bin
writing list of installed files to '/root/ros2_ws/build/laser_scan_reader/install.log'
