[0.824s] Invoking command in '/root/ros2_ws/src/laser_scan_reader': PYTHONPATH=/root/ros2_ws/build/laser_scan_reader/prefix_override:/usr/lib/python3/dist-packages/colcon_core/task/python/colcon_distutils_commands:/root/ros2_ws/install/laser_scan_reader/lib/python3.10/site-packages:${PYTHONPATH} /usr/bin/python3 -W ignore:setup.py install is deprecated -W ignore:easy_install command is deprecated setup.py egg_info --egg-base ../../build/laser_scan_reader build --build-base /root/ros2_ws/build/laser_scan_reader/build install --record /root/ros2_ws/build/laser_scan_reader/install.log --single-version-externally-managed install_data
[1.135s] running egg_info
[1.136s] writing ../../build/laser_scan_reader/laser_scan_reader.egg-info/PKG-INFO
[1.136s] writing dependency_links to ../../build/laser_scan_reader/laser_scan_reader.egg-info/dependency_links.txt
[1.137s] writing entry points to ../../build/laser_scan_reader/laser_scan_reader.egg-info/entry_points.txt
[1.140s] writing requirements to ../../build/laser_scan_reader/laser_scan_reader.egg-info/requires.txt
[1.141s] writing top-level names to ../../build/laser_scan_reader/laser_scan_reader.egg-info/top_level.txt
[1.146s] reading manifest file '../../build/laser_scan_reader/laser_scan_reader.egg-info/SOURCES.txt'
[1.147s] writing manifest file '../../build/laser_scan_reader/laser_scan_reader.egg-info/SOURCES.txt'
[1.147s] running build
[1.147s] running build_py
[1.148s] running install
[1.148s] running install_lib
[1.150s] running install_data
[1.150s] running install_egg_info
[1.153s] removing '/root/ros2_ws/install/laser_scan_reader/lib/python3.10/site-packages/laser_scan_reader-0.0.0-py3.10.egg-info' (and everything under it)
[1.154s] Copying ../../build/laser_scan_reader/laser_scan_reader.egg-info to /root/ros2_ws/install/laser_scan_reader/lib/python3.10/site-packages/laser_scan_reader-0.0.0-py3.10.egg-info
[1.155s] running install_scripts
[1.191s] Installing laser_scan_move script to /root/ros2_ws/install/laser_scan_reader/bin
[1.191s] writing list of installed files to '/root/ros2_ws/build/laser_scan_reader/install.log'
[1.261s] Invoked command in '/root/ros2_ws/src/laser_scan_reader' returned '0': PYTHONPATH=/root/ros2_ws/build/laser_scan_reader/prefix_override:/usr/lib/python3/dist-packages/colcon_core/task/python/colcon_distutils_commands:/root/ros2_ws/install/laser_scan_reader/lib/python3.10/site-packages:${PYTHONPATH} /usr/bin/python3 -W ignore:setup.py install is deprecated -W ignore:easy_install command is deprecated setup.py egg_info --egg-base ../../build/laser_scan_reader build --build-base /root/ros2_ws/build/laser_scan_reader/build install --record /root/ros2_ws/build/laser_scan_reader/install.log --single-version-externally-managed install_data
