[1.242s] Invoking command in '/root/ros2_ws/src/boat_control': PYTHONPATH=/root/ros2_ws/build/boat_control/prefix_override:/usr/lib/python3/dist-packages/colcon_core/task/python/colcon_distutils_commands:/root/ros2_ws/install/boat_control/lib/python3.10/site-packages:${PYTHONPATH} /usr/bin/python3 -W ignore:setup.py install is deprecated -W ignore:easy_install command is deprecated setup.py egg_info --egg-base ../../build/boat_control build --build-base /root/ros2_ws/build/boat_control/build install --record /root/ros2_ws/build/boat_control/install.log --single-version-externally-managed
[1.687s] running egg_info
[1.688s] writing ../../build/boat_control/boat_control.egg-info/PKG-INFO
[1.690s] writing dependency_links to ../../build/boat_control/boat_control.egg-info/dependency_links.txt
[1.694s] writing entry points to ../../build/boat_control/boat_control.egg-info/entry_points.txt
[1.700s] writing requirements to ../../build/boat_control/boat_control.egg-info/requires.txt
[1.701s] writing top-level names to ../../build/boat_control/boat_control.egg-info/top_level.txt
[1.714s] reading manifest file '../../build/boat_control/boat_control.egg-info/SOURCES.txt'
[1.715s] writing manifest file '../../build/boat_control/boat_control.egg-info/SOURCES.txt'
[1.715s] running build
[1.716s] running build_py
[1.716s] running install
[1.717s] running install_lib
[1.725s] running install_egg_info
[1.729s] removing '/root/ros2_ws/install/boat_control/lib/python3.10/site-packages/boat_control-0.0.0-py3.10.egg-info' (and everything under it)
[1.730s] Copying ../../build/boat_control/boat_control.egg-info to /root/ros2_ws/install/boat_control/lib/python3.10/site-packages/boat_control-0.0.0-py3.10.egg-info
[1.732s] running install_scripts
[1.783s] Installing keyboard_teleop script to /root/ros2_ws/install/boat_control/bin
[1.784s] writing list of installed files to '/root/ros2_ws/build/boat_control/install.log'
[1.876s] Invoked command in '/root/ros2_ws/src/boat_control' returned '0': PYTHONPATH=/root/ros2_ws/build/boat_control/prefix_override:/usr/lib/python3/dist-packages/colcon_core/task/python/colcon_distutils_commands:/root/ros2_ws/install/boat_control/lib/python3.10/site-packages:${PYTHONPATH} /usr/bin/python3 -W ignore:setup.py install is deprecated -W ignore:easy_install command is deprecated setup.py egg_info --egg-base ../../build/boat_control build --build-base /root/ros2_ws/build/boat_control/build install --record /root/ros2_ws/build/boat_control/install.log --single-version-externally-managed
