[0.096s] Invoking command in '/root/ros2_ws/build/sllidar_ros2': CMAKE_PREFIX_PATH=${CMAKE_PREFIX_PATH}:/root/ros2_ws/install/laser_scan_reader:/root/ros2_ws/install/boat_control:/opt/ros/humble /usr/bin/cmake --build /root/ros2_ws/build/sllidar_ros2 -- -j4 -l4
[0.638s] [ 10%] Built target sllidar_client
[0.699s] [100%] Built target sllidar_node
[0.729s] Invoked command in '/root/ros2_ws/build/sllidar_ros2' returned '0': CMAKE_PREFIX_PATH=${CMAKE_PREFIX_PATH}:/root/ros2_ws/install/laser_scan_reader:/root/ros2_ws/install/boat_control:/opt/ros/humble /usr/bin/cmake --build /root/ros2_ws/build/sllidar_ros2 -- -j4 -l4
[0.785s] Invoking command in '/root/ros2_ws/build/sllidar_ros2': CMAKE_PREFIX_PATH=${CMAKE_PREFIX_PATH}:/root/ros2_ws/install/laser_scan_reader:/root/ros2_ws/install/boat_control:/opt/ros/humble /usr/bin/cmake --install /root/ros2_ws/build/sllidar_ros2
[0.805s] -- Install configuration: ""
[0.834s] -- Execute custom install script
[0.877s] [33mCMake Warning (dev) at ament_cmake_symlink_install/ament_cmake_symlink_install.cmake:62 (file):
[0.877s]   Policy CMP0009 is not set: FILE GLOB_RECURSE calls should not follow
[0.877s]   symlinks by default.  Run "cmake --help-policy CMP0009" for policy details.
[0.877s]   Use the cmake_policy command to set the policy and suppress this warning.
[0.877s] Call Stack (most recent call first):
[0.878s]   ament_cmake_symlink_install/ament_cmake_symlink_install.cmake:314 (ament_cmake_symlink_install_directory)
[0.878s]   cmake_install.cmake:46 (include)
[0.878s] This warning is for project developers.  Use -Wno-dev to suppress it.
[0.878s] [0m
[0.988s] -- Symlinking: /root/ros2_ws/install/sllidar_ros2/share/sllidar_ros2/launch/build/.built_by
[1.015s] -- Symlinking: /root/ros2_ws/install/sllidar_ros2/share/sllidar_ros2/launch/build/COLCON_IGNORE
[1.050s] -- Symlinking: /root/ros2_ws/install/sllidar_ros2/share/sllidar_ros2/launch/install/.colcon_install_layout
[1.077s] -- Symlinking: /root/ros2_ws/install/sllidar_ros2/share/sllidar_ros2/launch/install/COLCON_IGNORE
[1.102s] -- Symlinking: /root/ros2_ws/install/sllidar_ros2/share/sllidar_ros2/launch/install/_local_setup_util_ps1.py
[1.126s] -- Symlinking: /root/ros2_ws/install/sllidar_ros2/share/sllidar_ros2/launch/install/_local_setup_util_sh.py
[1.152s] -- Symlinking: /root/ros2_ws/install/sllidar_ros2/share/sllidar_ros2/launch/install/local_setup.bash
[1.212s] -- Symlinking: /root/ros2_ws/install/sllidar_ros2/share/sllidar_ros2/launch/install/local_setup.ps1
[1.256s] -- Symlinking: /root/ros2_ws/install/sllidar_ros2/share/sllidar_ros2/launch/install/local_setup.sh
[1.287s] -- Symlinking: /root/ros2_ws/install/sllidar_ros2/share/sllidar_ros2/launch/install/local_setup.zsh
[1.320s] -- Symlinking: /root/ros2_ws/install/sllidar_ros2/share/sllidar_ros2/launch/install/setup.bash
[1.347s] -- Symlinking: /root/ros2_ws/install/sllidar_ros2/share/sllidar_ros2/launch/install/setup.ps1
[1.371s] -- Symlinking: /root/ros2_ws/install/sllidar_ros2/share/sllidar_ros2/launch/install/setup.sh
[1.394s] -- Symlinking: /root/ros2_ws/install/sllidar_ros2/share/sllidar_ros2/launch/install/setup.zsh
[1.425s] -- Symlinking: /root/ros2_ws/install/sllidar_ros2/share/sllidar_ros2/launch/log/COLCON_IGNORE
[1.450s] -- Symlinking: /root/ros2_ws/install/sllidar_ros2/share/sllidar_ros2/launch/log/build_2025-08-28_15-05-17/events.log
[1.462s] -- Symlinking: /root/ros2_ws/install/sllidar_ros2/share/sllidar_ros2/launch/log/build_2025-08-28_15-05-17/logger_all.log
[1.485s] -- Symlinking: /root/ros2_ws/install/sllidar_ros2/share/sllidar_ros2/launch/log/latest/events.log
[1.504s] -- Symlinking: /root/ros2_ws/install/sllidar_ros2/share/sllidar_ros2/launch/log/latest/logger_all.log
[1.528s] -- Symlinking: /root/ros2_ws/install/sllidar_ros2/share/sllidar_ros2/launch/log/latest_build/events.log
[1.545s] -- Symlinking: /root/ros2_ws/install/sllidar_ros2/share/sllidar_ros2/launch/log/latest_build/logger_all.log
[1.568s] -- Up-to-date symlink: /root/ros2_ws/install/sllidar_ros2/share/sllidar_ros2/launch/sllidar_a1_launch.py
[1.570s] -- Up-to-date symlink: /root/ros2_ws/install/sllidar_ros2/share/sllidar_ros2/launch/sllidar_a2m12_launch .py
[1.578s] -- Up-to-date symlink: /root/ros2_ws/install/sllidar_ros2/share/sllidar_ros2/launch/sllidar_a2m7_launch.py
[1.579s] -- Up-to-date symlink: /root/ros2_ws/install/sllidar_ros2/share/sllidar_ros2/launch/sllidar_a2m8_launch.py
[1.579s] -- Up-to-date symlink: /root/ros2_ws/install/sllidar_ros2/share/sllidar_ros2/launch/sllidar_a3_launch.py
[1.579s] -- Up-to-date symlink: /root/ros2_ws/install/sllidar_ros2/share/sllidar_ros2/launch/sllidar_c1_launch.py
[1.580s] -- Up-to-date symlink: /root/ros2_ws/install/sllidar_ros2/share/sllidar_ros2/launch/sllidar_s1_launch.py
[1.593s] -- Up-to-date symlink: /root/ros2_ws/install/sllidar_ros2/share/sllidar_ros2/launch/sllidar_s1_tcp_launch.py
[1.593s] -- Up-to-date symlink: /root/ros2_ws/install/sllidar_ros2/share/sllidar_ros2/launch/sllidar_s2_launch.py
[1.593s] -- Up-to-date symlink: /root/ros2_ws/install/sllidar_ros2/share/sllidar_ros2/launch/sllidar_s2e_launch.py
[1.593s] -- Up-to-date symlink: /root/ros2_ws/install/sllidar_ros2/share/sllidar_ros2/launch/sllidar_s3_launch.py
[1.594s] -- Up-to-date symlink: /root/ros2_ws/install/sllidar_ros2/share/sllidar_ros2/launch/sllidar_t1_launch.py
[1.597s] -- Up-to-date symlink: /root/ros2_ws/install/sllidar_ros2/share/sllidar_ros2/launch/view_sllidar_a1_launch.py
[1.601s] -- Up-to-date symlink: /root/ros2_ws/install/sllidar_ros2/share/sllidar_ros2/launch/view_sllidar_a2m12_launch.py
[1.604s] -- Up-to-date symlink: /root/ros2_ws/install/sllidar_ros2/share/sllidar_ros2/launch/view_sllidar_a2m7_launch.py
[1.614s] -- Up-to-date symlink: /root/ros2_ws/install/sllidar_ros2/share/sllidar_ros2/launch/view_sllidar_a2m8_launch.py
[1.618s] -- Up-to-date symlink: /root/ros2_ws/install/sllidar_ros2/share/sllidar_ros2/launch/view_sllidar_a3_launch.py
[1.644s] -- Up-to-date symlink: /root/ros2_ws/install/sllidar_ros2/share/sllidar_ros2/launch/view_sllidar_c1_launch.py
[1.645s] -- Up-to-date symlink: /root/ros2_ws/install/sllidar_ros2/share/sllidar_ros2/launch/view_sllidar_s1_launch.py
[1.645s] -- Up-to-date symlink: /root/ros2_ws/install/sllidar_ros2/share/sllidar_ros2/launch/view_sllidar_s1_tcp_launch.py
[1.645s] -- Up-to-date symlink: /root/ros2_ws/install/sllidar_ros2/share/sllidar_ros2/launch/view_sllidar_s2_launch.py
[1.645s] -- Up-to-date symlink: /root/ros2_ws/install/sllidar_ros2/share/sllidar_ros2/launch/view_sllidar_s2e_launch.py
[1.645s] -- Up-to-date symlink: /root/ros2_ws/install/sllidar_ros2/share/sllidar_ros2/launch/view_sllidar_s3_launch.py
[1.649s] -- Up-to-date symlink: /root/ros2_ws/install/sllidar_ros2/share/sllidar_ros2/launch/view_sllidar_t1_launch.py
[1.650s] -- Up-to-date symlink: /root/ros2_ws/install/sllidar_ros2/share/sllidar_ros2/rviz/sllidar_ros2.rviz
[1.670s] -- Up-to-date symlink: /root/ros2_ws/install/sllidar_ros2/lib/sllidar_ros2/sllidar_node
[1.675s] -- Up-to-date symlink: /root/ros2_ws/install/sllidar_ros2/lib/sllidar_ros2/sllidar_client
[1.691s] -- Up-to-date symlink: /root/ros2_ws/install/sllidar_ros2/share/ament_index/resource_index/package_run_dependencies/sllidar_ros2
[1.702s] -- Up-to-date symlink: /root/ros2_ws/install/sllidar_ros2/share/ament_index/resource_index/parent_prefix_path/sllidar_ros2
[1.707s] -- Up-to-date symlink: /root/ros2_ws/install/sllidar_ros2/share/sllidar_ros2/environment/ament_prefix_path.sh
[1.708s] -- Up-to-date symlink: /root/ros2_ws/install/sllidar_ros2/share/sllidar_ros2/environment/ament_prefix_path.dsv
[1.715s] -- Up-to-date symlink: /root/ros2_ws/install/sllidar_ros2/share/sllidar_ros2/environment/path.sh
[1.715s] -- Up-to-date symlink: /root/ros2_ws/install/sllidar_ros2/share/sllidar_ros2/environment/path.dsv
[1.727s] -- Up-to-date symlink: /root/ros2_ws/install/sllidar_ros2/share/sllidar_ros2/local_setup.bash
[1.728s] -- Up-to-date symlink: /root/ros2_ws/install/sllidar_ros2/share/sllidar_ros2/local_setup.sh
[1.738s] -- Up-to-date symlink: /root/ros2_ws/install/sllidar_ros2/share/sllidar_ros2/local_setup.zsh
[1.738s] -- Up-to-date symlink: /root/ros2_ws/install/sllidar_ros2/share/sllidar_ros2/local_setup.dsv
[1.738s] -- Symlinking: /root/ros2_ws/install/sllidar_ros2/share/sllidar_ros2/package.dsv
[1.774s] -- Up-to-date symlink: /root/ros2_ws/install/sllidar_ros2/share/ament_index/resource_index/packages/sllidar_ros2
[1.780s] -- Up-to-date symlink: /root/ros2_ws/install/sllidar_ros2/share/sllidar_ros2/cmake/ament_cmake_export_dependencies-extras.cmake
[1.781s] -- Up-to-date symlink: /root/ros2_ws/install/sllidar_ros2/share/sllidar_ros2/cmake/ament_cmake_export_include_directories-extras.cmake
[1.786s] -- Up-to-date symlink: /root/ros2_ws/install/sllidar_ros2/share/sllidar_ros2/cmake/sllidar_ros2Config.cmake
[1.793s] -- Up-to-date symlink: /root/ros2_ws/install/sllidar_ros2/share/sllidar_ros2/cmake/sllidar_ros2Config-version.cmake
[1.794s] -- Up-to-date symlink: /root/ros2_ws/install/sllidar_ros2/share/sllidar_ros2/package.xml
[2.025s] Invoked command in '/root/ros2_ws/build/sllidar_ros2' returned '0': CMAKE_PREFIX_PATH=${CMAKE_PREFIX_PATH}:/root/ros2_ws/install/laser_scan_reader:/root/ros2_ws/install/boat_control:/opt/ros/humble /usr/bin/cmake --install /root/ros2_ws/build/sllidar_ros2
