[0.073s] Invoking command in '/root/ros2_ws/build/sensor_launch': CMAKE_PREFIX_PATH=${CMAKE_PREFIX_PATH}:/opt/ros/humble /usr/bin/cmake /root/ros2_ws/src/sensor_launch -DCMAKE_INSTALL_PREFIX=/root/ros2_ws/install/sensor_launch
[0.424s] -- The C compiler identification is GNU 11.4.0
[0.528s] -- The CXX compiler identification is GNU 11.4.0
[0.550s] -- Detecting C compiler ABI info
[0.733s] -- Detecting C compiler ABI info - done
[0.745s] -- Check for working C compiler: /usr/bin/cc - skipped
[0.747s] -- Detecting C compile features
[0.748s] -- Detecting C compile features - done
[0.753s] -- Detecting CXX compiler ABI info
[0.899s] -- Detecting CXX compiler ABI info - done
[0.912s] -- Check for working CXX compiler: /usr/bin/c++ - skipped
[0.913s] -- Detecting CXX compile features
[0.913s] -- Detecting CXX compile features - done
[0.925s] -- Found ament_cmake: 1.3.12 (/opt/ros/humble/share/ament_cmake/cmake)
[1.184s] -- Found Python3: /usr/bin/python3 (found version "3.10.12") found components: Interpreter 
[1.498s] -- Configuring done
[1.503s] -- Generating done
[1.510s] -- Build files have been written to: /root/ros2_ws/build/sensor_launch
[1.517s] Invoked command in '/root/ros2_ws/build/sensor_launch' returned '0': CMAKE_PREFIX_PATH=${CMAKE_PREFIX_PATH}:/opt/ros/humble /usr/bin/cmake /root/ros2_ws/src/sensor_launch -DCMAKE_INSTALL_PREFIX=/root/ros2_ws/install/sensor_launch
[1.521s] Invoking command in '/root/ros2_ws/build/sensor_launch': CMAKE_PREFIX_PATH=${CMAKE_PREFIX_PATH}:/opt/ros/humble /usr/bin/cmake --build /root/ros2_ws/build/sensor_launch -- -j4 -l4
[1.591s] Invoked command in '/root/ros2_ws/build/sensor_launch' returned '0': CMAKE_PREFIX_PATH=${CMAKE_PREFIX_PATH}:/opt/ros/humble /usr/bin/cmake --build /root/ros2_ws/build/sensor_launch -- -j4 -l4
[1.613s] Invoking command in '/root/ros2_ws/build/sensor_launch': CMAKE_PREFIX_PATH=${CMAKE_PREFIX_PATH}:/opt/ros/humble /usr/bin/cmake --install /root/ros2_ws/build/sensor_launch
[1.626s] -- Install configuration: ""
[1.626s] -- Installing: /root/ros2_ws/install/sensor_launch/share/sensor_launch//launch
[1.626s] -- Installing: /root/ros2_ws/install/sensor_launch/share/sensor_launch//launch/all_sensors.launch.py
[1.627s] -- Installing: /root/ros2_ws/install/sensor_launch/share/ament_index/resource_index/package_run_dependencies/sensor_launch
[1.627s] -- Installing: /root/ros2_ws/install/sensor_launch/share/ament_index/resource_index/parent_prefix_path/sensor_launch
[1.628s] -- Installing: /root/ros2_ws/install/sensor_launch/share/sensor_launch/environment/ament_prefix_path.sh
[1.628s] -- Installing: /root/ros2_ws/install/sensor_launch/share/sensor_launch/environment/ament_prefix_path.dsv
[1.628s] -- Installing: /root/ros2_ws/install/sensor_launch/share/sensor_launch/environment/path.sh
[1.628s] -- Installing: /root/ros2_ws/install/sensor_launch/share/sensor_launch/environment/path.dsv
[1.629s] -- Installing: /root/ros2_ws/install/sensor_launch/share/sensor_launch/local_setup.bash
[1.629s] -- Installing: /root/ros2_ws/install/sensor_launch/share/sensor_launch/local_setup.sh
[1.629s] -- Installing: /root/ros2_ws/install/sensor_launch/share/sensor_launch/local_setup.zsh
[1.630s] -- Installing: /root/ros2_ws/install/sensor_launch/share/sensor_launch/local_setup.dsv
[1.630s] -- Installing: /root/ros2_ws/install/sensor_launch/share/sensor_launch/package.dsv
[1.630s] -- Installing: /root/ros2_ws/install/sensor_launch/share/ament_index/resource_index/packages/sensor_launch
[1.631s] -- Installing: /root/ros2_ws/install/sensor_launch/share/sensor_launch/cmake/sensor_launchConfig.cmake
[1.631s] -- Installing: /root/ros2_ws/install/sensor_launch/share/sensor_launch/cmake/sensor_launchConfig-version.cmake
[1.631s] -- Installing: /root/ros2_ws/install/sensor_launch/share/sensor_launch/package.xml
[1.635s] Invoked command in '/root/ros2_ws/build/sensor_launch' returned '0': CMAKE_PREFIX_PATH=${CMAKE_PREFIX_PATH}:/opt/ros/humble /usr/bin/cmake --install /root/ros2_ws/build/sensor_launch
