[0.057s] Invoking command in '/root/ros2_ws/build/sensor_launch': CMAKE_PREFIX_PATH=${CMAKE_PREFIX_PATH}:/opt/ros/humble /usr/bin/cmake --build /root/ros2_ws/build/sensor_launch -- -j4 -l4
[0.133s] Invoked command in '/root/ros2_ws/build/sensor_launch' returned '0': CMAKE_PREFIX_PATH=${CMAKE_PREFIX_PATH}:/opt/ros/humble /usr/bin/cmake --build /root/ros2_ws/build/sensor_launch -- -j4 -l4
[0.152s] Invoking command in '/root/ros2_ws/build/sensor_launch': CMAKE_PREFIX_PATH=${CMAKE_PREFIX_PATH}:/opt/ros/humble /usr/bin/cmake --install /root/ros2_ws/build/sensor_launch
[0.166s] -- Install configuration: ""
[0.166s] -- Up-to-date: /root/ros2_ws/install/sensor_launch/share/sensor_launch//launch
[0.166s] -- Up-to-date: /root/ros2_ws/install/sensor_launch/share/sensor_launch//launch/all_sensors.launch.py
[0.166s] -- Installing: /root/ros2_ws/install/sensor_launch/share/sensor_launch//launch/all_sensors_with_rviz.launch.py
[0.167s] -- Up-to-date: /root/ros2_ws/install/sensor_launch/share/ament_index/resource_index/package_run_dependencies/sensor_launch
[0.167s] -- Up-to-date: /root/ros2_ws/install/sensor_launch/share/ament_index/resource_index/parent_prefix_path/sensor_launch
[0.167s] -- Up-to-date: /root/ros2_ws/install/sensor_launch/share/sensor_launch/environment/ament_prefix_path.sh
[0.167s] -- Up-to-date: /root/ros2_ws/install/sensor_launch/share/sensor_launch/environment/ament_prefix_path.dsv
[0.167s] -- Up-to-date: /root/ros2_ws/install/sensor_launch/share/sensor_launch/environment/path.sh
[0.167s] -- Up-to-date: /root/ros2_ws/install/sensor_launch/share/sensor_launch/environment/path.dsv
[0.167s] -- Up-to-date: /root/ros2_ws/install/sensor_launch/share/sensor_launch/local_setup.bash
[0.167s] -- Up-to-date: /root/ros2_ws/install/sensor_launch/share/sensor_launch/local_setup.sh
[0.167s] -- Up-to-date: /root/ros2_ws/install/sensor_launch/share/sensor_launch/local_setup.zsh
[0.167s] -- Up-to-date: /root/ros2_ws/install/sensor_launch/share/sensor_launch/local_setup.dsv
[0.168s] -- Up-to-date: /root/ros2_ws/install/sensor_launch/share/sensor_launch/package.dsv
[0.168s] -- Up-to-date: /root/ros2_ws/install/sensor_launch/share/ament_index/resource_index/packages/sensor_launch
[0.168s] -- Up-to-date: /root/ros2_ws/install/sensor_launch/share/sensor_launch/cmake/sensor_launchConfig.cmake
[0.168s] -- Up-to-date: /root/ros2_ws/install/sensor_launch/share/sensor_launch/cmake/sensor_launchConfig-version.cmake
[0.168s] -- Up-to-date: /root/ros2_ws/install/sensor_launch/share/sensor_launch/package.xml
[0.171s] Invoked command in '/root/ros2_ws/build/sensor_launch' returned '0': CMAKE_PREFIX_PATH=${CMAKE_PREFIX_PATH}:/opt/ros/humble /usr/bin/cmake --install /root/ros2_ws/build/sensor_launch
